This file contains any messages produced by compilers while
running configure, to aid debugging if configure makes a mistake.

It was created by JAGS-WIENER configure 1.1, which was
generated by GNU Autoconf 2.69.  Invocation command line was

  $ ./configure 

## --------- ##
## Platform. ##
## --------- ##

hostname = guest-2-00656.dhcp.unc.edu
uname -m = x86_64
uname -r = 16.6.0
uname -s = Darwin
uname -v = Darwin Kernel Version 16.6.0: Fri Apr 14 16:13:31 PDT 2017; root:xnu-3789.60.24~4/RELEASE_X86_64

/usr/bin/uname -p = i386
/bin/uname -X     = unknown

/bin/arch              = unknown
/usr/bin/arch -k       = unknown
/usr/convex/getsysinfo = unknown
/usr/bin/hostinfo      = Mach kernel version:
	 Darwin Kernel Version 16.6.0: Fri Apr 14 16:13:31 PDT 2017; root:xnu-3789.60.24~4/RELEASE_X86_64
Kernel configured for up to 8 processors.
4 processors are physically available.
8 processors are logically available.
Processor type: x86_64h (Intel x86-64h Haswell)
Processors active: 0 1 2 3 4 5 6 7
Primary memory available: 32.00 gigabytes
Default processor set: 337 tasks, 1231 threads, 8 processors
Load average: 2.83, Mach factor: 5.16
/bin/machine           = unknown
/usr/bin/oslevel       = unknown
/bin/universe          = unknown

PATH: /usr/local/bin
PATH: /usr/bin
PATH: /bin
PATH: /usr/sbin
PATH: /sbin


## ----------- ##
## Core tests. ##
## ----------- ##

configure:2424: checking build system type
configure:2438: result: x86_64-apple-darwin16.6.0
configure:2458: checking host system type
configure:2471: result: x86_64-apple-darwin16.6.0
configure:2511: checking for a BSD-compatible install
configure:2579: result: /usr/bin/install -c
configure:2590: checking whether build environment is sane
configure:2645: result: yes
configure:2796: checking for a thread-safe mkdir -p
configure:2835: result: ./install-sh -c -d
configure:2842: checking for gawk
configure:2872: result: no
configure:2842: checking for mawk
configure:2872: result: no
configure:2842: checking for nawk
configure:2872: result: no
configure:2842: checking for awk
configure:2858: found /usr/bin/awk
configure:2869: result: awk
configure:2880: checking whether make sets $(MAKE)
configure:2902: result: yes
configure:2931: checking whether make supports nested variables
configure:2948: result: yes
configure:3128: checking how to print strings
configure:3155: result: printf
configure:3188: checking for style of include used by make
configure:3216: result: GNU
configure:3287: checking for gcc
configure:3303: found /usr/bin/gcc
configure:3314: result: gcc
configure:3543: checking for C compiler version
configure:3552: gcc --version >&5
Apple LLVM version 8.1.0 (clang-802.0.42)
Target: x86_64-apple-darwin16.6.0
Thread model: posix
InstalledDir: /Library/Developer/CommandLineTools/usr/bin
Configured with: --prefix=/Library/Developer/CommandLineTools/usr --with-gxx-include-dir=/usr/include/c++/4.2.1
configure:3563: $? = 0
configure:3552: gcc -v >&5
Configured with: --prefix=/Library/Developer/CommandLineTools/usr --with-gxx-include-dir=/usr/include/c++/4.2.1
Apple LLVM version 8.1.0 (clang-802.0.42)
Target: x86_64-apple-darwin16.6.0
Thread model: posix
InstalledDir: /Library/Developer/CommandLineTools/usr/bin
configure:3563: $? = 0
configure:3552: gcc -V >&5
clang: error: argument to '-V' is missing (expected 1 value)
clang: error: no input files
configure:3563: $? = 1
configure:3552: gcc -qversion >&5
clang: error: unknown argument: '-qversion'
clang: error: no input files
configure:3563: $? = 1
configure:3583: checking whether the C compiler works
configure:3605: gcc    conftest.c  >&5
configure:3609: $? = 0
configure:3657: result: yes
configure:3660: checking for C compiler default output file name
configure:3662: result: a.out
configure:3668: checking for suffix of executables
configure:3675: gcc -o conftest    conftest.c  >&5
configure:3679: $? = 0
configure:3701: result: 
configure:3723: checking whether we are cross compiling
configure:3731: gcc -o conftest    conftest.c  >&5
configure:3735: $? = 0
configure:3742: ./conftest
configure:3746: $? = 0
configure:3761: result: no
configure:3766: checking for suffix of object files
configure:3788: gcc -c   conftest.c >&5
configure:3792: $? = 0
configure:3813: result: o
configure:3817: checking whether we are using the GNU C compiler
configure:3836: gcc -c   conftest.c >&5
configure:3836: $? = 0
configure:3845: result: yes
configure:3854: checking whether gcc accepts -g
configure:3874: gcc -c -g  conftest.c >&5
configure:3874: $? = 0
configure:3915: result: yes
configure:3932: checking for gcc option to accept ISO C89
configure:3995: gcc  -c -g -O2  conftest.c >&5
configure:3995: $? = 0
configure:4008: result: none needed
configure:4033: checking whether gcc understands -c and -o together
configure:4055: gcc -c conftest.c -o conftest2.o
configure:4058: $? = 0
configure:4055: gcc -c conftest.c -o conftest2.o
configure:4058: $? = 0
configure:4070: result: yes
configure:4089: checking dependency style of gcc
configure:4200: result: gcc3
configure:4215: checking for a sed that does not truncate output
configure:4279: result: /usr/bin/sed
configure:4297: checking for grep that handles long lines and -e
configure:4355: result: /usr/bin/grep
configure:4360: checking for egrep
configure:4422: result: /usr/bin/grep -E
configure:4427: checking for fgrep
configure:4489: result: /usr/bin/grep -F
configure:4524: checking for ld used by gcc
configure:4591: result: /Library/Developer/CommandLineTools/usr/bin/ld
configure:4598: checking if the linker (/Library/Developer/CommandLineTools/usr/bin/ld) is GNU ld
configure:4613: result: no
configure:4625: checking for BSD- or MS-compatible name lister (nm)
configure:4674: result: /usr/bin/nm -B
configure:4804: checking the name lister (/usr/bin/nm -B) interface
configure:4811: gcc -c -g -O2  conftest.c >&5
configure:4814: /usr/bin/nm -B "conftest.o"
configure:4817: output
0000000000000204 S _some_variable
configure:4824: result: BSD nm
configure:4827: checking whether ln -s works
configure:4831: result: yes
configure:4839: checking the maximum length of command line arguments
configure:4970: result: 196608
configure:4987: checking whether the shell understands some XSI constructs
configure:4997: result: yes
configure:5001: checking whether the shell understands "+="
configure:5007: result: yes
configure:5042: checking how to convert x86_64-apple-darwin16.6.0 file names to x86_64-apple-darwin16.6.0 format
configure:5082: result: func_convert_file_noop
configure:5089: checking how to convert x86_64-apple-darwin16.6.0 file names to toolchain format
configure:5109: result: func_convert_file_noop
configure:5116: checking for /Library/Developer/CommandLineTools/usr/bin/ld option to reload object files
configure:5123: result: -r
configure:5197: checking for objdump
configure:5213: found /usr/bin/objdump
configure:5224: result: objdump
configure:5253: checking how to recognize dependent libraries
configure:5451: result: pass_all
configure:5536: checking for dlltool
configure:5566: result: no
configure:5593: checking how to associate runtime and link libraries
configure:5620: result: printf %s\n
configure:5681: checking for ar
configure:5697: found /usr/bin/ar
configure:5708: result: ar
configure:5745: checking for archiver @FILE support
configure:5762: gcc -c -g -O2  conftest.c >&5
configure:5762: $? = 0
configure:5765: ar cru libconftest.a @conftest.lst >&5
ar: @conftest.lst: No such file or directory
configure:5768: $? = 1
configure:5788: result: no
configure:5846: checking for strip
configure:5862: found /usr/bin/strip
configure:5873: result: strip
configure:5945: checking for ranlib
configure:5961: found /usr/bin/ranlib
configure:5972: result: ranlib
configure:6074: checking command to parse /usr/bin/nm -B output from gcc object
configure:6194: gcc -c -g -O2  conftest.c >&5
configure:6197: $? = 0
configure:6201: /usr/bin/nm -B conftest.o \| sed -n -e 's/^.*[ ]\([BCDEGRST][BCDEGRST]*\)[ ][ ]*\([_A-Za-z][_A-Za-z0-9]*\)$/\1 \2 \2/p' | sed '/ __gnu_lto/d' \> conftest.nm
configure:6204: $? = 0
cannot find nm_test_var in conftest.nm
configure:6194: gcc -c -g -O2  conftest.c >&5
configure:6197: $? = 0
configure:6201: /usr/bin/nm -B conftest.o \| sed -n -e 's/^.*[ ]\([BCDEGRST][BCDEGRST]*\)[ ][ ]*_\([_A-Za-z][_A-Za-z0-9]*\)$/\1 _\2 \2/p' | sed '/ __gnu_lto/d' \> conftest.nm
configure:6204: $? = 0
configure:6270: gcc -o conftest -g -O2   conftest.c conftstm.o >&5
warning: (x86_64)  could not find object file symbol for symbol _main
configure:6273: $? = 0
configure:6311: result: ok
configure:6348: checking for sysroot
configure:6378: result: no
configure:6647: checking for mt
configure:6677: result: no
configure:6697: checking if : is a manifest tool
configure:6703: : '-?'
configure:6711: result: no
configure:6767: checking for dsymutil
configure:6783: found /usr/bin/dsymutil
configure:6794: result: dsymutil
configure:6859: checking for nmedit
configure:6875: found /usr/bin/nmedit
configure:6886: result: nmedit
configure:6951: checking for lipo
configure:6967: found /usr/bin/lipo
configure:6978: result: lipo
configure:7043: checking for otool
configure:7059: found /usr/bin/otool
configure:7070: result: otool
configure:7135: checking for otool64
configure:7165: result: no
configure:7210: checking for -single_module linker flag
gcc -g -O2  -o libconftest.dylib -dynamiclib -Wl,-single_module conftest.c
configure:7243: result: yes
configure:7246: checking for -exported_symbols_list linker flag
configure:7266: gcc -o conftest -g -O2   -Wl,-exported_symbols_list,conftest.sym conftest.c  >&5
configure:7266: $? = 0
configure:7276: result: yes
configure:7279: checking for -force_load linker flag
gcc -g -O2 -c -o conftest.o conftest.c
ar cru libconftest.a conftest.o
ranlib libconftest.a
gcc -g -O2  -o conftest conftest.c -Wl,-force_load,./libconftest.a
configure:7311: result: yes
configure:7353: checking how to run the C preprocessor
configure:7384: gcc -E  conftest.c
configure:7384: $? = 0
configure:7398: gcc -E  conftest.c
conftest.c:11:10: fatal error: 'ac_nonexistent.h' file not found
#include <ac_nonexistent.h>
         ^
1 error generated.
configure:7398: $? = 1
configure: failed program was:
| /* confdefs.h */
| #define PACKAGE_NAME "JAGS-WIENER"
| #define PACKAGE_TARNAME "JAGS-WIENER-MODULE"
| #define PACKAGE_VERSION "1.1"
| #define PACKAGE_STRING "JAGS-WIENER 1.1"
| #define PACKAGE_BUGREPORT "dominik.wabersich@gmail.com"
| #define PACKAGE_URL ""
| #define PACKAGE "JAGS-WIENER-MODULE"
| #define VERSION "1.1"
| /* end confdefs.h.  */
| #include <ac_nonexistent.h>
configure:7423: result: gcc -E
configure:7443: gcc -E  conftest.c
configure:7443: $? = 0
configure:7457: gcc -E  conftest.c
conftest.c:11:10: fatal error: 'ac_nonexistent.h' file not found
#include <ac_nonexistent.h>
         ^
1 error generated.
configure:7457: $? = 1
configure: failed program was:
| /* confdefs.h */
| #define PACKAGE_NAME "JAGS-WIENER"
| #define PACKAGE_TARNAME "JAGS-WIENER-MODULE"
| #define PACKAGE_VERSION "1.1"
| #define PACKAGE_STRING "JAGS-WIENER 1.1"
| #define PACKAGE_BUGREPORT "dominik.wabersich@gmail.com"
| #define PACKAGE_URL ""
| #define PACKAGE "JAGS-WIENER-MODULE"
| #define VERSION "1.1"
| /* end confdefs.h.  */
| #include <ac_nonexistent.h>
configure:7486: checking for ANSI C header files
configure:7506: gcc -c -g -O2  conftest.c >&5
configure:7506: $? = 0
configure:7579: gcc -o conftest -g -O2   conftest.c  >&5
configure:7579: $? = 0
configure:7579: ./conftest
configure:7579: $? = 0
configure:7590: result: yes
configure:7603: checking for sys/types.h
configure:7603: gcc -c -g -O2  conftest.c >&5
configure:7603: $? = 0
configure:7603: result: yes
configure:7603: checking for sys/stat.h
configure:7603: gcc -c -g -O2  conftest.c >&5
configure:7603: $? = 0
configure:7603: result: yes
configure:7603: checking for stdlib.h
configure:7603: gcc -c -g -O2  conftest.c >&5
configure:7603: $? = 0
configure:7603: result: yes
configure:7603: checking for string.h
configure:7603: gcc -c -g -O2  conftest.c >&5
configure:7603: $? = 0
configure:7603: result: yes
configure:7603: checking for memory.h
configure:7603: gcc -c -g -O2  conftest.c >&5
configure:7603: $? = 0
configure:7603: result: yes
configure:7603: checking for strings.h
configure:7603: gcc -c -g -O2  conftest.c >&5
configure:7603: $? = 0
configure:7603: result: yes
configure:7603: checking for inttypes.h
configure:7603: gcc -c -g -O2  conftest.c >&5
configure:7603: $? = 0
configure:7603: result: yes
configure:7603: checking for stdint.h
configure:7603: gcc -c -g -O2  conftest.c >&5
configure:7603: $? = 0
configure:7603: result: yes
configure:7603: checking for unistd.h
configure:7603: gcc -c -g -O2  conftest.c >&5
configure:7603: $? = 0
configure:7603: result: yes
configure:7617: checking for dlfcn.h
configure:7617: gcc -c -g -O2  conftest.c >&5
configure:7617: $? = 0
configure:7617: result: yes
configure:8119: checking for objdir
configure:8134: result: .libs
configure:8405: checking if gcc supports -fno-rtti -fno-exceptions
configure:8423: gcc -c -g -O2  -fno-rtti -fno-exceptions conftest.c >&5
configure:8427: $? = 0
configure:8440: result: yes
configure:8767: checking for gcc option to produce PIC
configure:8774: result: -fno-common -DPIC
configure:8782: checking if gcc PIC flag -fno-common -DPIC works
configure:8800: gcc -c -g -O2  -fno-common -DPIC -DPIC conftest.c >&5
configure:8804: $? = 0
configure:8817: result: yes
configure:8846: checking if gcc static flag -static works
configure:8874: result: no
configure:8889: checking if gcc supports -c -o file.o
configure:8910: gcc -c -g -O2  -o out/conftest2.o conftest.c >&5
configure:8914: $? = 0
configure:8936: result: yes
configure:8944: checking if gcc supports -c -o file.o
configure:8991: result: yes
configure:9024: checking whether the gcc linker (/Library/Developer/CommandLineTools/usr/bin/ld) supports shared libraries
configure:10181: result: yes
configure:10421: checking dynamic linker characteristics
configure:11155: result: darwin16.6.0 dyld
configure:11262: checking how to hardcode library paths into programs
configure:11287: result: immediate
configure:11332: checking for dlopen in -ldl
configure:11357: gcc -o conftest -g -O2   conftest.c -ldl   >&5
configure:11357: $? = 0
configure:11366: result: yes
configure:11581: checking whether a program can dlopen itself
configure:11661: gcc -o conftest -g -O2  -DHAVE_DLFCN_H   conftest.c -ldl  >&5
configure:11664: $? = 0
configure:11682: result: yes
configure:11687: checking whether a statically linked program can dlopen itself
configure:11767: gcc -o conftest -g -O2  -DHAVE_DLFCN_H    conftest.c -ldl  >&5
configure:11770: $? = 0
configure:11788: result: yes
configure:11827: checking whether stripping libraries is possible
configure:11841: result: yes
configure:11867: checking if libtool supports shared libraries
configure:11869: result: yes
configure:11872: checking whether to build shared libraries
configure:11893: result: yes
configure:11896: checking whether to build static libraries
configure:11900: result: no
configure:11937: checking which extension is used for runtime loadable modules
configure:11949: result: .so
configure:11966: checking which variable specifies run-time module search path
configure:11973: result: DYLD_LIBRARY_PATH
configure:11983: checking for the default library search path
configure:11990: result: /usr/local/lib /lib /usr/lib
configure:12020: checking for library containing dlopen
configure:12051: gcc -o conftest -g -O2   conftest.c  >&5
configure:12051: $? = 0
configure:12068: result: none required
configure:12158: checking for dlerror
configure:12158: gcc -o conftest -g -O2   conftest.c   >&5
configure:12158: $? = 0
configure:12158: result: yes
configure:12172: checking for shl_load
configure:12172: gcc -o conftest -g -O2   conftest.c  >&5
Undefined symbols for architecture x86_64:
  "_shl_load", referenced from:
      _main in conftest-437bd1.o
ld: symbol(s) not found for architecture x86_64
clang: error: linker command failed with exit code 1 (use -v to see invocation)
configure:12172: $? = 1
configure: failed program was:
| /* confdefs.h */
| #define PACKAGE_NAME "JAGS-WIENER"
| #define PACKAGE_TARNAME "JAGS-WIENER-MODULE"
| #define PACKAGE_VERSION "1.1"
| #define PACKAGE_STRING "JAGS-WIENER 1.1"
| #define PACKAGE_BUGREPORT "dominik.wabersich@gmail.com"
| #define PACKAGE_URL ""
| #define PACKAGE "JAGS-WIENER-MODULE"
| #define VERSION "1.1"
| #define STDC_HEADERS 1
| #define HAVE_SYS_TYPES_H 1
| #define HAVE_SYS_STAT_H 1
| #define HAVE_STDLIB_H 1
| #define HAVE_STRING_H 1
| #define HAVE_MEMORY_H 1
| #define HAVE_STRINGS_H 1
| #define HAVE_INTTYPES_H 1
| #define HAVE_STDINT_H 1
| #define HAVE_UNISTD_H 1
| #define HAVE_DLFCN_H 1
| #define LT_OBJDIR ".libs/"
| #define LT_MODULE_EXT ".so"
| #define LT_SHARED_EXT ".dylib"
| #define LT_MODULE_PATH_VAR "DYLD_LIBRARY_PATH"
| #define LT_DLSEARCH_PATH "/usr/local/lib:/lib:/usr/lib"
| #define HAVE_LIBDL 1
| #define HAVE_DLERROR 1
| /* end confdefs.h.  */
| /* Define shl_load to an innocuous variant, in case <limits.h> declares shl_load.
|    For example, HP-UX 11i <limits.h> declares gettimeofday.  */
| #define shl_load innocuous_shl_load
| 
| /* System header to define __stub macros and hopefully few prototypes,
|     which can conflict with char shl_load (); below.
|     Prefer <limits.h> to <assert.h> if __STDC__ is defined, since
|     <limits.h> exists even on freestanding compilers.  */
| 
| #ifdef __STDC__
| # include <limits.h>
| #else
| # include <assert.h>
| #endif
| 
| #undef shl_load
| 
| /* Override any GCC internal prototype to avoid an error.
|    Use char because int might match the return type of a GCC
|    builtin and then its argument prototype would still apply.  */
| #ifdef __cplusplus
| extern "C"
| #endif
| char shl_load ();
| /* The GNU C library defines this for functions which it implements
|     to always fail with ENOSYS.  Some functions are actually named
|     something starting with __ and the normal name is an alias.  */
| #if defined __stub_shl_load || defined __stub___shl_load
| choke me
| #endif
| 
| int
| main ()
| {
| return shl_load ();
|   ;
|   return 0;
| }
configure:12172: result: no
configure:12179: checking for shl_load in -ldld
configure:12204: gcc -o conftest -g -O2   conftest.c -ldld   >&5
ld: library not found for -ldld
clang: error: linker command failed with exit code 1 (use -v to see invocation)
configure:12204: $? = 1
configure: failed program was:
| /* confdefs.h */
| #define PACKAGE_NAME "JAGS-WIENER"
| #define PACKAGE_TARNAME "JAGS-WIENER-MODULE"
| #define PACKAGE_VERSION "1.1"
| #define PACKAGE_STRING "JAGS-WIENER 1.1"
| #define PACKAGE_BUGREPORT "dominik.wabersich@gmail.com"
| #define PACKAGE_URL ""
| #define PACKAGE "JAGS-WIENER-MODULE"
| #define VERSION "1.1"
| #define STDC_HEADERS 1
| #define HAVE_SYS_TYPES_H 1
| #define HAVE_SYS_STAT_H 1
| #define HAVE_STDLIB_H 1
| #define HAVE_STRING_H 1
| #define HAVE_MEMORY_H 1
| #define HAVE_STRINGS_H 1
| #define HAVE_INTTYPES_H 1
| #define HAVE_STDINT_H 1
| #define HAVE_UNISTD_H 1
| #define HAVE_DLFCN_H 1
| #define LT_OBJDIR ".libs/"
| #define LT_MODULE_EXT ".so"
| #define LT_SHARED_EXT ".dylib"
| #define LT_MODULE_PATH_VAR "DYLD_LIBRARY_PATH"
| #define LT_DLSEARCH_PATH "/usr/local/lib:/lib:/usr/lib"
| #define HAVE_LIBDL 1
| #define HAVE_DLERROR 1
| /* end confdefs.h.  */
| 
| /* Override any GCC internal prototype to avoid an error.
|    Use char because int might match the return type of a GCC
|    builtin and then its argument prototype would still apply.  */
| #ifdef __cplusplus
| extern "C"
| #endif
| char shl_load ();
| int
| main ()
| {
| return shl_load ();
|   ;
|   return 0;
| }
configure:12213: result: no
configure:12259: checking for dld_link in -ldld
configure:12284: gcc -o conftest -g -O2   conftest.c -ldld   >&5
ld: library not found for -ldld
clang: error: linker command failed with exit code 1 (use -v to see invocation)
configure:12284: $? = 1
configure: failed program was:
| /* confdefs.h */
| #define PACKAGE_NAME "JAGS-WIENER"
| #define PACKAGE_TARNAME "JAGS-WIENER-MODULE"
| #define PACKAGE_VERSION "1.1"
| #define PACKAGE_STRING "JAGS-WIENER 1.1"
| #define PACKAGE_BUGREPORT "dominik.wabersich@gmail.com"
| #define PACKAGE_URL ""
| #define PACKAGE "JAGS-WIENER-MODULE"
| #define VERSION "1.1"
| #define STDC_HEADERS 1
| #define HAVE_SYS_TYPES_H 1
| #define HAVE_SYS_STAT_H 1
| #define HAVE_STDLIB_H 1
| #define HAVE_STRING_H 1
| #define HAVE_MEMORY_H 1
| #define HAVE_STRINGS_H 1
| #define HAVE_INTTYPES_H 1
| #define HAVE_STDINT_H 1
| #define HAVE_UNISTD_H 1
| #define HAVE_DLFCN_H 1
| #define LT_OBJDIR ".libs/"
| #define LT_MODULE_EXT ".so"
| #define LT_SHARED_EXT ".dylib"
| #define LT_MODULE_PATH_VAR "DYLD_LIBRARY_PATH"
| #define LT_DLSEARCH_PATH "/usr/local/lib:/lib:/usr/lib"
| #define HAVE_LIBDL 1
| #define HAVE_DLERROR 1
| /* end confdefs.h.  */
| 
| /* Override any GCC internal prototype to avoid an error.
|    Use char because int might match the return type of a GCC
|    builtin and then its argument prototype would still apply.  */
| #ifdef __cplusplus
| extern "C"
| #endif
| char dld_link ();
| int
| main ()
| {
| return dld_link ();
|   ;
|   return 0;
| }
configure:12293: result: no
configure:12327: checking for _ prefix in compiled symbols
configure:12337: gcc -c -g -O2  conftest.c >&5
conftest.c:2:12: warning: expression result unused [-Wunused-value]
int main(){nm_test_func;return 0;}
           ^~~~~~~~~~~~
1 warning generated.
configure:12340: $? = 0
configure:12344: /usr/bin/nm -B conftest.o \| sed -n -e 's/^.*[	 ]\([BCDEGRST][BCDEGRST]*\)[	 ][	 ]*_\([_A-Za-z][_A-Za-z0-9]*\)$/\1 _\2 \2/p' | sed '/ __gnu_lto/d' \> conftest.nm
configure:12347: $? = 0
configure:12369: result: yes
configure:12377: checking whether we have to add an underscore for dlsym
configure:12460: gcc -o conftest -g -O2   conftest.c   >&5
configure:12463: $? = 0
configure:12482: result: no
configure:12493: checking whether deplibs are loaded by dlopen
configure:12587: result: yes
configure:12599: checking for argz.h
configure:12599: gcc -c -g -O2  conftest.c >&5
conftest.c:64:10: fatal error: 'argz.h' file not found
#include <argz.h>
         ^
1 error generated.
configure:12599: $? = 1
configure: failed program was:
| /* confdefs.h */
| #define PACKAGE_NAME "JAGS-WIENER"
| #define PACKAGE_TARNAME "JAGS-WIENER-MODULE"
| #define PACKAGE_VERSION "1.1"
| #define PACKAGE_STRING "JAGS-WIENER 1.1"
| #define PACKAGE_BUGREPORT "dominik.wabersich@gmail.com"
| #define PACKAGE_URL ""
| #define PACKAGE "JAGS-WIENER-MODULE"
| #define VERSION "1.1"
| #define STDC_HEADERS 1
| #define HAVE_SYS_TYPES_H 1
| #define HAVE_SYS_STAT_H 1
| #define HAVE_STDLIB_H 1
| #define HAVE_STRING_H 1
| #define HAVE_MEMORY_H 1
| #define HAVE_STRINGS_H 1
| #define HAVE_INTTYPES_H 1
| #define HAVE_STDINT_H 1
| #define HAVE_UNISTD_H 1
| #define HAVE_DLFCN_H 1
| #define LT_OBJDIR ".libs/"
| #define LT_MODULE_EXT ".so"
| #define LT_SHARED_EXT ".dylib"
| #define LT_MODULE_PATH_VAR "DYLD_LIBRARY_PATH"
| #define LT_DLSEARCH_PATH "/usr/local/lib:/lib:/usr/lib"
| #define HAVE_LIBDL 1
| #define HAVE_DLERROR 1
| #define HAVE_LIBDLLOADER 1
| /* end confdefs.h.  */
| #include <stdio.h>
| #ifdef HAVE_SYS_TYPES_H
| # include <sys/types.h>
| #endif
| #ifdef HAVE_SYS_STAT_H
| # include <sys/stat.h>
| #endif
| #ifdef STDC_HEADERS
| # include <stdlib.h>
| # include <stddef.h>
| #else
| # ifdef HAVE_STDLIB_H
| #  include <stdlib.h>
| # endif
| #endif
| #ifdef HAVE_STRING_H
| # if !defined STDC_HEADERS && defined HAVE_MEMORY_H
| #  include <memory.h>
| # endif
| # include <string.h>
| #endif
| #ifdef HAVE_STRINGS_H
| # include <strings.h>
| #endif
| #ifdef HAVE_INTTYPES_H
| # include <inttypes.h>
| #endif
| #ifdef HAVE_STDINT_H
| # include <stdint.h>
| #endif
| #ifdef HAVE_UNISTD_H
| # include <unistd.h>
| #endif
| 
| #include <argz.h>
configure:12599: result: no
configure:12611: checking for error_t
configure:12611: gcc -c -g -O2  conftest.c >&5
conftest.c:37:13: error: use of undeclared identifier 'error_t'
if (sizeof (error_t))
            ^
1 error generated.
configure:12611: $? = 1
configure: failed program was:
| /* confdefs.h */
| #define PACKAGE_NAME "JAGS-WIENER"
| #define PACKAGE_TARNAME "JAGS-WIENER-MODULE"
| #define PACKAGE_VERSION "1.1"
| #define PACKAGE_STRING "JAGS-WIENER 1.1"
| #define PACKAGE_BUGREPORT "dominik.wabersich@gmail.com"
| #define PACKAGE_URL ""
| #define PACKAGE "JAGS-WIENER-MODULE"
| #define VERSION "1.1"
| #define STDC_HEADERS 1
| #define HAVE_SYS_TYPES_H 1
| #define HAVE_SYS_STAT_H 1
| #define HAVE_STDLIB_H 1
| #define HAVE_STRING_H 1
| #define HAVE_MEMORY_H 1
| #define HAVE_STRINGS_H 1
| #define HAVE_INTTYPES_H 1
| #define HAVE_STDINT_H 1
| #define HAVE_UNISTD_H 1
| #define HAVE_DLFCN_H 1
| #define LT_OBJDIR ".libs/"
| #define LT_MODULE_EXT ".so"
| #define LT_SHARED_EXT ".dylib"
| #define LT_MODULE_PATH_VAR "DYLD_LIBRARY_PATH"
| #define LT_DLSEARCH_PATH "/usr/local/lib:/lib:/usr/lib"
| #define HAVE_LIBDL 1
| #define HAVE_DLERROR 1
| #define HAVE_LIBDLLOADER 1
| /* end confdefs.h.  */
| #if defined(HAVE_ARGZ_H)
| #  include <argz.h>
| #endif
| 
| int
| main ()
| {
| if (sizeof (error_t))
| 	 return 0;
|   ;
|   return 0;
| }
configure:12611: result: no
configure:12637: checking for argz_add
configure:12637: gcc -o conftest -g -O2   conftest.c  >&5
Undefined symbols for architecture x86_64:
  "_argz_add", referenced from:
      _main in conftest-5b41a3.o
ld: symbol(s) not found for architecture x86_64
clang: error: linker command failed with exit code 1 (use -v to see invocation)
configure:12637: $? = 1
configure: failed program was:
| /* confdefs.h */
| #define PACKAGE_NAME "JAGS-WIENER"
| #define PACKAGE_TARNAME "JAGS-WIENER-MODULE"
| #define PACKAGE_VERSION "1.1"
| #define PACKAGE_STRING "JAGS-WIENER 1.1"
| #define PACKAGE_BUGREPORT "dominik.wabersich@gmail.com"
| #define PACKAGE_URL ""
| #define PACKAGE "JAGS-WIENER-MODULE"
| #define VERSION "1.1"
| #define STDC_HEADERS 1
| #define HAVE_SYS_TYPES_H 1
| #define HAVE_SYS_STAT_H 1
| #define HAVE_STDLIB_H 1
| #define HAVE_STRING_H 1
| #define HAVE_MEMORY_H 1
| #define HAVE_STRINGS_H 1
| #define HAVE_INTTYPES_H 1
| #define HAVE_STDINT_H 1
| #define HAVE_UNISTD_H 1
| #define HAVE_DLFCN_H 1
| #define LT_OBJDIR ".libs/"
| #define LT_MODULE_EXT ".so"
| #define LT_SHARED_EXT ".dylib"
| #define LT_MODULE_PATH_VAR "DYLD_LIBRARY_PATH"
| #define LT_DLSEARCH_PATH "/usr/local/lib:/lib:/usr/lib"
| #define HAVE_LIBDL 1
| #define HAVE_DLERROR 1
| #define HAVE_LIBDLLOADER 1
| #define error_t int
| #define __error_t_defined 1
| /* end confdefs.h.  */
| /* Define argz_add to an innocuous variant, in case <limits.h> declares argz_add.
|    For example, HP-UX 11i <limits.h> declares gettimeofday.  */
| #define argz_add innocuous_argz_add
| 
| /* System header to define __stub macros and hopefully few prototypes,
|     which can conflict with char argz_add (); below.
|     Prefer <limits.h> to <assert.h> if __STDC__ is defined, since
|     <limits.h> exists even on freestanding compilers.  */
| 
| #ifdef __STDC__
| # include <limits.h>
| #else
| # include <assert.h>
| #endif
| 
| #undef argz_add
| 
| /* Override any GCC internal prototype to avoid an error.
|    Use char because int might match the return type of a GCC
|    builtin and then its argument prototype would still apply.  */
| #ifdef __cplusplus
| extern "C"
| #endif
| char argz_add ();
| /* The GNU C library defines this for functions which it implements
|     to always fail with ENOSYS.  Some functions are actually named
|     something starting with __ and the normal name is an alias.  */
| #if defined __stub_argz_add || defined __stub___argz_add
| choke me
| #endif
| 
| int
| main ()
| {
| return argz_add ();
|   ;
|   return 0;
| }
configure:12637: result: no
configure:12637: checking for argz_append
configure:12637: gcc -o conftest -g -O2   conftest.c  >&5
Undefined symbols for architecture x86_64:
  "_argz_append", referenced from:
      _main in conftest-b01f23.o
ld: symbol(s) not found for architecture x86_64
clang: error: linker command failed with exit code 1 (use -v to see invocation)
configure:12637: $? = 1
configure: failed program was:
| /* confdefs.h */
| #define PACKAGE_NAME "JAGS-WIENER"
| #define PACKAGE_TARNAME "JAGS-WIENER-MODULE"
| #define PACKAGE_VERSION "1.1"
| #define PACKAGE_STRING "JAGS-WIENER 1.1"
| #define PACKAGE_BUGREPORT "dominik.wabersich@gmail.com"
| #define PACKAGE_URL ""
| #define PACKAGE "JAGS-WIENER-MODULE"
| #define VERSION "1.1"
| #define STDC_HEADERS 1
| #define HAVE_SYS_TYPES_H 1
| #define HAVE_SYS_STAT_H 1
| #define HAVE_STDLIB_H 1
| #define HAVE_STRING_H 1
| #define HAVE_MEMORY_H 1
| #define HAVE_STRINGS_H 1
| #define HAVE_INTTYPES_H 1
| #define HAVE_STDINT_H 1
| #define HAVE_UNISTD_H 1
| #define HAVE_DLFCN_H 1
| #define LT_OBJDIR ".libs/"
| #define LT_MODULE_EXT ".so"
| #define LT_SHARED_EXT ".dylib"
| #define LT_MODULE_PATH_VAR "DYLD_LIBRARY_PATH"
| #define LT_DLSEARCH_PATH "/usr/local/lib:/lib:/usr/lib"
| #define HAVE_LIBDL 1
| #define HAVE_DLERROR 1
| #define HAVE_LIBDLLOADER 1
| #define error_t int
| #define __error_t_defined 1
| /* end confdefs.h.  */
| /* Define argz_append to an innocuous variant, in case <limits.h> declares argz_append.
|    For example, HP-UX 11i <limits.h> declares gettimeofday.  */
| #define argz_append innocuous_argz_append
| 
| /* System header to define __stub macros and hopefully few prototypes,
|     which can conflict with char argz_append (); below.
|     Prefer <limits.h> to <assert.h> if __STDC__ is defined, since
|     <limits.h> exists even on freestanding compilers.  */
| 
| #ifdef __STDC__
| # include <limits.h>
| #else
| # include <assert.h>
| #endif
| 
| #undef argz_append
| 
| /* Override any GCC internal prototype to avoid an error.
|    Use char because int might match the return type of a GCC
|    builtin and then its argument prototype would still apply.  */
| #ifdef __cplusplus
| extern "C"
| #endif
| char argz_append ();
| /* The GNU C library defines this for functions which it implements
|     to always fail with ENOSYS.  Some functions are actually named
|     something starting with __ and the normal name is an alias.  */
| #if defined __stub_argz_append || defined __stub___argz_append
| choke me
| #endif
| 
| int
| main ()
| {
| return argz_append ();
|   ;
|   return 0;
| }
configure:12637: result: no
configure:12637: checking for argz_count
configure:12637: gcc -o conftest -g -O2   conftest.c  >&5
Undefined symbols for architecture x86_64:
  "_argz_count", referenced from:
      _main in conftest-3fa59a.o
ld: symbol(s) not found for architecture x86_64
clang: error: linker command failed with exit code 1 (use -v to see invocation)
configure:12637: $? = 1
configure: failed program was:
| /* confdefs.h */
| #define PACKAGE_NAME "JAGS-WIENER"
| #define PACKAGE_TARNAME "JAGS-WIENER-MODULE"
| #define PACKAGE_VERSION "1.1"
| #define PACKAGE_STRING "JAGS-WIENER 1.1"
| #define PACKAGE_BUGREPORT "dominik.wabersich@gmail.com"
| #define PACKAGE_URL ""
| #define PACKAGE "JAGS-WIENER-MODULE"
| #define VERSION "1.1"
| #define STDC_HEADERS 1
| #define HAVE_SYS_TYPES_H 1
| #define HAVE_SYS_STAT_H 1
| #define HAVE_STDLIB_H 1
| #define HAVE_STRING_H 1
| #define HAVE_MEMORY_H 1
| #define HAVE_STRINGS_H 1
| #define HAVE_INTTYPES_H 1
| #define HAVE_STDINT_H 1
| #define HAVE_UNISTD_H 1
| #define HAVE_DLFCN_H 1
| #define LT_OBJDIR ".libs/"
| #define LT_MODULE_EXT ".so"
| #define LT_SHARED_EXT ".dylib"
| #define LT_MODULE_PATH_VAR "DYLD_LIBRARY_PATH"
| #define LT_DLSEARCH_PATH "/usr/local/lib:/lib:/usr/lib"
| #define HAVE_LIBDL 1
| #define HAVE_DLERROR 1
| #define HAVE_LIBDLLOADER 1
| #define error_t int
| #define __error_t_defined 1
| /* end confdefs.h.  */
| /* Define argz_count to an innocuous variant, in case <limits.h> declares argz_count.
|    For example, HP-UX 11i <limits.h> declares gettimeofday.  */
| #define argz_count innocuous_argz_count
| 
| /* System header to define __stub macros and hopefully few prototypes,
|     which can conflict with char argz_count (); below.
|     Prefer <limits.h> to <assert.h> if __STDC__ is defined, since
|     <limits.h> exists even on freestanding compilers.  */
| 
| #ifdef __STDC__
| # include <limits.h>
| #else
| # include <assert.h>
| #endif
| 
| #undef argz_count
| 
| /* Override any GCC internal prototype to avoid an error.
|    Use char because int might match the return type of a GCC
|    builtin and then its argument prototype would still apply.  */
| #ifdef __cplusplus
| extern "C"
| #endif
| char argz_count ();
| /* The GNU C library defines this for functions which it implements
|     to always fail with ENOSYS.  Some functions are actually named
|     something starting with __ and the normal name is an alias.  */
| #if defined __stub_argz_count || defined __stub___argz_count
| choke me
| #endif
| 
| int
| main ()
| {
| return argz_count ();
|   ;
|   return 0;
| }
configure:12637: result: no
configure:12637: checking for argz_create_sep
configure:12637: gcc -o conftest -g -O2   conftest.c  >&5
Undefined symbols for architecture x86_64:
  "_argz_create_sep", referenced from:
      _main in conftest-d4cd84.o
ld: symbol(s) not found for architecture x86_64
clang: error: linker command failed with exit code 1 (use -v to see invocation)
configure:12637: $? = 1
configure: failed program was:
| /* confdefs.h */
| #define PACKAGE_NAME "JAGS-WIENER"
| #define PACKAGE_TARNAME "JAGS-WIENER-MODULE"
| #define PACKAGE_VERSION "1.1"
| #define PACKAGE_STRING "JAGS-WIENER 1.1"
| #define PACKAGE_BUGREPORT "dominik.wabersich@gmail.com"
| #define PACKAGE_URL ""
| #define PACKAGE "JAGS-WIENER-MODULE"
| #define VERSION "1.1"
| #define STDC_HEADERS 1
| #define HAVE_SYS_TYPES_H 1
| #define HAVE_SYS_STAT_H 1
| #define HAVE_STDLIB_H 1
| #define HAVE_STRING_H 1
| #define HAVE_MEMORY_H 1
| #define HAVE_STRINGS_H 1
| #define HAVE_INTTYPES_H 1
| #define HAVE_STDINT_H 1
| #define HAVE_UNISTD_H 1
| #define HAVE_DLFCN_H 1
| #define LT_OBJDIR ".libs/"
| #define LT_MODULE_EXT ".so"
| #define LT_SHARED_EXT ".dylib"
| #define LT_MODULE_PATH_VAR "DYLD_LIBRARY_PATH"
| #define LT_DLSEARCH_PATH "/usr/local/lib:/lib:/usr/lib"
| #define HAVE_LIBDL 1
| #define HAVE_DLERROR 1
| #define HAVE_LIBDLLOADER 1
| #define error_t int
| #define __error_t_defined 1
| /* end confdefs.h.  */
| /* Define argz_create_sep to an innocuous variant, in case <limits.h> declares argz_create_sep.
|    For example, HP-UX 11i <limits.h> declares gettimeofday.  */
| #define argz_create_sep innocuous_argz_create_sep
| 
| /* System header to define __stub macros and hopefully few prototypes,
|     which can conflict with char argz_create_sep (); below.
|     Prefer <limits.h> to <assert.h> if __STDC__ is defined, since
|     <limits.h> exists even on freestanding compilers.  */
| 
| #ifdef __STDC__
| # include <limits.h>
| #else
| # include <assert.h>
| #endif
| 
| #undef argz_create_sep
| 
| /* Override any GCC internal prototype to avoid an error.
|    Use char because int might match the return type of a GCC
|    builtin and then its argument prototype would still apply.  */
| #ifdef __cplusplus
| extern "C"
| #endif
| char argz_create_sep ();
| /* The GNU C library defines this for functions which it implements
|     to always fail with ENOSYS.  Some functions are actually named
|     something starting with __ and the normal name is an alias.  */
| #if defined __stub_argz_create_sep || defined __stub___argz_create_sep
| choke me
| #endif
| 
| int
| main ()
| {
| return argz_create_sep ();
|   ;
|   return 0;
| }
configure:12637: result: no
configure:12637: checking for argz_insert
configure:12637: gcc -o conftest -g -O2   conftest.c  >&5
Undefined symbols for architecture x86_64:
  "_argz_insert", referenced from:
      _main in conftest-d1cc48.o
ld: symbol(s) not found for architecture x86_64
clang: error: linker command failed with exit code 1 (use -v to see invocation)
configure:12637: $? = 1
configure: failed program was:
| /* confdefs.h */
| #define PACKAGE_NAME "JAGS-WIENER"
| #define PACKAGE_TARNAME "JAGS-WIENER-MODULE"
| #define PACKAGE_VERSION "1.1"
| #define PACKAGE_STRING "JAGS-WIENER 1.1"
| #define PACKAGE_BUGREPORT "dominik.wabersich@gmail.com"
| #define PACKAGE_URL ""
| #define PACKAGE "JAGS-WIENER-MODULE"
| #define VERSION "1.1"
| #define STDC_HEADERS 1
| #define HAVE_SYS_TYPES_H 1
| #define HAVE_SYS_STAT_H 1
| #define HAVE_STDLIB_H 1
| #define HAVE_STRING_H 1
| #define HAVE_MEMORY_H 1
| #define HAVE_STRINGS_H 1
| #define HAVE_INTTYPES_H 1
| #define HAVE_STDINT_H 1
| #define HAVE_UNISTD_H 1
| #define HAVE_DLFCN_H 1
| #define LT_OBJDIR ".libs/"
| #define LT_MODULE_EXT ".so"
| #define LT_SHARED_EXT ".dylib"
| #define LT_MODULE_PATH_VAR "DYLD_LIBRARY_PATH"
| #define LT_DLSEARCH_PATH "/usr/local/lib:/lib:/usr/lib"
| #define HAVE_LIBDL 1
| #define HAVE_DLERROR 1
| #define HAVE_LIBDLLOADER 1
| #define error_t int
| #define __error_t_defined 1
| /* end confdefs.h.  */
| /* Define argz_insert to an innocuous variant, in case <limits.h> declares argz_insert.
|    For example, HP-UX 11i <limits.h> declares gettimeofday.  */
| #define argz_insert innocuous_argz_insert
| 
| /* System header to define __stub macros and hopefully few prototypes,
|     which can conflict with char argz_insert (); below.
|     Prefer <limits.h> to <assert.h> if __STDC__ is defined, since
|     <limits.h> exists even on freestanding compilers.  */
| 
| #ifdef __STDC__
| # include <limits.h>
| #else
| # include <assert.h>
| #endif
| 
| #undef argz_insert
| 
| /* Override any GCC internal prototype to avoid an error.
|    Use char because int might match the return type of a GCC
|    builtin and then its argument prototype would still apply.  */
| #ifdef __cplusplus
| extern "C"
| #endif
| char argz_insert ();
| /* The GNU C library defines this for functions which it implements
|     to always fail with ENOSYS.  Some functions are actually named
|     something starting with __ and the normal name is an alias.  */
| #if defined __stub_argz_insert || defined __stub___argz_insert
| choke me
| #endif
| 
| int
| main ()
| {
| return argz_insert ();
|   ;
|   return 0;
| }
configure:12637: result: no
configure:12637: checking for argz_next
configure:12637: gcc -o conftest -g -O2   conftest.c  >&5
Undefined symbols for architecture x86_64:
  "_argz_next", referenced from:
      _main in conftest-5ec481.o
ld: symbol(s) not found for architecture x86_64
clang: error: linker command failed with exit code 1 (use -v to see invocation)
configure:12637: $? = 1
configure: failed program was:
| /* confdefs.h */
| #define PACKAGE_NAME "JAGS-WIENER"
| #define PACKAGE_TARNAME "JAGS-WIENER-MODULE"
| #define PACKAGE_VERSION "1.1"
| #define PACKAGE_STRING "JAGS-WIENER 1.1"
| #define PACKAGE_BUGREPORT "dominik.wabersich@gmail.com"
| #define PACKAGE_URL ""
| #define PACKAGE "JAGS-WIENER-MODULE"
| #define VERSION "1.1"
| #define STDC_HEADERS 1
| #define HAVE_SYS_TYPES_H 1
| #define HAVE_SYS_STAT_H 1
| #define HAVE_STDLIB_H 1
| #define HAVE_STRING_H 1
| #define HAVE_MEMORY_H 1
| #define HAVE_STRINGS_H 1
| #define HAVE_INTTYPES_H 1
| #define HAVE_STDINT_H 1
| #define HAVE_UNISTD_H 1
| #define HAVE_DLFCN_H 1
| #define LT_OBJDIR ".libs/"
| #define LT_MODULE_EXT ".so"
| #define LT_SHARED_EXT ".dylib"
| #define LT_MODULE_PATH_VAR "DYLD_LIBRARY_PATH"
| #define LT_DLSEARCH_PATH "/usr/local/lib:/lib:/usr/lib"
| #define HAVE_LIBDL 1
| #define HAVE_DLERROR 1
| #define HAVE_LIBDLLOADER 1
| #define error_t int
| #define __error_t_defined 1
| /* end confdefs.h.  */
| /* Define argz_next to an innocuous variant, in case <limits.h> declares argz_next.
|    For example, HP-UX 11i <limits.h> declares gettimeofday.  */
| #define argz_next innocuous_argz_next
| 
| /* System header to define __stub macros and hopefully few prototypes,
|     which can conflict with char argz_next (); below.
|     Prefer <limits.h> to <assert.h> if __STDC__ is defined, since
|     <limits.h> exists even on freestanding compilers.  */
| 
| #ifdef __STDC__
| # include <limits.h>
| #else
| # include <assert.h>
| #endif
| 
| #undef argz_next
| 
| /* Override any GCC internal prototype to avoid an error.
|    Use char because int might match the return type of a GCC
|    builtin and then its argument prototype would still apply.  */
| #ifdef __cplusplus
| extern "C"
| #endif
| char argz_next ();
| /* The GNU C library defines this for functions which it implements
|     to always fail with ENOSYS.  Some functions are actually named
|     something starting with __ and the normal name is an alias.  */
| #if defined __stub_argz_next || defined __stub___argz_next
| choke me
| #endif
| 
| int
| main ()
| {
| return argz_next ();
|   ;
|   return 0;
| }
configure:12637: result: no
configure:12637: checking for argz_stringify
configure:12637: gcc -o conftest -g -O2   conftest.c  >&5
Undefined symbols for architecture x86_64:
  "_argz_stringify", referenced from:
      _main in conftest-69e790.o
ld: symbol(s) not found for architecture x86_64
clang: error: linker command failed with exit code 1 (use -v to see invocation)
configure:12637: $? = 1
configure: failed program was:
| /* confdefs.h */
| #define PACKAGE_NAME "JAGS-WIENER"
| #define PACKAGE_TARNAME "JAGS-WIENER-MODULE"
| #define PACKAGE_VERSION "1.1"
| #define PACKAGE_STRING "JAGS-WIENER 1.1"
| #define PACKAGE_BUGREPORT "dominik.wabersich@gmail.com"
| #define PACKAGE_URL ""
| #define PACKAGE "JAGS-WIENER-MODULE"
| #define VERSION "1.1"
| #define STDC_HEADERS 1
| #define HAVE_SYS_TYPES_H 1
| #define HAVE_SYS_STAT_H 1
| #define HAVE_STDLIB_H 1
| #define HAVE_STRING_H 1
| #define HAVE_MEMORY_H 1
| #define HAVE_STRINGS_H 1
| #define HAVE_INTTYPES_H 1
| #define HAVE_STDINT_H 1
| #define HAVE_UNISTD_H 1
| #define HAVE_DLFCN_H 1
| #define LT_OBJDIR ".libs/"
| #define LT_MODULE_EXT ".so"
| #define LT_SHARED_EXT ".dylib"
| #define LT_MODULE_PATH_VAR "DYLD_LIBRARY_PATH"
| #define LT_DLSEARCH_PATH "/usr/local/lib:/lib:/usr/lib"
| #define HAVE_LIBDL 1
| #define HAVE_DLERROR 1
| #define HAVE_LIBDLLOADER 1
| #define error_t int
| #define __error_t_defined 1
| /* end confdefs.h.  */
| /* Define argz_stringify to an innocuous variant, in case <limits.h> declares argz_stringify.
|    For example, HP-UX 11i <limits.h> declares gettimeofday.  */
| #define argz_stringify innocuous_argz_stringify
| 
| /* System header to define __stub macros and hopefully few prototypes,
|     which can conflict with char argz_stringify (); below.
|     Prefer <limits.h> to <assert.h> if __STDC__ is defined, since
|     <limits.h> exists even on freestanding compilers.  */
| 
| #ifdef __STDC__
| # include <limits.h>
| #else
| # include <assert.h>
| #endif
| 
| #undef argz_stringify
| 
| /* Override any GCC internal prototype to avoid an error.
|    Use char because int might match the return type of a GCC
|    builtin and then its argument prototype would still apply.  */
| #ifdef __cplusplus
| extern "C"
| #endif
| char argz_stringify ();
| /* The GNU C library defines this for functions which it implements
|     to always fail with ENOSYS.  Some functions are actually named
|     something starting with __ and the normal name is an alias.  */
| #if defined __stub_argz_stringify || defined __stub___argz_stringify
| choke me
| #endif
| 
| int
| main ()
| {
| return argz_stringify ();
|   ;
|   return 0;
| }
configure:12637: result: no
configure:12701: checking whether libtool supports -dlopen/-dlpreopen
configure:12713: result: yes
configure:12742: checking for ltdl.h
configure:12742: gcc -c -g -O2  conftest.c >&5
configure:12742: $? = 0
configure:12742: result: yes
configure:12746: checking whether lt_dlinterface_register is declared
configure:12746: gcc -c -g -O2  conftest.c >&5
configure:12746: $? = 0
configure:12746: result: yes
configure:12750: checking for lt_dladvise_preload in -lltdl
configure:12775: gcc -o conftest -g -O2   conftest.c -lltdl   >&5
configure:12775: $? = 0
configure:12784: result: yes
configure:12879: checking where to find libltdl headers
configure:12881: result: 
configure:12883: checking where to find libltdl library
configure:12885: result: -lltdl
configure:12933: checking for unistd.h
configure:12933: result: yes
configure:12933: checking for dl.h
configure:12933: gcc -c -g -O2  conftest.c >&5
conftest.c:69:10: fatal error: 'dl.h' file not found
#include <dl.h>
         ^
1 error generated.
configure:12933: $? = 1
configure: failed program was:
| /* confdefs.h */
| #define PACKAGE_NAME "JAGS-WIENER"
| #define PACKAGE_TARNAME "JAGS-WIENER-MODULE"
| #define PACKAGE_VERSION "1.1"
| #define PACKAGE_STRING "JAGS-WIENER 1.1"
| #define PACKAGE_BUGREPORT "dominik.wabersich@gmail.com"
| #define PACKAGE_URL ""
| #define PACKAGE "JAGS-WIENER-MODULE"
| #define VERSION "1.1"
| #define STDC_HEADERS 1
| #define HAVE_SYS_TYPES_H 1
| #define HAVE_SYS_STAT_H 1
| #define HAVE_STDLIB_H 1
| #define HAVE_STRING_H 1
| #define HAVE_MEMORY_H 1
| #define HAVE_STRINGS_H 1
| #define HAVE_INTTYPES_H 1
| #define HAVE_STDINT_H 1
| #define HAVE_UNISTD_H 1
| #define HAVE_DLFCN_H 1
| #define LT_OBJDIR ".libs/"
| #define LT_MODULE_EXT ".so"
| #define LT_SHARED_EXT ".dylib"
| #define LT_MODULE_PATH_VAR "DYLD_LIBRARY_PATH"
| #define LT_DLSEARCH_PATH "/usr/local/lib:/lib:/usr/lib"
| #define HAVE_LIBDL 1
| #define HAVE_DLERROR 1
| #define HAVE_LIBDLLOADER 1
| #define error_t int
| #define __error_t_defined 1
| #define HAVE_PRELOADED_SYMBOLS 1
| #define HAVE_LTDL 1
| #define HAVE_UNISTD_H 1
| /* end confdefs.h.  */
| #include <stdio.h>
| #ifdef HAVE_SYS_TYPES_H
| # include <sys/types.h>
| #endif
| #ifdef HAVE_SYS_STAT_H
| # include <sys/stat.h>
| #endif
| #ifdef STDC_HEADERS
| # include <stdlib.h>
| # include <stddef.h>
| #else
| # ifdef HAVE_STDLIB_H
| #  include <stdlib.h>
| # endif
| #endif
| #ifdef HAVE_STRING_H
| # if !defined STDC_HEADERS && defined HAVE_MEMORY_H
| #  include <memory.h>
| # endif
| # include <string.h>
| #endif
| #ifdef HAVE_STRINGS_H
| # include <strings.h>
| #endif
| #ifdef HAVE_INTTYPES_H
| # include <inttypes.h>
| #endif
| #ifdef HAVE_STDINT_H
| # include <stdint.h>
| #endif
| #ifdef HAVE_UNISTD_H
| # include <unistd.h>
| #endif
| 
| #include <dl.h>
configure:12933: result: no
configure:12933: checking for sys/dl.h
configure:12933: gcc -c -g -O2  conftest.c >&5
conftest.c:69:10: fatal error: 'sys/dl.h' file not found
#include <sys/dl.h>
         ^
1 error generated.
configure:12933: $? = 1
configure: failed program was:
| /* confdefs.h */
| #define PACKAGE_NAME "JAGS-WIENER"
| #define PACKAGE_TARNAME "JAGS-WIENER-MODULE"
| #define PACKAGE_VERSION "1.1"
| #define PACKAGE_STRING "JAGS-WIENER 1.1"
| #define PACKAGE_BUGREPORT "dominik.wabersich@gmail.com"
| #define PACKAGE_URL ""
| #define PACKAGE "JAGS-WIENER-MODULE"
| #define VERSION "1.1"
| #define STDC_HEADERS 1
| #define HAVE_SYS_TYPES_H 1
| #define HAVE_SYS_STAT_H 1
| #define HAVE_STDLIB_H 1
| #define HAVE_STRING_H 1
| #define HAVE_MEMORY_H 1
| #define HAVE_STRINGS_H 1
| #define HAVE_INTTYPES_H 1
| #define HAVE_STDINT_H 1
| #define HAVE_UNISTD_H 1
| #define HAVE_DLFCN_H 1
| #define LT_OBJDIR ".libs/"
| #define LT_MODULE_EXT ".so"
| #define LT_SHARED_EXT ".dylib"
| #define LT_MODULE_PATH_VAR "DYLD_LIBRARY_PATH"
| #define LT_DLSEARCH_PATH "/usr/local/lib:/lib:/usr/lib"
| #define HAVE_LIBDL 1
| #define HAVE_DLERROR 1
| #define HAVE_LIBDLLOADER 1
| #define error_t int
| #define __error_t_defined 1
| #define HAVE_PRELOADED_SYMBOLS 1
| #define HAVE_LTDL 1
| #define HAVE_UNISTD_H 1
| /* end confdefs.h.  */
| #include <stdio.h>
| #ifdef HAVE_SYS_TYPES_H
| # include <sys/types.h>
| #endif
| #ifdef HAVE_SYS_STAT_H
| # include <sys/stat.h>
| #endif
| #ifdef STDC_HEADERS
| # include <stdlib.h>
| # include <stddef.h>
| #else
| # ifdef HAVE_STDLIB_H
| #  include <stdlib.h>
| # endif
| #endif
| #ifdef HAVE_STRING_H
| # if !defined STDC_HEADERS && defined HAVE_MEMORY_H
| #  include <memory.h>
| # endif
| # include <string.h>
| #endif
| #ifdef HAVE_STRINGS_H
| # include <strings.h>
| #endif
| #ifdef HAVE_INTTYPES_H
| # include <inttypes.h>
| #endif
| #ifdef HAVE_STDINT_H
| # include <stdint.h>
| #endif
| #ifdef HAVE_UNISTD_H
| # include <unistd.h>
| #endif
| 
| #include <sys/dl.h>
configure:12933: result: no
configure:12933: checking for dld.h
configure:12933: gcc -c -g -O2  conftest.c >&5
conftest.c:69:10: fatal error: 'dld.h' file not found
#include <dld.h>
         ^
1 error generated.
configure:12933: $? = 1
configure: failed program was:
| /* confdefs.h */
| #define PACKAGE_NAME "JAGS-WIENER"
| #define PACKAGE_TARNAME "JAGS-WIENER-MODULE"
| #define PACKAGE_VERSION "1.1"
| #define PACKAGE_STRING "JAGS-WIENER 1.1"
| #define PACKAGE_BUGREPORT "dominik.wabersich@gmail.com"
| #define PACKAGE_URL ""
| #define PACKAGE "JAGS-WIENER-MODULE"
| #define VERSION "1.1"
| #define STDC_HEADERS 1
| #define HAVE_SYS_TYPES_H 1
| #define HAVE_SYS_STAT_H 1
| #define HAVE_STDLIB_H 1
| #define HAVE_STRING_H 1
| #define HAVE_MEMORY_H 1
| #define HAVE_STRINGS_H 1
| #define HAVE_INTTYPES_H 1
| #define HAVE_STDINT_H 1
| #define HAVE_UNISTD_H 1
| #define HAVE_DLFCN_H 1
| #define LT_OBJDIR ".libs/"
| #define LT_MODULE_EXT ".so"
| #define LT_SHARED_EXT ".dylib"
| #define LT_MODULE_PATH_VAR "DYLD_LIBRARY_PATH"
| #define LT_DLSEARCH_PATH "/usr/local/lib:/lib:/usr/lib"
| #define HAVE_LIBDL 1
| #define HAVE_DLERROR 1
| #define HAVE_LIBDLLOADER 1
| #define error_t int
| #define __error_t_defined 1
| #define HAVE_PRELOADED_SYMBOLS 1
| #define HAVE_LTDL 1
| #define HAVE_UNISTD_H 1
| /* end confdefs.h.  */
| #include <stdio.h>
| #ifdef HAVE_SYS_TYPES_H
| # include <sys/types.h>
| #endif
| #ifdef HAVE_SYS_STAT_H
| # include <sys/stat.h>
| #endif
| #ifdef STDC_HEADERS
| # include <stdlib.h>
| # include <stddef.h>
| #else
| # ifdef HAVE_STDLIB_H
| #  include <stdlib.h>
| # endif
| #endif
| #ifdef HAVE_STRING_H
| # if !defined STDC_HEADERS && defined HAVE_MEMORY_H
| #  include <memory.h>
| # endif
| # include <string.h>
| #endif
| #ifdef HAVE_STRINGS_H
| # include <strings.h>
| #endif
| #ifdef HAVE_INTTYPES_H
| # include <inttypes.h>
| #endif
| #ifdef HAVE_STDINT_H
| # include <stdint.h>
| #endif
| #ifdef HAVE_UNISTD_H
| # include <unistd.h>
| #endif
| 
| #include <dld.h>
configure:12933: result: no
configure:12933: checking for mach-o/dyld.h
configure:12933: gcc -c -g -O2  conftest.c >&5
configure:12933: $? = 0
configure:12933: result: yes
configure:12933: checking for dirent.h
configure:12933: gcc -c -g -O2  conftest.c >&5
configure:12933: $? = 0
configure:12933: result: yes
configure:12948: checking for closedir
configure:12948: gcc -o conftest -g -O2   conftest.c  >&5
configure:12948: $? = 0
configure:12948: result: yes
configure:12948: checking for opendir
configure:12948: gcc -o conftest -g -O2   conftest.c  >&5
configure:12948: $? = 0
configure:12948: result: yes
configure:12948: checking for readdir
configure:12948: gcc -o conftest -g -O2   conftest.c  >&5
configure:12948: $? = 0
configure:12948: result: yes
configure:12965: checking for strlcat
configure:12965: gcc -o conftest -g -O2   conftest.c  >&5
conftest.c:63:6: warning: incompatible redeclaration of library function 'strlcat' [-Wincompatible-library-redeclaration]
char strlcat ();
     ^
conftest.c:63:6: note: 'strlcat' is a builtin with type 'unsigned long (char *, const char *, unsigned long)'
1 warning generated.
configure:12965: $? = 0
configure:12965: result: yes
configure:12965: checking for strlcpy
configure:12965: gcc -o conftest -g -O2   conftest.c  >&5
conftest.c:64:6: warning: incompatible redeclaration of library function 'strlcpy' [-Wincompatible-library-redeclaration]
char strlcpy ();
     ^
conftest.c:64:6: note: 'strlcpy' is a builtin with type 'unsigned long (char *, const char *, unsigned long)'
1 warning generated.
configure:12965: $? = 0
configure:12965: result: yes
configure:13066: checking for g++
configure:13082: found /usr/bin/g++
configure:13093: result: g++
configure:13120: checking for C++ compiler version
configure:13129: g++ --version >&5
Apple LLVM version 8.1.0 (clang-802.0.42)
Target: x86_64-apple-darwin16.6.0
Thread model: posix
InstalledDir: /Library/Developer/CommandLineTools/usr/bin
Configured with: --prefix=/Library/Developer/CommandLineTools/usr --with-gxx-include-dir=/usr/include/c++/4.2.1
configure:13140: $? = 0
configure:13129: g++ -v >&5
Configured with: --prefix=/Library/Developer/CommandLineTools/usr --with-gxx-include-dir=/usr/include/c++/4.2.1
Apple LLVM version 8.1.0 (clang-802.0.42)
Target: x86_64-apple-darwin16.6.0
Thread model: posix
InstalledDir: /Library/Developer/CommandLineTools/usr/bin
configure:13140: $? = 0
configure:13129: g++ -V >&5
clang: error: argument to '-V' is missing (expected 1 value)
clang: error: no input files
configure:13140: $? = 1
configure:13129: g++ -qversion >&5
clang: error: unknown argument: '-qversion'
clang: error: no input files
configure:13140: $? = 1
configure:13144: checking whether we are using the GNU C++ compiler
configure:13163: g++ -c   conftest.cpp >&5
configure:13163: $? = 0
configure:13172: result: yes
configure:13181: checking whether g++ accepts -g
configure:13201: g++ -c -g  conftest.cpp >&5
configure:13201: $? = 0
configure:13242: result: yes
configure:13267: checking dependency style of g++
configure:13378: result: gcc3
configure:13411: checking how to run the C++ preprocessor
configure:13438: g++ -E  conftest.cpp
configure:13438: $? = 0
configure:13452: g++ -E  conftest.cpp
conftest.cpp:44:10: fatal error: 'ac_nonexistent.h' file not found
#include <ac_nonexistent.h>
         ^
1 error generated.
configure:13452: $? = 1
configure: failed program was:
| /* confdefs.h */
| #define PACKAGE_NAME "JAGS-WIENER"
| #define PACKAGE_TARNAME "JAGS-WIENER-MODULE"
| #define PACKAGE_VERSION "1.1"
| #define PACKAGE_STRING "JAGS-WIENER 1.1"
| #define PACKAGE_BUGREPORT "dominik.wabersich@gmail.com"
| #define PACKAGE_URL ""
| #define PACKAGE "JAGS-WIENER-MODULE"
| #define VERSION "1.1"
| #define STDC_HEADERS 1
| #define HAVE_SYS_TYPES_H 1
| #define HAVE_SYS_STAT_H 1
| #define HAVE_STDLIB_H 1
| #define HAVE_STRING_H 1
| #define HAVE_MEMORY_H 1
| #define HAVE_STRINGS_H 1
| #define HAVE_INTTYPES_H 1
| #define HAVE_STDINT_H 1
| #define HAVE_UNISTD_H 1
| #define HAVE_DLFCN_H 1
| #define LT_OBJDIR ".libs/"
| #define LT_MODULE_EXT ".so"
| #define LT_SHARED_EXT ".dylib"
| #define LT_MODULE_PATH_VAR "DYLD_LIBRARY_PATH"
| #define LT_DLSEARCH_PATH "/usr/local/lib:/lib:/usr/lib"
| #define HAVE_LIBDL 1
| #define HAVE_DLERROR 1
| #define HAVE_LIBDLLOADER 1
| #define error_t int
| #define __error_t_defined 1
| #define HAVE_PRELOADED_SYMBOLS 1
| #define HAVE_LTDL 1
| #define HAVE_UNISTD_H 1
| #define HAVE_MACH_O_DYLD_H 1
| #define HAVE_DIRENT_H 1
| #define HAVE_CLOSEDIR 1
| #define HAVE_OPENDIR 1
| #define HAVE_READDIR 1
| #define HAVE_STRLCAT 1
| #define HAVE_STRLCPY 1
| #define LT_LIBEXT "a"
| #define LT_LIBPREFIX "lib"
| /* end confdefs.h.  */
| #include <ac_nonexistent.h>
configure:13477: result: g++ -E
configure:13497: g++ -E  conftest.cpp
configure:13497: $? = 0
configure:13511: g++ -E  conftest.cpp
conftest.cpp:44:10: fatal error: 'ac_nonexistent.h' file not found
#include <ac_nonexistent.h>
         ^
1 error generated.
configure:13511: $? = 1
configure: failed program was:
| /* confdefs.h */
| #define PACKAGE_NAME "JAGS-WIENER"
| #define PACKAGE_TARNAME "JAGS-WIENER-MODULE"
| #define PACKAGE_VERSION "1.1"
| #define PACKAGE_STRING "JAGS-WIENER 1.1"
| #define PACKAGE_BUGREPORT "dominik.wabersich@gmail.com"
| #define PACKAGE_URL ""
| #define PACKAGE "JAGS-WIENER-MODULE"
| #define VERSION "1.1"
| #define STDC_HEADERS 1
| #define HAVE_SYS_TYPES_H 1
| #define HAVE_SYS_STAT_H 1
| #define HAVE_STDLIB_H 1
| #define HAVE_STRING_H 1
| #define HAVE_MEMORY_H 1
| #define HAVE_STRINGS_H 1
| #define HAVE_INTTYPES_H 1
| #define HAVE_STDINT_H 1
| #define HAVE_UNISTD_H 1
| #define HAVE_DLFCN_H 1
| #define LT_OBJDIR ".libs/"
| #define LT_MODULE_EXT ".so"
| #define LT_SHARED_EXT ".dylib"
| #define LT_MODULE_PATH_VAR "DYLD_LIBRARY_PATH"
| #define LT_DLSEARCH_PATH "/usr/local/lib:/lib:/usr/lib"
| #define HAVE_LIBDL 1
| #define HAVE_DLERROR 1
| #define HAVE_LIBDLLOADER 1
| #define error_t int
| #define __error_t_defined 1
| #define HAVE_PRELOADED_SYMBOLS 1
| #define HAVE_LTDL 1
| #define HAVE_UNISTD_H 1
| #define HAVE_MACH_O_DYLD_H 1
| #define HAVE_DIRENT_H 1
| #define HAVE_CLOSEDIR 1
| #define HAVE_OPENDIR 1
| #define HAVE_READDIR 1
| #define HAVE_STRLCAT 1
| #define HAVE_STRLCPY 1
| #define LT_LIBEXT "a"
| #define LT_LIBPREFIX "lib"
| /* end confdefs.h.  */
| #include <ac_nonexistent.h>
configure:13680: checking for ld used by g++
configure:13747: result: /Library/Developer/CommandLineTools/usr/bin/ld
configure:13754: checking if the linker (/Library/Developer/CommandLineTools/usr/bin/ld) is GNU ld
configure:13769: result: no
configure:13824: checking whether the g++ linker (/Library/Developer/CommandLineTools/usr/bin/ld) supports shared libraries
configure:14826: result: yes
configure:14862: g++ -c -g -O2  conftest.cpp >&5
configure:14865: $? = 0
configure:15385: checking for g++ option to produce PIC
configure:15392: result: -fno-common -DPIC
configure:15400: checking if g++ PIC flag -fno-common -DPIC works
configure:15418: g++ -c -g -O2  -fno-common -DPIC -DPIC conftest.cpp >&5
configure:15422: $? = 0
configure:15435: result: yes
configure:15458: checking if g++ static flag -static works
configure:15486: result: no
configure:15498: checking if g++ supports -c -o file.o
configure:15519: g++ -c -g -O2  -o out/conftest2.o conftest.cpp >&5
configure:15523: $? = 0
configure:15545: result: yes
configure:15550: checking if g++ supports -c -o file.o
configure:15597: result: yes
configure:15627: checking whether the g++ linker (/Library/Developer/CommandLineTools/usr/bin/ld) supports shared libraries
configure:15666: result: yes
configure:15807: checking dynamic linker characteristics
configure:16475: result: darwin16.6.0 dyld
configure:16528: checking how to hardcode library paths into programs
configure:16553: result: immediate
configure:16727: checking that generated files are newer than configure
configure:16733: result: done
configure:16789: creating ./config.status

## ---------------------- ##
## Running config.status. ##
## ---------------------- ##

This file was extended by JAGS-WIENER config.status 1.1, which was
generated by GNU Autoconf 2.69.  Invocation command line was

  CONFIG_FILES    = 
  CONFIG_HEADERS  = 
  CONFIG_LINKS    = 
  CONFIG_COMMANDS = 
  $ ./config.status 

on guest-2-00656.dhcp.unc.edu

config.status:1195: creating Makefile
config.status:1195: creating m4/Makefile
config.status:1195: creating libltdl/Makefile
config.status:1195: creating src/Makefile
config.status:1195: creating src/distributions/Makefile
config.status:1195: creating src/functions/Makefile
config.status:1195: creating win/Makefile
config.status:1195: creating config.h
config.status:1424: executing depfiles commands
config.status:1424: executing libtool commands

## ---------------- ##
## Cache variables. ##
## ---------------- ##

ac_cv_build=x86_64-apple-darwin16.6.0
ac_cv_c_compiler_gnu=yes
ac_cv_cxx_compiler_gnu=yes
ac_cv_env_CCC_set=
ac_cv_env_CCC_value=
ac_cv_env_CC_set=
ac_cv_env_CC_value=
ac_cv_env_CFLAGS_set=
ac_cv_env_CFLAGS_value=
ac_cv_env_CPPFLAGS_set=
ac_cv_env_CPPFLAGS_value=
ac_cv_env_CPP_set=
ac_cv_env_CPP_value=
ac_cv_env_CXXCPP_set=
ac_cv_env_CXXCPP_value=
ac_cv_env_CXXFLAGS_set=
ac_cv_env_CXXFLAGS_value=
ac_cv_env_CXX_set=
ac_cv_env_CXX_value=
ac_cv_env_LDFLAGS_set=
ac_cv_env_LDFLAGS_value=
ac_cv_env_LIBS_set=
ac_cv_env_LIBS_value=
ac_cv_env_build_alias_set=
ac_cv_env_build_alias_value=
ac_cv_env_host_alias_set=
ac_cv_env_host_alias_value=
ac_cv_env_target_alias_set=
ac_cv_env_target_alias_value=
ac_cv_func_argz_add=no
ac_cv_func_argz_append=no
ac_cv_func_argz_count=no
ac_cv_func_argz_create_sep=no
ac_cv_func_argz_insert=no
ac_cv_func_argz_next=no
ac_cv_func_argz_stringify=no
ac_cv_func_closedir=yes
ac_cv_func_dlerror=yes
ac_cv_func_opendir=yes
ac_cv_func_readdir=yes
ac_cv_func_shl_load=no
ac_cv_func_strlcat=yes
ac_cv_func_strlcpy=yes
ac_cv_have_decl_lt_dlinterface_register=yes
ac_cv_header_argz_h=no
ac_cv_header_dirent_h=yes
ac_cv_header_dl_h=no
ac_cv_header_dld_h=no
ac_cv_header_dlfcn_h=yes
ac_cv_header_inttypes_h=yes
ac_cv_header_ltdl_h=yes
ac_cv_header_mach_o_dyld_h=yes
ac_cv_header_memory_h=yes
ac_cv_header_stdc=yes
ac_cv_header_stdint_h=yes
ac_cv_header_stdlib_h=yes
ac_cv_header_string_h=yes
ac_cv_header_strings_h=yes
ac_cv_header_sys_dl_h=no
ac_cv_header_sys_stat_h=yes
ac_cv_header_sys_types_h=yes
ac_cv_header_unistd_h=yes
ac_cv_host=x86_64-apple-darwin16.6.0
ac_cv_lib_dl_dlopen=yes
ac_cv_lib_dld_dld_link=no
ac_cv_lib_dld_shl_load=no
ac_cv_lib_ltdl_lt_dladvise_preload=yes
ac_cv_objext=o
ac_cv_path_EGREP='/usr/bin/grep -E'
ac_cv_path_FGREP='/usr/bin/grep -F'
ac_cv_path_GREP=/usr/bin/grep
ac_cv_path_SED=/usr/bin/sed
ac_cv_path_install='/usr/bin/install -c'
ac_cv_prog_AWK=awk
ac_cv_prog_CPP='gcc -E'
ac_cv_prog_CXXCPP='g++ -E'
ac_cv_prog_ac_ct_AR=ar
ac_cv_prog_ac_ct_CC=gcc
ac_cv_prog_ac_ct_CXX=g++
ac_cv_prog_ac_ct_DSYMUTIL=dsymutil
ac_cv_prog_ac_ct_LIPO=lipo
ac_cv_prog_ac_ct_NMEDIT=nmedit
ac_cv_prog_ac_ct_OBJDUMP=objdump
ac_cv_prog_ac_ct_OTOOL=otool
ac_cv_prog_ac_ct_RANLIB=ranlib
ac_cv_prog_ac_ct_STRIP=strip
ac_cv_prog_cc_c89=
ac_cv_prog_cc_g=yes
ac_cv_prog_cxx_g=yes
ac_cv_prog_make_make_set=yes
ac_cv_search_dlopen='none required'
ac_cv_type_error_t=no
am_cv_CC_dependencies_compiler_type=gcc3
am_cv_CXX_dependencies_compiler_type=gcc3
am_cv_make_support_nested_variables=yes
am_cv_prog_cc_c_o=yes
libltdl_cv_lib_dl_dlopen=yes
libltdl_cv_need_uscore=no
libltdl_cv_preloaded_symbols=yes
libltdl_cv_shlibext=.so
libltdl_cv_shrext=.dylib
lt_cv_apple_cc_single_mod=yes
lt_cv_ar_at_file=no
lt_cv_deplibs_check_method=pass_all
lt_cv_dlopen=dlopen
lt_cv_dlopen_libs=-ldl
lt_cv_dlopen_self=yes
lt_cv_dlopen_self_static=yes
lt_cv_file_magic_cmd='$MAGIC_CMD'
lt_cv_file_magic_test_file=
lt_cv_ld_exported_symbols_list=yes
lt_cv_ld_force_load=yes
lt_cv_ld_reload_flag=-r
lt_cv_module_path_var=DYLD_LIBRARY_PATH
lt_cv_nm_interface='BSD nm'
lt_cv_objdir=.libs
lt_cv_path_LD=/Library/Developer/CommandLineTools/usr/bin/ld
lt_cv_path_LDCXX=/Library/Developer/CommandLineTools/usr/bin/ld
lt_cv_path_NM='/usr/bin/nm -B'
lt_cv_path_mainfest_tool=no
lt_cv_prog_compiler_c_o=yes
lt_cv_prog_compiler_c_o_CXX=yes
lt_cv_prog_compiler_pic='-fno-common -DPIC'
lt_cv_prog_compiler_pic_CXX='-fno-common -DPIC'
lt_cv_prog_compiler_pic_works=yes
lt_cv_prog_compiler_pic_works_CXX=yes
lt_cv_prog_compiler_rtti_exceptions=yes
lt_cv_prog_compiler_static_works=no
lt_cv_prog_compiler_static_works_CXX=no
lt_cv_prog_gnu_ld=no
lt_cv_prog_gnu_ldcxx=no
lt_cv_sharedlib_from_linklib_cmd='printf %s\n'
lt_cv_sys_dlopen_deplibs=yes
lt_cv_sys_dlsearch_path='/usr/local/lib /lib /usr/lib'
lt_cv_sys_global_symbol_pipe='sed -n -e '\''s/^.*[	 ]\([BCDEGRST][BCDEGRST]*\)[	 ][	 ]*_\([_A-Za-z][_A-Za-z0-9]*\)$/\1 _\2 \2/p'\'' | sed '\''/ __gnu_lto/d'\'''
lt_cv_sys_global_symbol_to_c_name_address='sed -n -e '\''s/^: \([^ ]*\)[ ]*$/  {\"\1\", (void *) 0},/p'\'' -e '\''s/^[BCDEGRST]* \([^ ]*\) \([^ ]*\)$/  {"\2", (void *) \&\2},/p'\'''
lt_cv_sys_global_symbol_to_c_name_address_lib_prefix='sed -n -e '\''s/^: \([^ ]*\)[ ]*$/  {\"\1\", (void *) 0},/p'\'' -e '\''s/^[BCDEGRST]* \([^ ]*\) \(lib[^ ]*\)$/  {"\2", (void *) \&\2},/p'\'' -e '\''s/^[BCDEGRST]* \([^ ]*\) \([^ ]*\)$/  {"lib\2", (void *) \&\2},/p'\'''
lt_cv_sys_global_symbol_to_cdecl='sed -n -e '\''s/^T .* \(.*\)$/extern int \1();/p'\'' -e '\''s/^[BCDEGRST]* .* \(.*\)$/extern char \1;/p'\'''
lt_cv_sys_max_cmd_len=196608
lt_cv_sys_symbol_underscore=yes
lt_cv_to_host_file_cmd=func_convert_file_noop
lt_cv_to_tool_file_cmd=func_convert_file_noop

## ----------------- ##
## Output variables. ##
## ----------------- ##

ACLOCAL='${SHELL} /Users/rafaeldesouza/Downloads/JAGS-WIENER-MODULE-1.1/missing aclocal-1.14'
AMDEPBACKSLASH='\'
AMDEP_FALSE='#'
AMDEP_TRUE=''
AMTAR='$${TAR-tar}'
AM_BACKSLASH='\'
AM_DEFAULT_V='$(AM_DEFAULT_VERBOSITY)'
AM_DEFAULT_VERBOSITY='1'
AM_V='$(V)'
AR='ar'
ARGZ_H='argz.h'
AS='as'
AUTOCONF='${SHELL} /Users/rafaeldesouza/Downloads/JAGS-WIENER-MODULE-1.1/missing autoconf'
AUTOHEADER='${SHELL} /Users/rafaeldesouza/Downloads/JAGS-WIENER-MODULE-1.1/missing autoheader'
AUTOMAKE='${SHELL} /Users/rafaeldesouza/Downloads/JAGS-WIENER-MODULE-1.1/missing automake-1.14'
AWK='awk'
CC='gcc'
CCDEPMODE='depmode=gcc3'
CFLAGS='-g -O2'
CONVENIENCE_LTDL_FALSE='#'
CONVENIENCE_LTDL_TRUE=''
CPP='gcc -E'
CPPFLAGS=''
CXX='g++'
CXXCPP='g++ -E'
CXXDEPMODE='depmode=gcc3'
CXXFLAGS='-g -O2'
CYGPATH_W='echo'
DEFS='-DHAVE_CONFIG_H'
DEPDIR='.deps'
DLLTOOL='false'
DSYMUTIL='dsymutil'
DUMPBIN=''
ECHO_C='\c'
ECHO_N=''
ECHO_T=''
EGREP='/usr/bin/grep -E'
EXEEXT=''
FGREP='/usr/bin/grep -F'
GREP='/usr/bin/grep'
INCLTDL=''
INSTALL_DATA='${INSTALL} -m 644'
INSTALL_LTDL_FALSE=''
INSTALL_LTDL_TRUE='#'
INSTALL_PROGRAM='${INSTALL}'
INSTALL_SCRIPT='${INSTALL}'
INSTALL_STRIP_PROGRAM='$(install_sh) -c -s'
JAGS_MAJOR='4'
JAGS_MINOR='0'
LD='/Library/Developer/CommandLineTools/usr/bin/ld'
LDFLAGS=''
LIBADD_DL=' '
LIBADD_DLD_LINK=''
LIBADD_DLOPEN=''
LIBADD_SHL_LOAD=''
LIBLTDL='-lltdl'
LIBOBJS=''
LIBS=''
LIBTOOL='$(SHELL) $(top_builddir)/libtool'
LIPO='lipo'
LN_S='ln -s'
LTDLDEPS=''
LTDLINCL=''
LTDLOPEN='libltdl'
LTLIBOBJS=''
LT_CONFIG_H='config.h'
LT_DLLOADERS=' dlopen.la'
LT_DLPREOPEN='-dlpreopen dlopen.la '
MAKEINFO='${SHELL} /Users/rafaeldesouza/Downloads/JAGS-WIENER-MODULE-1.1/missing makeinfo'
MANIFEST_TOOL=':'
MKDIR_P='./install-sh -c -d'
NM='/usr/bin/nm -B'
NMEDIT='nmedit'
OBJDUMP='objdump'
OBJEXT='o'
OTOOL64=':'
OTOOL='otool'
PACKAGE='JAGS-WIENER-MODULE'
PACKAGE_BUGREPORT='dominik.wabersich@gmail.com'
PACKAGE_NAME='JAGS-WIENER'
PACKAGE_STRING='JAGS-WIENER 1.1'
PACKAGE_TARNAME='JAGS-WIENER-MODULE'
PACKAGE_URL=''
PACKAGE_VERSION='1.1'
PATH_SEPARATOR=':'
RANLIB='ranlib'
SED='/usr/bin/sed'
SET_MAKE=''
SHELL='/bin/sh'
STRIP='strip'
VERSION='1.1'
WINDOWS_FALSE=''
WINDOWS_TRUE='#'
ac_ct_AR='ar'
ac_ct_CC='gcc'
ac_ct_CXX='g++'
ac_ct_DUMPBIN=''
am__EXEEXT_FALSE=''
am__EXEEXT_TRUE='#'
am__fastdepCC_FALSE='#'
am__fastdepCC_TRUE=''
am__fastdepCXX_FALSE='#'
am__fastdepCXX_TRUE=''
am__include='include'
am__isrc=''
am__leading_dot='.'
am__nodep='_no'
am__quote=''
am__tar='$${TAR-tar} chof - "$$tardir"'
am__untar='$${TAR-tar} xf -'
bindir='${exec_prefix}/bin'
build='x86_64-apple-darwin16.6.0'
build_alias=''
build_cpu='x86_64'
build_os='darwin16.6.0'
build_vendor='apple'
datadir='${datarootdir}'
datarootdir='${prefix}/share'
docdir='${datarootdir}/doc/${PACKAGE_TARNAME}'
dvidir='${docdir}'
exec_prefix='${prefix}'
host='x86_64-apple-darwin16.6.0'
host_alias=''
host_cpu='x86_64'
host_os='darwin16.6.0'
host_vendor='apple'
htmldir='${docdir}'
includedir='${prefix}/include'
infodir='${datarootdir}/info'
install_sh='${SHELL} /Users/rafaeldesouza/Downloads/JAGS-WIENER-MODULE-1.1/install-sh'
jagsmoddir='${exec_prefix}/lib/JAGS/modules-4'
libdir='${exec_prefix}/lib'
libexecdir='${exec_prefix}/libexec'
localedir='${datarootdir}/locale'
localstatedir='${prefix}/var'
ltdl_LIBOBJS=' argz.o'
ltdl_LTLIBOBJS=' argz.lo'
mandir='${datarootdir}/man'
mkdir_p='$(MKDIR_P)'
oldincludedir='/usr/include'
pdfdir='${docdir}'
prefix='/usr/local'
program_transform_name='s,x,x,'
psdir='${docdir}'
sbindir='${exec_prefix}/sbin'
sharedstatedir='${prefix}/com'
sys_symbol_underscore='yes'
sysconfdir='${prefix}/etc'
target_alias=''

## ----------- ##
## confdefs.h. ##
## ----------- ##

/* confdefs.h */
#define PACKAGE_NAME "JAGS-WIENER"
#define PACKAGE_TARNAME "JAGS-WIENER-MODULE"
#define PACKAGE_VERSION "1.1"
#define PACKAGE_STRING "JAGS-WIENER 1.1"
#define PACKAGE_BUGREPORT "dominik.wabersich@gmail.com"
#define PACKAGE_URL ""
#define PACKAGE "JAGS-WIENER-MODULE"
#define VERSION "1.1"
#define STDC_HEADERS 1
#define HAVE_SYS_TYPES_H 1
#define HAVE_SYS_STAT_H 1
#define HAVE_STDLIB_H 1
#define HAVE_STRING_H 1
#define HAVE_MEMORY_H 1
#define HAVE_STRINGS_H 1
#define HAVE_INTTYPES_H 1
#define HAVE_STDINT_H 1
#define HAVE_UNISTD_H 1
#define HAVE_DLFCN_H 1
#define LT_OBJDIR ".libs/"
#define LT_MODULE_EXT ".so"
#define LT_SHARED_EXT ".dylib"
#define LT_MODULE_PATH_VAR "DYLD_LIBRARY_PATH"
#define LT_DLSEARCH_PATH "/usr/local/lib:/lib:/usr/lib"
#define HAVE_LIBDL 1
#define HAVE_DLERROR 1
#define HAVE_LIBDLLOADER 1
#define error_t int
#define __error_t_defined 1
#define HAVE_PRELOADED_SYMBOLS 1
#define HAVE_LTDL 1
#define HAVE_UNISTD_H 1
#define HAVE_MACH_O_DYLD_H 1
#define HAVE_DIRENT_H 1
#define HAVE_CLOSEDIR 1
#define HAVE_OPENDIR 1
#define HAVE_READDIR 1
#define HAVE_STRLCAT 1
#define HAVE_STRLCPY 1
#define LT_LIBEXT "a"
#define LT_LIBPREFIX "lib"
#define MATHLIB_STANDALONE 1

configure: exit 0
