    1.0000E-03    1.1566E+01
    2.0000E-03    1.1604E+01
    3.0000E-03    1.1635E+01
    4.0000E-03    1.1665E+01
    5.0000E-03    1.1696E+01
    6.0000E-03    1.1727E+01
    7.0000E-03    1.1758E+01
    8.0000E-03    1.1790E+01
    9.0000E-03    1.1822E+01
    1.0000E-02    1.1855E+01
    1.1000E-02    1.1888E+01
    1.2000E-02    1.1921E+01
    1.3000E-02    1.1955E+01
    1.4000E-02    1.1990E+01
    1.5000E-02    1.2024E+01
    1.6000E-02    1.2060E+01
    1.7000E-02    1.2096E+01
    1.8000E-02    1.2132E+01
    1.9000E-02    1.2169E+01
    2.0000E-02    1.2206E+01
    2.1000E-02    1.2244E+01
    2.2000E-02    1.2283E+01
    2.3000E-02    1.2322E+01
    2.4000E-02    1.2362E+01
    2.5000E-02    1.2402E+01
    2.6000E-02    1.2443E+01
    2.7000E-02    1.2485E+01
    2.8000E-02    1.2527E+01
    2.9000E-02    1.2570E+01
    3.0000E-02    1.2614E+01
    3.1000E-02    1.2658E+01
    3.2000E-02    1.2703E+01
    3.3000E-02    1.2749E+01
    3.4000E-02    1.2796E+01
    3.5000E-02    1.2843E+01
    3.6000E-02    1.2891E+01
    3.7000E-02    1.2940E+01
    3.8000E-02    1.2990E+01
    3.9000E-02    1.3040E+01
    4.0000E-02    1.3091E+01
    4.1000E-02    1.3143E+01
    4.2000E-02    1.3196E+01
    4.3000E-02    1.3250E+01
    4.4000E-02    1.3304E+01
    4.5000E-02    1.3360E+01
    4.6000E-02    1.3416E+01
    4.7000E-02    1.3473E+01
    4.8000E-02    1.3531E+01
    4.9000E-02    1.3589E+01
    5.0000E-02    1.3649E+01
    5.1000E-02    1.3709E+01
    5.2000E-02    1.3770E+01
    5.3000E-02    1.3832E+01
    5.4000E-02    1.3895E+01
    5.5000E-02    1.3959E+01
    5.6000E-02    1.4023E+01
    5.7000E-02    1.4089E+01
    5.8000E-02    1.4155E+01
    5.9000E-02    1.4222E+01
    6.0000E-02    1.4289E+01
    6.1000E-02    1.4358E+01
    6.2000E-02    1.4428E+01
    6.3000E-02    1.4498E+01
    6.4000E-02    1.4569E+01
    6.5000E-02    1.4641E+01
    6.6000E-02    1.4713E+01
    6.7000E-02    1.4787E+01
    6.8000E-02    1.4861E+01
    6.9000E-02    1.4936E+01
    7.0000E-02    1.5012E+01
    7.1000E-02    1.5088E+01
    7.2000E-02    1.5165E+01
    7.3000E-02    1.5243E+01
    7.4000E-02    1.5322E+01
    7.5000E-02    1.5401E+01
    7.6000E-02    1.5481E+01
    7.7000E-02    1.5562E+01
    7.8000E-02    1.5643E+01
    7.9000E-02    1.5725E+01
    8.0000E-02    1.5808E+01
    8.1000E-02    1.5891E+01
    8.2000E-02    1.5975E+01
    8.3000E-02    1.6060E+01
    8.4000E-02    1.6145E+01
    8.5000E-02    1.6230E+01
    8.6000E-02    1.6316E+01
    8.7000E-02    1.6403E+01
    8.8000E-02    1.6490E+01
    8.9000E-02    1.6577E+01
    9.0000E-02    1.6665E+01
    9.1000E-02    1.6753E+01
    9.2000E-02    1.6842E+01
    9.3000E-02    1.6931E+01
    9.4000E-02    1.7021E+01
    9.5000E-02    1.7110E+01
    9.6000E-02    1.7200E+01
    9.7000E-02    1.7291E+01
    9.8000E-02    1.7381E+01
    9.9000E-02    1.7472E+01
    1.0000E-01    1.7563E+01
    1.0100E-01    1.7654E+01
    1.0200E-01    1.7745E+01
    1.0300E-01    1.7836E+01
    1.0400E-01    1.7927E+01
    1.0500E-01    1.8018E+01
    1.0600E-01    1.8110E+01
    1.0700E-01    1.8201E+01
    1.0800E-01    1.8292E+01
    1.0900E-01    1.8383E+01
    1.1000E-01    1.8473E+01
    1.1100E-01    1.8564E+01
    1.1200E-01    1.8654E+01
    1.1300E-01    1.8744E+01
    1.1400E-01    1.8834E+01
    1.1500E-01    1.8923E+01
    1.1600E-01    1.9012E+01
    1.1700E-01    1.9100E+01
    1.1800E-01    1.9188E+01
    1.1900E-01    1.9276E+01
    1.2000E-01    1.9362E+01
    1.2100E-01    1.9449E+01
    1.2200E-01    1.9534E+01
    1.2300E-01    1.9619E+01
    1.2400E-01    1.9703E+01
    1.2500E-01    1.9786E+01
    1.2600E-01    1.9868E+01
    1.2700E-01    1.9950E+01
    1.2800E-01    2.0030E+01
    1.2900E-01    2.0110E+01
    1.3000E-01    2.0188E+01
    1.3100E-01    2.0266E+01
    1.3200E-01    2.0342E+01
    1.3300E-01    2.0417E+01
    1.3400E-01    2.0491E+01
    1.3500E-01    2.0563E+01
    1.3600E-01    2.0634E+01
    1.3700E-01    2.0704E+01
    1.3800E-01    2.0772E+01
    1.3900E-01    2.0839E+01
    1.4000E-01    2.0905E+01
    1.4100E-01    2.0969E+01
    1.4200E-01    2.1031E+01
    1.4300E-01    2.1091E+01
    1.4400E-01    2.1150E+01
    1.4500E-01    2.1207E+01
    1.4600E-01    2.1263E+01
    1.4700E-01    2.1316E+01
    1.4800E-01    2.1368E+01
    1.4900E-01    2.1418E+01
    1.5000E-01    2.1466E+01
    1.5100E-01    2.1512E+01
    1.5200E-01    2.1555E+01
    1.5300E-01    2.1597E+01
    1.5400E-01    2.1637E+01
    1.5500E-01    2.1674E+01
    1.5600E-01    2.1710E+01
    1.5700E-01    2.1743E+01
    1.5800E-01    2.1774E+01
    1.5900E-01    2.1803E+01
    1.6000E-01    2.1830E+01
    1.6100E-01    2.1854E+01
    1.6200E-01    2.1876E+01
    1.6300E-01    2.1895E+01
    1.6400E-01    2.1913E+01
    1.6500E-01    2.1928E+01
    1.6600E-01    2.1940E+01
    1.6700E-01    2.1950E+01
    1.6800E-01    2.1958E+01
    1.6900E-01    2.1963E+01
    1.7000E-01    2.1966E+01
    1.7100E-01    2.1967E+01
    1.7200E-01    2.1964E+01
    1.7300E-01    2.1960E+01
    1.7400E-01    2.1953E+01
    1.7500E-01    2.1944E+01
    1.7600E-01    2.1932E+01
    1.7700E-01    2.1918E+01
    1.7800E-01    2.1901E+01
    1.7900E-01    2.1882E+01
    1.8000E-01    2.1860E+01
    1.8100E-01    2.1836E+01
    1.8200E-01    2.1810E+01
    1.8300E-01    2.1781E+01
    1.8400E-01    2.1750E+01
    1.8500E-01    2.1716E+01
    1.8600E-01    2.1681E+01
    1.8700E-01    2.1642E+01
    1.8800E-01    2.1602E+01
    1.8900E-01    2.1559E+01
    1.9000E-01    2.1514E+01
    1.9100E-01    2.1467E+01
    1.9200E-01    2.1418E+01
    1.9300E-01    2.1367E+01
    1.9400E-01    2.1313E+01
    1.9500E-01    2.1257E+01
    1.9600E-01    2.1200E+01
    1.9700E-01    2.1140E+01
    1.9800E-01    2.1078E+01
    1.9900E-01    2.1015E+01
    2.0000E-01    2.0949E+01
    2.0100E-01    2.0882E+01
    2.0200E-01    2.0813E+01
    2.0300E-01    2.0742E+01
    2.0400E-01    2.0669E+01
    2.0500E-01    2.0595E+01
    2.0600E-01    2.0518E+01
    2.0700E-01    2.0441E+01
    2.0800E-01    2.0361E+01
    2.0900E-01    2.0281E+01
    2.1000E-01    2.0198E+01
    2.1100E-01    2.0115E+01
    2.1200E-01    2.0030E+01
    2.1300E-01    1.9943E+01
    2.1400E-01    1.9855E+01
    2.1500E-01    1.9766E+01
    2.1600E-01    1.9676E+01
    2.1700E-01    1.9585E+01
    2.1800E-01    1.9492E+01
    2.1900E-01    1.9399E+01
    2.2000E-01    1.9304E+01
    2.2100E-01    1.9208E+01
    2.2200E-01    1.9112E+01
    2.2300E-01    1.9014E+01
    2.2400E-01    1.8916E+01
    2.2500E-01    1.8817E+01
    2.2600E-01    1.8717E+01
    2.2700E-01    1.8616E+01
    2.2800E-01    1.8515E+01
    2.2900E-01    1.8413E+01
    2.3000E-01    1.8311E+01
    2.3100E-01    1.8208E+01
    2.3200E-01    1.8104E+01
    2.3300E-01    1.8000E+01
    2.3400E-01    1.7895E+01
    2.3500E-01    1.7790E+01
    2.3600E-01    1.7685E+01
    2.3700E-01    1.7579E+01
    2.3800E-01    1.7474E+01
    2.3900E-01    1.7367E+01
    2.4000E-01    1.7261E+01
    2.4100E-01    1.7154E+01
    2.4200E-01    1.7048E+01
    2.4300E-01    1.6941E+01
    2.4400E-01    1.6834E+01
    2.4500E-01    1.6727E+01
    2.4600E-01    1.6620E+01
    2.4700E-01    1.6513E+01
    2.4800E-01    1.6406E+01
    2.4900E-01    1.6299E+01
    2.5000E-01    1.6192E+01
    2.5100E-01    1.6085E+01
    2.5200E-01    1.5978E+01
    2.5300E-01    1.5872E+01
    2.5400E-01    1.5765E+01
    2.5500E-01    1.5659E+01
    2.5600E-01    1.5553E+01
    2.5700E-01    1.5448E+01
    2.5800E-01    1.5342E+01
    2.5900E-01    1.5237E+01
    2.6000E-01    1.5133E+01
    2.6100E-01    1.5028E+01
    2.6200E-01    1.4924E+01
    2.6300E-01    1.4820E+01
    2.6400E-01    1.4717E+01
    2.6500E-01    1.4614E+01
    2.6600E-01    1.4511E+01
    2.6700E-01    1.4409E+01
    2.6800E-01    1.4308E+01
    2.6900E-01    1.4206E+01
    2.7000E-01    1.4106E+01
    2.7100E-01    1.4005E+01
    2.7200E-01    1.3906E+01
    2.7300E-01    1.3806E+01
    2.7400E-01    1.3707E+01
    2.7500E-01    1.3609E+01
    2.7600E-01    1.3512E+01
    2.7700E-01    1.3414E+01
    2.7800E-01    1.3318E+01
    2.7900E-01    1.3222E+01
    2.8000E-01    1.3126E+01
    2.8100E-01    1.3031E+01
    2.8200E-01    1.2937E+01
    2.8300E-01    1.2843E+01
    2.8400E-01    1.2750E+01
    2.8500E-01    1.2657E+01
    2.8600E-01    1.2565E+01
    2.8700E-01    1.2474E+01
    2.8800E-01    1.2383E+01
    2.8900E-01    1.2293E+01
    2.9000E-01    1.2204E+01
    2.9100E-01    1.2115E+01
    2.9200E-01    1.2026E+01
    2.9300E-01    1.1939E+01
    2.9400E-01    1.1852E+01
    2.9500E-01    1.1765E+01
    2.9600E-01    1.1680E+01
    2.9700E-01    1.1595E+01
    2.9800E-01    1.1510E+01
    2.9900E-01    1.1426E+01
    3.0000E-01    1.1343E+01
    3.0100E-01    1.1260E+01
    3.0200E-01    1.1178E+01
    3.0300E-01    1.1097E+01
    3.0400E-01    1.1016E+01
    3.0500E-01    1.0936E+01
    3.0600E-01    1.0857E+01
    3.0700E-01    1.0778E+01
    3.0800E-01    1.0700E+01
    3.0900E-01    1.0622E+01
    3.1000E-01    1.0546E+01
    3.1100E-01    1.0469E+01
    3.1200E-01    1.0394E+01
    3.1300E-01    1.0319E+01
    3.1400E-01    1.0244E+01
    3.1500E-01    1.0170E+01
    3.1600E-01    1.0097E+01
    3.1700E-01    1.0025E+01
    3.1800E-01    9.9527E+00
    3.1900E-01    9.8814E+00
    3.2000E-01    9.8107E+00
    3.2100E-01    9.7405E+00
    3.2200E-01    9.6710E+00
    3.2300E-01    9.6020E+00
    3.2400E-01    9.5337E+00
    3.2500E-01    9.4659E+00
    3.2600E-01    9.3987E+00
    3.2700E-01    9.3321E+00
    3.2800E-01    9.2661E+00
    3.2900E-01    9.2006E+00
    3.3000E-01    9.1357E+00
    3.3100E-01    9.0714E+00
    3.3200E-01    9.0077E+00
    3.3300E-01    8.9445E+00
    3.3400E-01    8.8818E+00
    3.3500E-01    8.8198E+00
    3.3600E-01    8.7582E+00
    3.3700E-01    8.6972E+00
    3.3800E-01    8.6368E+00
    3.3900E-01    8.5768E+00
    3.4000E-01    8.5174E+00
    3.4100E-01    8.4586E+00
    3.4200E-01    8.4002E+00
    3.4300E-01    8.3424E+00
    3.4400E-01    8.2851E+00
    3.4500E-01    8.2283E+00
    3.4600E-01    8.1720E+00
    3.4700E-01    8.1162E+00
    3.4800E-01    8.0609E+00
    3.4900E-01    8.0061E+00
    3.5000E-01    7.9518E+00
    3.5100E-01    7.8980E+00
    3.5200E-01    7.8447E+00
    3.5300E-01    7.7918E+00
    3.5400E-01    7.7394E+00
    3.5500E-01    7.6875E+00
    3.5600E-01    7.6361E+00
    3.5700E-01    7.5851E+00
    3.5800E-01    7.5345E+00
    3.5900E-01    7.4845E+00
    3.6000E-01    7.4348E+00
    3.6100E-01    7.3856E+00
    3.6200E-01    7.3369E+00
    3.6300E-01    7.2886E+00
    3.6400E-01    7.2407E+00
    3.6500E-01    7.1933E+00
    3.6600E-01    7.1462E+00
    3.6700E-01    7.0996E+00
    3.6800E-01    7.0534E+00
    3.6900E-01    7.0077E+00
    3.7000E-01    6.9623E+00
    3.7100E-01    6.9173E+00
    3.7200E-01    6.8728E+00
    3.7300E-01    6.8286E+00
    3.7400E-01    6.7849E+00
    3.7500E-01    6.7415E+00
    3.7600E-01    6.6985E+00
    3.7700E-01    6.6559E+00
    3.7800E-01    6.6136E+00
    3.7900E-01    6.5718E+00
    3.8000E-01    6.5303E+00
    3.8100E-01    6.4892E+00
    3.8200E-01    6.4484E+00
    3.8300E-01    6.4080E+00
    3.8400E-01    6.3680E+00
    3.8500E-01    6.3283E+00
    3.8600E-01    6.2890E+00
    3.8700E-01    6.2500E+00
    3.8800E-01    6.2114E+00
    3.8900E-01    6.1731E+00
    3.9000E-01    6.1351E+00
    3.9100E-01    6.0975E+00
    3.9200E-01    6.0602E+00
    3.9300E-01    6.0232E+00
    3.9400E-01    5.9865E+00
    3.9500E-01    5.9502E+00
    3.9600E-01    5.9142E+00
    3.9700E-01    5.8785E+00
    3.9800E-01    5.8431E+00
    3.9900E-01    5.8080E+00
    4.0000E-01    5.7732E+00
    4.0100E-01    5.7388E+00
    4.0200E-01    5.7046E+00
    4.0300E-01    5.6707E+00
    4.0400E-01    5.6371E+00
    4.0500E-01    5.6038E+00
    4.0600E-01    5.5708E+00
    4.0700E-01    5.5381E+00
    4.0800E-01    5.5056E+00
    4.0900E-01    5.4734E+00
    4.1000E-01    5.4415E+00
    4.1100E-01    5.4099E+00
    4.1200E-01    5.3786E+00
    4.1300E-01    5.3475E+00
    4.1400E-01    5.3166E+00
    4.1500E-01    5.2861E+00
    4.1600E-01    5.2558E+00
    4.1700E-01    5.2257E+00
    4.1800E-01    5.1959E+00
    4.1900E-01    5.1664E+00
    4.2000E-01    5.1371E+00
    4.2100E-01    5.1080E+00
    4.2200E-01    5.0792E+00
    4.2300E-01    5.0507E+00
    4.2400E-01    5.0223E+00
    4.2500E-01    4.9942E+00
    4.2600E-01    4.9664E+00
    4.2700E-01    4.9388E+00
    4.2800E-01    4.9114E+00
    4.2900E-01    4.8842E+00
    4.3000E-01    4.8573E+00
    4.3100E-01    4.8305E+00
    4.3200E-01    4.8040E+00
    4.3300E-01    4.7778E+00
    4.3400E-01    4.7517E+00
    4.3500E-01    4.7258E+00
    4.3600E-01    4.7002E+00
    4.3700E-01    4.6748E+00
    4.3800E-01    4.6495E+00
    4.3900E-01    4.6245E+00
    4.4000E-01    4.5997E+00
    4.4100E-01    4.5751E+00
    4.4200E-01    4.5507E+00
    4.4300E-01    4.5265E+00
    4.4400E-01    4.5024E+00
    4.4500E-01    4.4786E+00
    4.4600E-01    4.4550E+00
    4.4700E-01    4.4315E+00
    4.4800E-01    4.4082E+00
    4.4900E-01    4.3852E+00
    4.5000E-01    4.3623E+00
    4.5100E-01    4.3396E+00
    4.5200E-01    4.3170E+00
    4.5300E-01    4.2947E+00
    4.5400E-01    4.2725E+00
    4.5500E-01    4.2505E+00
    4.5600E-01    4.2287E+00
    4.5700E-01    4.2070E+00
    4.5800E-01    4.1856E+00
    4.5900E-01    4.1642E+00
    4.6000E-01    4.1431E+00
    4.6100E-01    4.1221E+00
    4.6200E-01    4.1013E+00
    4.6300E-01    4.0806E+00
    4.6400E-01    4.0601E+00
    4.6500E-01    4.0398E+00
    4.6600E-01    4.0196E+00
    4.6700E-01    3.9996E+00
    4.6800E-01    3.9797E+00
    4.6900E-01    3.9600E+00
    4.7000E-01    3.9404E+00
    4.7100E-01    3.9210E+00
    4.7200E-01    3.9017E+00
    4.7300E-01    3.8826E+00
    4.7400E-01    3.8636E+00
    4.7500E-01    3.8448E+00
    4.7600E-01    3.8261E+00
    4.7700E-01    3.8075E+00
    4.7800E-01    3.7891E+00
    4.7900E-01    3.7708E+00
    4.8000E-01    3.7527E+00
    4.8100E-01    3.7347E+00
    4.8200E-01    3.7168E+00
    4.8300E-01    3.6991E+00
    4.8400E-01    3.6815E+00
    4.8500E-01    3.6640E+00
    4.8600E-01    3.6467E+00
    4.8700E-01    3.6295E+00
    4.8800E-01    3.6124E+00
    4.8900E-01    3.5954E+00
    4.9000E-01    3.5786E+00
    4.9100E-01    3.5619E+00
    4.9200E-01    3.5453E+00
    4.9300E-01    3.5288E+00
    4.9400E-01    3.5125E+00
    4.9500E-01    3.4963E+00
    4.9600E-01    3.4802E+00
    4.9700E-01    3.4642E+00
    4.9800E-01    3.4483E+00
    4.9900E-01    3.4325E+00
    5.0000E-01    3.4169E+00
    5.0100E-01    3.4013E+00
    5.0200E-01    3.3859E+00
    5.0300E-01    3.3706E+00
    5.0400E-01    3.3554E+00
    5.0500E-01    3.3403E+00
    5.0600E-01    3.3253E+00
    5.0700E-01    3.3104E+00
    5.0800E-01    3.2957E+00
    5.0900E-01    3.2810E+00
    5.1000E-01    3.2664E+00
    5.1100E-01    3.2519E+00
    5.1200E-01    3.2376E+00
    5.1300E-01    3.2233E+00
    5.1400E-01    3.2092E+00
    5.1500E-01    3.1951E+00
    5.1600E-01    3.1811E+00
    5.1700E-01    3.1673E+00
    5.1800E-01    3.1535E+00
    5.1900E-01    3.1398E+00
    5.2000E-01    3.1262E+00
    5.2100E-01    3.1127E+00
    5.2200E-01    3.0993E+00
    5.2300E-01    3.0860E+00
    5.2400E-01    3.0728E+00
    5.2500E-01    3.0597E+00
    5.2600E-01    3.0467E+00
    5.2700E-01    3.0337E+00
    5.2800E-01    3.0209E+00
    5.2900E-01    3.0081E+00
    5.3000E-01    2.9954E+00
    5.3100E-01    2.9828E+00
    5.3200E-01    2.9703E+00
    5.3300E-01    2.9579E+00
    5.3400E-01    2.9456E+00
    5.3500E-01    2.9333E+00
    5.3600E-01    2.9211E+00
    5.3700E-01    2.9090E+00
    5.3800E-01    2.8970E+00
    5.3900E-01    2.8851E+00
    5.4000E-01    2.8732E+00
    5.4100E-01    2.8614E+00
    5.4200E-01    2.8497E+00
    5.4300E-01    2.8381E+00
    5.4400E-01    2.8266E+00
    5.4500E-01    2.8151E+00
    5.4600E-01    2.8037E+00
    5.4700E-01    2.7924E+00
    5.4800E-01    2.7811E+00
    5.4900E-01    2.7700E+00
    5.5000E-01    2.7589E+00
    5.5100E-01    2.7478E+00
    5.5200E-01    2.7369E+00
    5.5300E-01    2.7260E+00
    5.5400E-01    2.7152E+00
    5.5500E-01    2.7044E+00
    5.5600E-01    2.6938E+00
    5.5700E-01    2.6831E+00
    5.5800E-01    2.6726E+00
    5.5900E-01    2.6621E+00
    5.6000E-01    2.6517E+00
    5.6100E-01    2.6414E+00
    5.6200E-01    2.6311E+00
    5.6300E-01    2.6209E+00
    5.6400E-01    2.6108E+00
    5.6500E-01    2.6007E+00
    5.6600E-01    2.5907E+00
    5.6700E-01    2.5807E+00
    5.6800E-01    2.5708E+00
    5.6900E-01    2.5610E+00
    5.7000E-01    2.5512E+00
    5.7100E-01    2.5415E+00
    5.7200E-01    2.5319E+00
    5.7300E-01    2.5223E+00
    5.7400E-01    2.5127E+00
    5.7500E-01    2.5033E+00
    5.7600E-01    2.4939E+00
    5.7700E-01    2.4845E+00
    5.7800E-01    2.4752E+00
    5.7900E-01    2.4660E+00
    5.8000E-01    2.4568E+00
    5.8100E-01    2.4477E+00
    5.8200E-01    2.4386E+00
    5.8300E-01    2.4296E+00
    5.8400E-01    2.4206E+00
    5.8500E-01    2.4117E+00
    5.8600E-01    2.4029E+00
    5.8700E-01    2.3941E+00
    5.8800E-01    2.3853E+00
    5.8900E-01    2.3766E+00
    5.9000E-01    2.3680E+00
    5.9100E-01    2.3594E+00
    5.9200E-01    2.3509E+00
    5.9300E-01    2.3424E+00
    5.9400E-01    2.3340E+00
    5.9500E-01    2.3256E+00
    5.9600E-01    2.3172E+00
    5.9700E-01    2.3090E+00
    5.9800E-01    2.3007E+00
    5.9900E-01    2.2925E+00
    6.0000E-01    2.2844E+00
    6.0100E-01    2.2763E+00
    6.0200E-01    2.2682E+00
    6.0300E-01    2.2603E+00
    6.0400E-01    2.2523E+00
    6.0500E-01    2.2444E+00
    6.0600E-01    2.2365E+00
    6.0700E-01    2.2287E+00
    6.0800E-01    2.2210E+00
    6.0900E-01    2.2132E+00
    6.1000E-01    2.2056E+00
    6.1100E-01    2.1979E+00
    6.1200E-01    2.1903E+00
    6.1300E-01    2.1828E+00
    6.1400E-01    2.1753E+00
    6.1500E-01    2.1678E+00
    6.1600E-01    2.1604E+00
    6.1700E-01    2.1530E+00
    6.1800E-01    2.1457E+00
    6.1900E-01    2.1384E+00
    6.2000E-01    2.1312E+00
    6.2100E-01    2.1240E+00
    6.2200E-01    2.1168E+00
    6.2300E-01    2.1097E+00
    6.2400E-01    2.1026E+00
    6.2500E-01    2.0955E+00
    6.2600E-01    2.0885E+00
    6.2700E-01    2.0815E+00
    6.2800E-01    2.0746E+00
    6.2900E-01    2.0677E+00
    6.3000E-01    2.0609E+00
    6.3100E-01    2.0540E+00
    6.3200E-01    2.0473E+00
    6.3300E-01    2.0405E+00
    6.3400E-01    2.0338E+00
    6.3500E-01    2.0272E+00
    6.3600E-01    2.0205E+00
    6.3700E-01    2.0139E+00
    6.3800E-01    2.0074E+00
    6.3900E-01    2.0009E+00
    6.4000E-01    1.9944E+00
    6.4100E-01    1.9879E+00
    6.4200E-01    1.9815E+00
    6.4300E-01    1.9751E+00
    6.4400E-01    1.9688E+00
    6.4500E-01    1.9625E+00
    6.4600E-01    1.9562E+00
    6.4700E-01    1.9499E+00
    6.4800E-01    1.9437E+00
    6.4900E-01    1.9376E+00
    6.5000E-01    1.9314E+00
    6.5100E-01    1.9253E+00
    6.5200E-01    1.9192E+00
    6.5300E-01    1.9132E+00
    6.5400E-01    1.9072E+00
    6.5500E-01    1.9012E+00
    6.5600E-01    1.8952E+00
    6.5700E-01    1.8893E+00
    6.5800E-01    1.8834E+00
    6.5900E-01    1.8776E+00
    6.6000E-01    1.8717E+00
    6.6100E-01    1.8660E+00
    6.6200E-01    1.8602E+00
    6.6300E-01    1.8545E+00
    6.6400E-01    1.8487E+00
    6.6500E-01    1.8431E+00
    6.6600E-01    1.8374E+00
    6.6700E-01    1.8318E+00
    6.6800E-01    1.8262E+00
    6.6900E-01    1.8207E+00
    6.7000E-01    1.8151E+00
    6.7100E-01    1.8096E+00
    6.7200E-01    1.8042E+00
    6.7300E-01    1.7987E+00
    6.7400E-01    1.7933E+00
    6.7500E-01    1.7879E+00
    6.7600E-01    1.7826E+00
    6.7700E-01    1.7772E+00
    6.7800E-01    1.7719E+00
    6.7900E-01    1.7666E+00
    6.8000E-01    1.7614E+00
    6.8100E-01    1.7562E+00
    6.8200E-01    1.7510E+00
    6.8300E-01    1.7458E+00
    6.8400E-01    1.7406E+00
    6.8500E-01    1.7355E+00
    6.8600E-01    1.7304E+00
    6.8700E-01    1.7253E+00
    6.8800E-01    1.7203E+00
    6.8900E-01    1.7153E+00
    6.9000E-01    1.7103E+00
    6.9100E-01    1.7053E+00
    6.9200E-01    1.7004E+00
    6.9300E-01    1.6954E+00
    6.9400E-01    1.6905E+00
    6.9500E-01    1.6857E+00
    6.9600E-01    1.6808E+00
    6.9700E-01    1.6760E+00
    6.9800E-01    1.6712E+00
    6.9900E-01    1.6664E+00
    7.0000E-01    1.6617E+00
    7.0100E-01    1.6569E+00
    7.0200E-01    1.6522E+00
    7.0300E-01    1.6475E+00
    7.0400E-01    1.6429E+00
    7.0500E-01    1.6382E+00
    7.0600E-01    1.6336E+00
    7.0700E-01    1.6290E+00
    7.0800E-01    1.6245E+00
    7.0900E-01    1.6199E+00
    7.1000E-01    1.6154E+00
    7.1100E-01    1.6109E+00
    7.1200E-01    1.6064E+00
    7.1300E-01    1.6019E+00
    7.1400E-01    1.5975E+00
    7.1500E-01    1.5931E+00
    7.1600E-01    1.5887E+00
    7.1700E-01    1.5843E+00
    7.1800E-01    1.5799E+00
    7.1900E-01    1.5756E+00
    7.2000E-01    1.5713E+00
    7.2100E-01    1.5670E+00
    7.2200E-01    1.5627E+00
    7.2300E-01    1.5584E+00
    7.2400E-01    1.5542E+00
    7.2500E-01    1.5500E+00
    7.2600E-01    1.5458E+00
    7.2700E-01    1.5416E+00
    7.2800E-01    1.5374E+00
    7.2900E-01    1.5333E+00
    7.3000E-01    1.5292E+00
    7.3100E-01    1.5251E+00
    7.3200E-01    1.5210E+00
    7.3300E-01    1.5169E+00
    7.3400E-01    1.5129E+00
    7.3500E-01    1.5089E+00
    7.3600E-01    1.5049E+00
    7.3700E-01    1.5009E+00
    7.3800E-01    1.4969E+00
    7.3900E-01    1.4930E+00
    7.4000E-01    1.4890E+00
    7.4100E-01    1.4851E+00
    7.4200E-01    1.4812E+00
    7.4300E-01    1.4773E+00
    7.4400E-01    1.4735E+00
    7.4500E-01    1.4696E+00
    7.4600E-01    1.4658E+00
    7.4700E-01    1.4620E+00
    7.4800E-01    1.4582E+00
    7.4900E-01    1.4544E+00
    7.5000E-01    1.4507E+00
    7.5100E-01    1.4469E+00
    7.5200E-01    1.4432E+00
    7.5300E-01    1.4395E+00
    7.5400E-01    1.4358E+00
    7.5500E-01    1.4321E+00
    7.5600E-01    1.4285E+00
    7.5700E-01    1.4248E+00
    7.5800E-01    1.4212E+00
    7.5900E-01    1.4176E+00
    7.6000E-01    1.4140E+00
    7.6100E-01    1.4104E+00
    7.6200E-01    1.4069E+00
    7.6300E-01    1.4033E+00
    7.6400E-01    1.3998E+00
    7.6500E-01    1.3963E+00
    7.6600E-01    1.3928E+00
    7.6700E-01    1.3893E+00
    7.6800E-01    1.3858E+00
    7.6900E-01    1.3823E+00
    7.7000E-01    1.3789E+00
    7.7100E-01    1.3755E+00
    7.7200E-01    1.3721E+00
    7.7300E-01    1.3687E+00
    7.7400E-01    1.3653E+00
    7.7500E-01    1.3619E+00
    7.7600E-01    1.3586E+00
    7.7700E-01    1.3552E+00
    7.7800E-01    1.3519E+00
    7.7900E-01    1.3486E+00
    7.8000E-01    1.3453E+00
    7.8100E-01    1.3420E+00
    7.8200E-01    1.3388E+00
    7.8300E-01    1.3355E+00
    7.8400E-01    1.3323E+00
    7.8500E-01    1.3291E+00
    7.8600E-01    1.3258E+00
    7.8700E-01    1.3227E+00
    7.8800E-01    1.3195E+00
    7.8900E-01    1.3163E+00
    7.9000E-01    1.3131E+00
    7.9100E-01    1.3100E+00
    7.9200E-01    1.3069E+00
    7.9300E-01    1.3037E+00
    7.9400E-01    1.3006E+00
    7.9500E-01    1.2976E+00
    7.9600E-01    1.2945E+00
    7.9700E-01    1.2914E+00
    7.9800E-01    1.2884E+00
    7.9900E-01    1.2853E+00
    8.0000E-01    1.2823E+00
    8.0100E-01    1.2793E+00
    8.0200E-01    1.2763E+00
    8.0300E-01    1.2733E+00
    8.0400E-01    1.2703E+00
    8.0500E-01    1.2673E+00
    8.0600E-01    1.2644E+00
    8.0700E-01    1.2614E+00
    8.0800E-01    1.2585E+00
    8.0900E-01    1.2556E+00
    8.1000E-01    1.2527E+00
    8.1100E-01    1.2498E+00
    8.1200E-01    1.2469E+00
    8.1300E-01    1.2441E+00
    8.1400E-01    1.2412E+00
    8.1500E-01    1.2383E+00
    8.1600E-01    1.2355E+00
    8.1700E-01    1.2327E+00
    8.1800E-01    1.2299E+00
    8.1900E-01    1.2271E+00
    8.2000E-01    1.2243E+00
    8.2100E-01    1.2215E+00
    8.2200E-01    1.2187E+00
    8.2300E-01    1.2160E+00
    8.2400E-01    1.2132E+00
    8.2500E-01    1.2105E+00
    8.2600E-01    1.2078E+00
    8.2700E-01    1.2051E+00
    8.2800E-01    1.2024E+00
    8.2900E-01    1.1997E+00
    8.3000E-01    1.1970E+00
    8.3100E-01    1.1943E+00
    8.3200E-01    1.1917E+00
    8.3300E-01    1.1890E+00
    8.3400E-01    1.1864E+00
    8.3500E-01    1.1838E+00
    8.3600E-01    1.1811E+00
    8.3700E-01    1.1785E+00
    8.3800E-01    1.1759E+00
    8.3900E-01    1.1734E+00
    8.4000E-01    1.1708E+00
    8.4100E-01    1.1682E+00
    8.4200E-01    1.1657E+00
    8.4300E-01    1.1631E+00
    8.4400E-01    1.1606E+00
    8.4500E-01    1.1581E+00
    8.4600E-01    1.1555E+00
    8.4700E-01    1.1530E+00
    8.4800E-01    1.1505E+00
    8.4900E-01    1.1480E+00
    8.5000E-01    1.1456E+00
    8.5100E-01    1.1431E+00
    8.5200E-01    1.1406E+00
    8.5300E-01    1.1382E+00
    8.5400E-01    1.1357E+00
    8.5500E-01    1.1333E+00
    8.5600E-01    1.1309E+00
    8.5700E-01    1.1285E+00
    8.5800E-01    1.1261E+00
    8.5900E-01    1.1237E+00
    8.6000E-01    1.1213E+00
    8.6100E-01    1.1189E+00
    8.6200E-01    1.1166E+00
    8.6300E-01    1.1142E+00
    8.6400E-01    1.1119E+00
    8.6500E-01    1.1095E+00
    8.6600E-01    1.1072E+00
    8.6700E-01    1.1049E+00
    8.6800E-01    1.1025E+00
    8.6900E-01    1.1002E+00
    8.7000E-01    1.0979E+00
    8.7100E-01    1.0957E+00
    8.7200E-01    1.0934E+00
    8.7300E-01    1.0911E+00
    8.7400E-01    1.0888E+00
    8.7500E-01    1.0866E+00
    8.7600E-01    1.0843E+00
    8.7700E-01    1.0821E+00
    8.7800E-01    1.0799E+00
    8.7900E-01    1.0777E+00
    8.8000E-01    1.0754E+00
    8.8100E-01    1.0732E+00
    8.8200E-01    1.0710E+00
    8.8300E-01    1.0689E+00
    8.8400E-01    1.0667E+00
    8.8500E-01    1.0645E+00
    8.8600E-01    1.0623E+00
    8.8700E-01    1.0602E+00
    8.8800E-01    1.0580E+00
    8.8900E-01    1.0559E+00
    8.9000E-01    1.0538E+00
    8.9100E-01    1.0516E+00
    8.9200E-01    1.0495E+00
    8.9300E-01    1.0474E+00
    8.9400E-01    1.0453E+00
    8.9500E-01    1.0432E+00
    8.9600E-01    1.0411E+00
    8.9700E-01    1.0390E+00
    8.9800E-01    1.0370E+00
    8.9900E-01    1.0349E+00
    9.0000E-01    1.0328E+00
    9.0100E-01    1.0308E+00
    9.0200E-01    1.0288E+00
    9.0300E-01    1.0267E+00
    9.0400E-01    1.0247E+00
    9.0500E-01    1.0227E+00
    9.0600E-01    1.0207E+00
    9.0700E-01    1.0186E+00
    9.0800E-01    1.0166E+00
    9.0900E-01    1.0147E+00
    9.1000E-01    1.0127E+00
    9.1100E-01    1.0107E+00
    9.1200E-01    1.0087E+00
    9.1300E-01    1.0068E+00
    9.1400E-01    1.0048E+00
    9.1500E-01    1.0029E+00
    9.1600E-01    1.0009E+00
    9.1700E-01    9.9897E-01
    9.1800E-01    9.9704E-01
    9.1900E-01    9.9512E-01
    9.2000E-01    9.9320E-01
    9.2100E-01    9.9129E-01
    9.2200E-01    9.8939E-01
    9.2300E-01    9.8749E-01
    9.2400E-01    9.8560E-01
    9.2500E-01    9.8372E-01
    9.2600E-01    9.8184E-01
    9.2700E-01    9.7997E-01
    9.2800E-01    9.7811E-01
    9.2900E-01    9.7625E-01
    9.3000E-01    9.7440E-01
    9.3100E-01    9.7255E-01
    9.3200E-01    9.7071E-01
    9.3300E-01    9.6888E-01
    9.3400E-01    9.6706E-01
    9.3500E-01    9.6524E-01
    9.3600E-01    9.6342E-01
    9.3700E-01    9.6162E-01
    9.3800E-01    9.5981E-01
    9.3900E-01    9.5802E-01
    9.4000E-01    9.5623E-01
    9.4100E-01    9.5445E-01
    9.4200E-01    9.5267E-01
    9.4300E-01    9.5090E-01
    9.4400E-01    9.4914E-01
    9.4500E-01    9.4738E-01
    9.4600E-01    9.4562E-01
    9.4700E-01    9.4388E-01
    9.4800E-01    9.4214E-01
    9.4900E-01    9.4040E-01
    9.5000E-01    9.3867E-01
    9.5100E-01    9.3695E-01
    9.5200E-01    9.3523E-01
    9.5300E-01    9.3352E-01
    9.5400E-01    9.3181E-01
    9.5500E-01    9.3011E-01
    9.5600E-01    9.2842E-01
    9.5700E-01    9.2673E-01
    9.5800E-01    9.2504E-01
    9.5900E-01    9.2336E-01
    9.6000E-01    9.2169E-01
    9.6100E-01    9.2002E-01
    9.6200E-01    9.1836E-01
    9.6300E-01    9.1671E-01
    9.6400E-01    9.1506E-01
    9.6500E-01    9.1341E-01
    9.6600E-01    9.1177E-01
    9.6700E-01    9.1014E-01
    9.6800E-01    9.0851E-01
    9.6900E-01    9.0688E-01
    9.7000E-01    9.0526E-01
    9.7100E-01    9.0365E-01
    9.7200E-01    9.0204E-01
    9.7300E-01    9.0044E-01
    9.7400E-01    8.9884E-01
    9.7500E-01    8.9725E-01
    9.7600E-01    8.9566E-01
    9.7700E-01    8.9408E-01
    9.7800E-01    8.9250E-01
    9.7900E-01    8.9093E-01
    9.8000E-01    8.8937E-01
    9.8100E-01    8.8780E-01
    9.8200E-01    8.8625E-01
    9.8300E-01    8.8470E-01
    9.8400E-01    8.8315E-01
    9.8500E-01    8.8161E-01
    9.8600E-01    8.8007E-01
    9.8700E-01    8.7854E-01
    9.8800E-01    8.7701E-01
    9.8900E-01    8.7549E-01
    9.9000E-01    8.7397E-01
    9.9100E-01    8.7246E-01
    9.9200E-01    8.7095E-01
    9.9300E-01    8.6945E-01
    9.9400E-01    8.6795E-01
    9.9500E-01    8.6646E-01
    9.9600E-01    8.6497E-01
    9.9700E-01    8.6349E-01
    9.9800E-01    8.6201E-01
    9.9900E-01    8.6053E-01
    1.0000E+00    8.5906E-01
