    1.0000E-03    3.7138E+00
    2.0000E-03    3.7265E+00
    3.0000E-03    3.7387E+00
    4.0000E-03    3.7509E+00
    5.0000E-03    3.7633E+00
    6.0000E-03    3.7758E+00
    7.0000E-03    3.7884E+00
    8.0000E-03    3.8012E+00
    9.0000E-03    3.8141E+00
    1.0000E-02    3.8271E+00
    1.1000E-02    3.8402E+00
    1.2000E-02    3.8535E+00
    1.3000E-02    3.8669E+00
    1.4000E-02    3.8805E+00
    1.5000E-02    3.8942E+00
    1.6000E-02    3.9080E+00
    1.7000E-02    3.9221E+00
    1.8000E-02    3.9362E+00
    1.9000E-02    3.9506E+00
    2.0000E-02    3.9651E+00
    2.1000E-02    3.9797E+00
    2.2000E-02    3.9946E+00
    2.3000E-02    4.0096E+00
    2.4000E-02    4.0248E+00
    2.5000E-02    4.0401E+00
    2.6000E-02    4.0557E+00
    2.7000E-02    4.0714E+00
    2.8000E-02    4.0874E+00
    2.9000E-02    4.1035E+00
    3.0000E-02    4.1199E+00
    3.1000E-02    4.1364E+00
    3.2000E-02    4.1532E+00
    3.3000E-02    4.1701E+00
    3.4000E-02    4.1873E+00
    3.5000E-02    4.2047E+00
    3.6000E-02    4.2224E+00
    3.7000E-02    4.2402E+00
    3.8000E-02    4.2583E+00
    3.9000E-02    4.2767E+00
    4.0000E-02    4.2952E+00
    4.1000E-02    4.3140E+00
    4.2000E-02    4.3331E+00
    4.3000E-02    4.3524E+00
    4.4000E-02    4.3719E+00
    4.5000E-02    4.3917E+00
    4.6000E-02    4.4118E+00
    4.7000E-02    4.4321E+00
    4.8000E-02    4.4527E+00
    4.9000E-02    4.4735E+00
    5.0000E-02    4.4947E+00
    5.1000E-02    4.5161E+00
    5.2000E-02    4.5377E+00
    5.3000E-02    4.5596E+00
    5.4000E-02    4.5819E+00
    5.5000E-02    4.6044E+00
    5.6000E-02    4.6271E+00
    5.7000E-02    4.6502E+00
    5.8000E-02    4.6736E+00
    5.9000E-02    4.6972E+00
    6.0000E-02    4.7211E+00
    6.1000E-02    4.7454E+00
    6.2000E-02    4.7699E+00
    6.3000E-02    4.7947E+00
    6.4000E-02    4.8199E+00
    6.5000E-02    4.8453E+00
    6.6000E-02    4.8711E+00
    6.7000E-02    4.8971E+00
    6.8000E-02    4.9235E+00
    6.9000E-02    4.9502E+00
    7.0000E-02    4.9772E+00
    7.1000E-02    5.0045E+00
    7.2000E-02    5.0321E+00
    7.3000E-02    5.0601E+00
    7.4000E-02    5.0883E+00
    7.5000E-02    5.1169E+00
    7.6000E-02    5.1459E+00
    7.7000E-02    5.1751E+00
    7.8000E-02    5.2047E+00
    7.9000E-02    5.2346E+00
    8.0000E-02    5.2649E+00
    8.1000E-02    5.2955E+00
    8.2000E-02    5.3264E+00
    8.3000E-02    5.3577E+00
    8.4000E-02    5.3893E+00
    8.5000E-02    5.4212E+00
    8.6000E-02    5.4535E+00
    8.7000E-02    5.4861E+00
    8.8000E-02    5.5191E+00
    8.9000E-02    5.5525E+00
    9.0000E-02    5.5861E+00
    9.1000E-02    5.6202E+00
    9.2000E-02    5.6546E+00
    9.3000E-02    5.6893E+00
    9.4000E-02    5.7244E+00
    9.5000E-02    5.7599E+00
    9.6000E-02    5.7957E+00
    9.7000E-02    5.8318E+00
    9.8000E-02    5.8683E+00
    9.9000E-02    5.9052E+00
    1.0000E-01    5.9425E+00
    1.0100E-01    5.9801E+00
    1.0200E-01    6.0180E+00
    1.0300E-01    6.0564E+00
    1.0400E-01    6.0950E+00
    1.0500E-01    6.1341E+00
    1.0600E-01    6.1735E+00
    1.0700E-01    6.2133E+00
    1.0800E-01    6.2534E+00
    1.0900E-01    6.2939E+00
    1.1000E-01    6.3348E+00
    1.1100E-01    6.3760E+00
    1.1200E-01    6.4176E+00
    1.1300E-01    6.4596E+00
    1.1400E-01    6.5019E+00
    1.1500E-01    6.5446E+00
    1.1600E-01    6.5876E+00
    1.1700E-01    6.6310E+00
    1.1800E-01    6.6747E+00
    1.1900E-01    6.7189E+00
    1.2000E-01    6.7633E+00
    1.2100E-01    6.8081E+00
    1.2200E-01    6.8533E+00
    1.2300E-01    6.8988E+00
    1.2400E-01    6.9447E+00
    1.2500E-01    6.9909E+00
    1.2600E-01    7.0375E+00
    1.2700E-01    7.0844E+00
    1.2800E-01    7.1316E+00
    1.2900E-01    7.1792E+00
    1.3000E-01    7.2271E+00
    1.3100E-01    7.2753E+00
    1.3200E-01    7.3238E+00
    1.3300E-01    7.3727E+00
    1.3400E-01    7.4219E+00
    1.3500E-01    7.4714E+00
    1.3600E-01    7.5212E+00
    1.3700E-01    7.5713E+00
    1.3800E-01    7.6217E+00
    1.3900E-01    7.6724E+00
    1.4000E-01    7.7234E+00
    1.4100E-01    7.7746E+00
    1.4200E-01    7.8262E+00
    1.4300E-01    7.8780E+00
    1.4400E-01    7.9300E+00
    1.4500E-01    7.9824E+00
    1.4600E-01    8.0349E+00
    1.4700E-01    8.0877E+00
    1.4800E-01    8.1408E+00
    1.4900E-01    8.1940E+00
    1.5000E-01    8.2475E+00
    1.5100E-01    8.3011E+00
    1.5200E-01    8.3550E+00
    1.5300E-01    8.4091E+00
    1.5400E-01    8.4633E+00
    1.5500E-01    8.5177E+00
    1.5600E-01    8.5722E+00
    1.5700E-01    8.6269E+00
    1.5800E-01    8.6817E+00
    1.5900E-01    8.7367E+00
    1.6000E-01    8.7917E+00
    1.6100E-01    8.8468E+00
    1.6200E-01    8.9021E+00
    1.6300E-01    8.9574E+00
    1.6400E-01    9.0127E+00
    1.6500E-01    9.0681E+00
    1.6600E-01    9.1235E+00
    1.6700E-01    9.1789E+00
    1.6800E-01    9.2343E+00
    1.6900E-01    9.2897E+00
    1.7000E-01    9.3451E+00
    1.7100E-01    9.4004E+00
    1.7200E-01    9.4556E+00
    1.7300E-01    9.5108E+00
    1.7400E-01    9.5659E+00
    1.7500E-01    9.6208E+00
    1.7600E-01    9.6756E+00
    1.7700E-01    9.7302E+00
    1.7800E-01    9.7846E+00
    1.7900E-01    9.8389E+00
    1.8000E-01    9.8929E+00
    1.8100E-01    9.9467E+00
    1.8200E-01    1.0000E+01
    1.8300E-01    1.0054E+01
    1.8400E-01    1.0106E+01
    1.8500E-01    1.0159E+01
    1.8600E-01    1.0211E+01
    1.8700E-01    1.0263E+01
    1.8800E-01    1.0315E+01
    1.8900E-01    1.0366E+01
    1.9000E-01    1.0417E+01
    1.9100E-01    1.0467E+01
    1.9200E-01    1.0517E+01
    1.9300E-01    1.0566E+01
    1.9400E-01    1.0615E+01
    1.9500E-01    1.0663E+01
    1.9600E-01    1.0711E+01
    1.9700E-01    1.0758E+01
    1.9800E-01    1.0804E+01
    1.9900E-01    1.0850E+01
    2.0000E-01    1.0895E+01
    2.0100E-01    1.0940E+01
    2.0200E-01    1.0983E+01
    2.0300E-01    1.1026E+01
    2.0400E-01    1.1068E+01
    2.0500E-01    1.1110E+01
    2.0600E-01    1.1151E+01
    2.0700E-01    1.1190E+01
    2.0800E-01    1.1229E+01
    2.0900E-01    1.1267E+01
    2.1000E-01    1.1305E+01
    2.1100E-01    1.1341E+01
    2.1200E-01    1.1376E+01
    2.1300E-01    1.1411E+01
    2.1400E-01    1.1444E+01
    2.1500E-01    1.1476E+01
    2.1600E-01    1.1508E+01
    2.1700E-01    1.1538E+01
    2.1800E-01    1.1567E+01
    2.1900E-01    1.1595E+01
    2.2000E-01    1.1623E+01
    2.2100E-01    1.1648E+01
    2.2200E-01    1.1673E+01
    2.2300E-01    1.1697E+01
    2.2400E-01    1.1719E+01
    2.2500E-01    1.1741E+01
    2.2600E-01    1.1761E+01
    2.2700E-01    1.1780E+01
    2.2800E-01    1.1797E+01
    2.2900E-01    1.1814E+01
    2.3000E-01    1.1829E+01
    2.3100E-01    1.1843E+01
    2.3200E-01    1.1855E+01
    2.3300E-01    1.1867E+01
    2.3400E-01    1.1877E+01
    2.3500E-01    1.1886E+01
    2.3600E-01    1.1893E+01
    2.3700E-01    1.1899E+01
    2.3800E-01    1.1904E+01
    2.3900E-01    1.1908E+01
    2.4000E-01    1.1910E+01
    2.4100E-01    1.1911E+01
    2.4200E-01    1.1910E+01
    2.4300E-01    1.1908E+01
    2.4400E-01    1.1905E+01
    2.4500E-01    1.1901E+01
    2.4600E-01    1.1895E+01
    2.4700E-01    1.1888E+01
    2.4800E-01    1.1880E+01
    2.4900E-01    1.1870E+01
    2.5000E-01    1.1859E+01
    2.5100E-01    1.1847E+01
    2.5200E-01    1.1833E+01
    2.5300E-01    1.1818E+01
    2.5400E-01    1.1802E+01
    2.5500E-01    1.1785E+01
    2.5600E-01    1.1766E+01
    2.5700E-01    1.1746E+01
    2.5800E-01    1.1725E+01
    2.5900E-01    1.1703E+01
    2.6000E-01    1.1679E+01
    2.6100E-01    1.1655E+01
    2.6200E-01    1.1629E+01
    2.6300E-01    1.1602E+01
    2.6400E-01    1.1574E+01
    2.6500E-01    1.1544E+01
    2.6600E-01    1.1514E+01
    2.6700E-01    1.1482E+01
    2.6800E-01    1.1450E+01
    2.6900E-01    1.1416E+01
    2.7000E-01    1.1382E+01
    2.7100E-01    1.1346E+01
    2.7200E-01    1.1310E+01
    2.7300E-01    1.1272E+01
    2.7400E-01    1.1234E+01
    2.7500E-01    1.1195E+01
    2.7600E-01    1.1154E+01
    2.7700E-01    1.1113E+01
    2.7800E-01    1.1071E+01
    2.7900E-01    1.1028E+01
    2.8000E-01    1.0985E+01
    2.8100E-01    1.0940E+01
    2.8200E-01    1.0895E+01
    2.8300E-01    1.0849E+01
    2.8400E-01    1.0803E+01
    2.8500E-01    1.0756E+01
    2.8600E-01    1.0708E+01
    2.8700E-01    1.0659E+01
    2.8800E-01    1.0610E+01
    2.8900E-01    1.0560E+01
    2.9000E-01    1.0510E+01
    2.9100E-01    1.0459E+01
    2.9200E-01    1.0408E+01
    2.9300E-01    1.0356E+01
    2.9400E-01    1.0303E+01
    2.9500E-01    1.0250E+01
    2.9600E-01    1.0197E+01
    2.9700E-01    1.0143E+01
    2.9800E-01    1.0089E+01
    2.9900E-01    1.0035E+01
    3.0000E-01    9.9802E+00
    3.0100E-01    9.9251E+00
    3.0200E-01    9.8697E+00
    3.0300E-01    9.8140E+00
    3.0400E-01    9.7581E+00
    3.0500E-01    9.7019E+00
    3.0600E-01    9.6455E+00
    3.0700E-01    9.5888E+00
    3.0800E-01    9.5320E+00
    3.0900E-01    9.4751E+00
    3.1000E-01    9.4180E+00
    3.1100E-01    9.3607E+00
    3.1200E-01    9.3034E+00
    3.1300E-01    9.2459E+00
    3.1400E-01    9.1884E+00
    3.1500E-01    9.1308E+00
    3.1600E-01    9.0732E+00
    3.1700E-01    9.0156E+00
    3.1800E-01    8.9579E+00
    3.1900E-01    8.9002E+00
    3.2000E-01    8.8426E+00
    3.2100E-01    8.7850E+00
    3.2200E-01    8.7274E+00
    3.2300E-01    8.6699E+00
    3.2400E-01    8.6124E+00
    3.2500E-01    8.5550E+00
    3.2600E-01    8.4978E+00
    3.2700E-01    8.4406E+00
    3.2800E-01    8.3836E+00
    3.2900E-01    8.3266E+00
    3.3000E-01    8.2699E+00
    3.3100E-01    8.2132E+00
    3.3200E-01    8.1568E+00
    3.3300E-01    8.1005E+00
    3.3400E-01    8.0443E+00
    3.3500E-01    7.9884E+00
    3.3600E-01    7.9327E+00
    3.3700E-01    7.8772E+00
    3.3800E-01    7.8218E+00
    3.3900E-01    7.7668E+00
    3.4000E-01    7.7119E+00
    3.4100E-01    7.6573E+00
    3.4200E-01    7.6029E+00
    3.4300E-01    7.5487E+00
    3.4400E-01    7.4949E+00
    3.4500E-01    7.4412E+00
    3.4600E-01    7.3879E+00
    3.4700E-01    7.3348E+00
    3.4800E-01    7.2820E+00
    3.4900E-01    7.2295E+00
    3.5000E-01    7.1772E+00
    3.5100E-01    7.1253E+00
    3.5200E-01    7.0736E+00
    3.5300E-01    7.0223E+00
    3.5400E-01    6.9712E+00
    3.5500E-01    6.9205E+00
    3.5600E-01    6.8700E+00
    3.5700E-01    6.8199E+00
    3.5800E-01    6.7701E+00
    3.5900E-01    6.7206E+00
    3.6000E-01    6.6714E+00
    3.6100E-01    6.6225E+00
    3.6200E-01    6.5740E+00
    3.6300E-01    6.5258E+00
    3.6400E-01    6.4779E+00
    3.6500E-01    6.4304E+00
    3.6600E-01    6.3831E+00
    3.6700E-01    6.3362E+00
    3.6800E-01    6.2897E+00
    3.6900E-01    6.2434E+00
    3.7000E-01    6.1975E+00
    3.7100E-01    6.1519E+00
    3.7200E-01    6.1067E+00
    3.7300E-01    6.0618E+00
    3.7400E-01    6.0172E+00
    3.7500E-01    5.9730E+00
    3.7600E-01    5.9291E+00
    3.7700E-01    5.8855E+00
    3.7800E-01    5.8423E+00
    3.7900E-01    5.7994E+00
    3.8000E-01    5.7568E+00
    3.8100E-01    5.7146E+00
    3.8200E-01    5.6727E+00
    3.8300E-01    5.6311E+00
    3.8400E-01    5.5899E+00
    3.8500E-01    5.5489E+00
    3.8600E-01    5.5083E+00
    3.8700E-01    5.4681E+00
    3.8800E-01    5.4281E+00
    3.8900E-01    5.3885E+00
    3.9000E-01    5.3492E+00
    3.9100E-01    5.3103E+00
    3.9200E-01    5.2716E+00
    3.9300E-01    5.2333E+00
    3.9400E-01    5.1953E+00
    3.9500E-01    5.1576E+00
    3.9600E-01    5.1202E+00
    3.9700E-01    5.0831E+00
    3.9800E-01    5.0464E+00
    3.9900E-01    5.0099E+00
    4.0000E-01    4.9738E+00
    4.0100E-01    4.9380E+00
    4.0200E-01    4.9024E+00
    4.0300E-01    4.8672E+00
    4.0400E-01    4.8323E+00
    4.0500E-01    4.7976E+00
    4.0600E-01    4.7633E+00
    4.0700E-01    4.7293E+00
    4.0800E-01    4.6955E+00
    4.0900E-01    4.6621E+00
    4.1000E-01    4.6289E+00
    4.1100E-01    4.5960E+00
    4.1200E-01    4.5634E+00
    4.1300E-01    4.5311E+00
    4.1400E-01    4.4991E+00
    4.1500E-01    4.4673E+00
    4.1600E-01    4.4359E+00
    4.1700E-01    4.4047E+00
    4.1800E-01    4.3737E+00
    4.1900E-01    4.3431E+00
    4.2000E-01    4.3127E+00
    4.2100E-01    4.2825E+00
    4.2200E-01    4.2527E+00
    4.2300E-01    4.2231E+00
    4.2400E-01    4.1937E+00
    4.2500E-01    4.1647E+00
    4.2600E-01    4.1358E+00
    4.2700E-01    4.1072E+00
    4.2800E-01    4.0789E+00
    4.2900E-01    4.0508E+00
    4.3000E-01    4.0230E+00
    4.3100E-01    3.9954E+00
    4.3200E-01    3.9681E+00
    4.3300E-01    3.9410E+00
    4.3400E-01    3.9141E+00
    4.3500E-01    3.8875E+00
    4.3600E-01    3.8611E+00
    4.3700E-01    3.8349E+00
    4.3800E-01    3.8090E+00
    4.3900E-01    3.7833E+00
    4.4000E-01    3.7578E+00
    4.4100E-01    3.7326E+00
    4.4200E-01    3.7076E+00
    4.4300E-01    3.6827E+00
    4.4400E-01    3.6582E+00
    4.4500E-01    3.6338E+00
    4.4600E-01    3.6096E+00
    4.4700E-01    3.5857E+00
    4.4800E-01    3.5619E+00
    4.4900E-01    3.5384E+00
    4.5000E-01    3.5151E+00
    4.5100E-01    3.4919E+00
    4.5200E-01    3.4690E+00
    4.5300E-01    3.4463E+00
    4.5400E-01    3.4238E+00
    4.5500E-01    3.4015E+00
    4.5600E-01    3.3793E+00
    4.5700E-01    3.3574E+00
    4.5800E-01    3.3356E+00
    4.5900E-01    3.3141E+00
    4.6000E-01    3.2927E+00
    4.6100E-01    3.2715E+00
    4.6200E-01    3.2505E+00
    4.6300E-01    3.2297E+00
    4.6400E-01    3.2091E+00
    4.6500E-01    3.1886E+00
    4.6600E-01    3.1683E+00
    4.6700E-01    3.1482E+00
    4.6800E-01    3.1283E+00
    4.6900E-01    3.1085E+00
    4.7000E-01    3.0889E+00
    4.7100E-01    3.0695E+00
    4.7200E-01    3.0503E+00
    4.7300E-01    3.0312E+00
    4.7400E-01    3.0122E+00
    4.7500E-01    2.9935E+00
    4.7600E-01    2.9749E+00
    4.7700E-01    2.9564E+00
    4.7800E-01    2.9381E+00
    4.7900E-01    2.9200E+00
    4.8000E-01    2.9020E+00
    4.8100E-01    2.8842E+00
    4.8200E-01    2.8665E+00
    4.8300E-01    2.8490E+00
    4.8400E-01    2.8316E+00
    4.8500E-01    2.8144E+00
    4.8600E-01    2.7973E+00
    4.8700E-01    2.7804E+00
    4.8800E-01    2.7636E+00
    4.8900E-01    2.7469E+00
    4.9000E-01    2.7304E+00
    4.9100E-01    2.7140E+00
    4.9200E-01    2.6978E+00
    4.9300E-01    2.6817E+00
    4.9400E-01    2.6657E+00
    4.9500E-01    2.6499E+00
    4.9600E-01    2.6342E+00
    4.9700E-01    2.6186E+00
    4.9800E-01    2.6031E+00
    4.9900E-01    2.5878E+00
    5.0000E-01    2.5726E+00
    5.0100E-01    2.5576E+00
    5.0200E-01    2.5426E+00
    5.0300E-01    2.5278E+00
    5.0400E-01    2.5131E+00
    5.0500E-01    2.4985E+00
    5.0600E-01    2.4840E+00
    5.0700E-01    2.4697E+00
    5.0800E-01    2.4555E+00
    5.0900E-01    2.4414E+00
    5.1000E-01    2.4274E+00
    5.1100E-01    2.4135E+00
    5.1200E-01    2.3997E+00
    5.1300E-01    2.3861E+00
    5.1400E-01    2.3725E+00
    5.1500E-01    2.3591E+00
    5.1600E-01    2.3458E+00
    5.1700E-01    2.3325E+00
    5.1800E-01    2.3194E+00
    5.1900E-01    2.3064E+00
    5.2000E-01    2.2935E+00
    5.2100E-01    2.2807E+00
    5.2200E-01    2.2680E+00
    5.2300E-01    2.2554E+00
    5.2400E-01    2.2429E+00
    5.2500E-01    2.2305E+00
    5.2600E-01    2.2182E+00
    5.2700E-01    2.2060E+00
    5.2800E-01    2.1939E+00
    5.2900E-01    2.1819E+00
    5.3000E-01    2.1700E+00
    5.3100E-01    2.1581E+00
    5.3200E-01    2.1464E+00
    5.3300E-01    2.1348E+00
    5.3400E-01    2.1232E+00
    5.3500E-01    2.1117E+00
    5.3600E-01    2.1004E+00
    5.3700E-01    2.0891E+00
    5.3800E-01    2.0779E+00
    5.3900E-01    2.0668E+00
    5.4000E-01    2.0557E+00
    5.4100E-01    2.0448E+00
    5.4200E-01    2.0340E+00
    5.4300E-01    2.0232E+00
    5.4400E-01    2.0125E+00
    5.4500E-01    2.0019E+00
    5.4600E-01    1.9914E+00
    5.4700E-01    1.9809E+00
    5.4800E-01    1.9705E+00
    5.4900E-01    1.9603E+00
    5.5000E-01    1.9500E+00
    5.5100E-01    1.9399E+00
    5.5200E-01    1.9298E+00
    5.5300E-01    1.9199E+00
    5.5400E-01    1.9100E+00
    5.5500E-01    1.9001E+00
    5.5600E-01    1.8904E+00
    5.5700E-01    1.8807E+00
    5.5800E-01    1.8711E+00
    5.5900E-01    1.8615E+00
    5.6000E-01    1.8521E+00
    5.6100E-01    1.8427E+00
    5.6200E-01    1.8333E+00
    5.6300E-01    1.8241E+00
    5.6400E-01    1.8149E+00
    5.6500E-01    1.8057E+00
    5.6600E-01    1.7967E+00
    5.6700E-01    1.7877E+00
    5.6800E-01    1.7788E+00
    5.6900E-01    1.7699E+00
    5.7000E-01    1.7611E+00
    5.7100E-01    1.7524E+00
    5.7200E-01    1.7437E+00
    5.7300E-01    1.7351E+00
    5.7400E-01    1.7265E+00
    5.7500E-01    1.7181E+00
    5.7600E-01    1.7096E+00
    5.7700E-01    1.7013E+00
    5.7800E-01    1.6930E+00
    5.7900E-01    1.6847E+00
    5.8000E-01    1.6766E+00
    5.8100E-01    1.6684E+00
    5.8200E-01    1.6604E+00
    5.8300E-01    1.6524E+00
    5.8400E-01    1.6444E+00
    5.8500E-01    1.6365E+00
    5.8600E-01    1.6287E+00
    5.8700E-01    1.6209E+00
    5.8800E-01    1.6132E+00
    5.8900E-01    1.6055E+00
    5.9000E-01    1.5979E+00
    5.9100E-01    1.5903E+00
    5.9200E-01    1.5828E+00
    5.9300E-01    1.5753E+00
    5.9400E-01    1.5679E+00
    5.9500E-01    1.5605E+00
    5.9600E-01    1.5532E+00
    5.9700E-01    1.5460E+00
    5.9800E-01    1.5388E+00
    5.9900E-01    1.5316E+00
    6.0000E-01    1.5245E+00
    6.0100E-01    1.5174E+00
    6.0200E-01    1.5104E+00
    6.0300E-01    1.5035E+00
    6.0400E-01    1.4966E+00
    6.0500E-01    1.4897E+00
    6.0600E-01    1.4829E+00
    6.0700E-01    1.4761E+00
    6.0800E-01    1.4694E+00
    6.0900E-01    1.4627E+00
    6.1000E-01    1.4560E+00
    6.1100E-01    1.4494E+00
    6.1200E-01    1.4429E+00
    6.1300E-01    1.4364E+00
    6.1400E-01    1.4299E+00
    6.1500E-01    1.4235E+00
    6.1600E-01    1.4171E+00
    6.1700E-01    1.4108E+00
    6.1800E-01    1.4045E+00
    6.1900E-01    1.3983E+00
    6.2000E-01    1.3921E+00
    6.2100E-01    1.3859E+00
    6.2200E-01    1.3798E+00
    6.2300E-01    1.3737E+00
    6.2400E-01    1.3676E+00
    6.2500E-01    1.3616E+00
    6.2600E-01    1.3557E+00
    6.2700E-01    1.3497E+00
    6.2800E-01    1.3438E+00
    6.2900E-01    1.3380E+00
    6.3000E-01    1.3322E+00
    6.3100E-01    1.3264E+00
    6.3200E-01    1.3207E+00
    6.3300E-01    1.3150E+00
    6.3400E-01    1.3093E+00
    6.3500E-01    1.3037E+00
    6.3600E-01    1.2981E+00
    6.3700E-01    1.2925E+00
    6.3800E-01    1.2870E+00
    6.3900E-01    1.2815E+00
    6.4000E-01    1.2761E+00
    6.4100E-01    1.2707E+00
    6.4200E-01    1.2653E+00
    6.4300E-01    1.2599E+00
    6.4400E-01    1.2546E+00
    6.4500E-01    1.2493E+00
    6.4600E-01    1.2441E+00
    6.4700E-01    1.2389E+00
    6.4800E-01    1.2337E+00
    6.4900E-01    1.2286E+00
    6.5000E-01    1.2234E+00
    6.5100E-01    1.2184E+00
    6.5200E-01    1.2133E+00
    6.5300E-01    1.2083E+00
    6.5400E-01    1.2033E+00
    6.5500E-01    1.1984E+00
    6.5600E-01    1.1934E+00
    6.5700E-01    1.1885E+00
    6.5800E-01    1.1837E+00
    6.5900E-01    1.1788E+00
    6.6000E-01    1.1740E+00
    6.6100E-01    1.1692E+00
    6.6200E-01    1.1645E+00
    6.6300E-01    1.1598E+00
    6.6400E-01    1.1551E+00
    6.6500E-01    1.1504E+00
    6.6600E-01    1.1458E+00
    6.6700E-01    1.1412E+00
    6.6800E-01    1.1366E+00
    6.6900E-01    1.1321E+00
    6.7000E-01    1.1275E+00
    6.7100E-01    1.1231E+00
    6.7200E-01    1.1186E+00
    6.7300E-01    1.1141E+00
    6.7400E-01    1.1097E+00
    6.7500E-01    1.1053E+00
    6.7600E-01    1.1010E+00
    6.7700E-01    1.0967E+00
    6.7800E-01    1.0923E+00
    6.7900E-01    1.0881E+00
    6.8000E-01    1.0838E+00
    6.8100E-01    1.0796E+00
    6.8200E-01    1.0754E+00
    6.8300E-01    1.0712E+00
    6.8400E-01    1.0670E+00
    6.8500E-01    1.0629E+00
    6.8600E-01    1.0588E+00
    6.8700E-01    1.0547E+00
    6.8800E-01    1.0506E+00
    6.8900E-01    1.0466E+00
    6.9000E-01    1.0426E+00
    6.9100E-01    1.0386E+00
    6.9200E-01    1.0346E+00
    6.9300E-01    1.0307E+00
    6.9400E-01    1.0267E+00
    6.9500E-01    1.0228E+00
    6.9600E-01    1.0190E+00
    6.9700E-01    1.0151E+00
    6.9800E-01    1.0113E+00
    6.9900E-01    1.0075E+00
    7.0000E-01    1.0037E+00
    7.0100E-01    9.9991E-01
    7.0200E-01    9.9617E-01
    7.0300E-01    9.9244E-01
    7.0400E-01    9.8874E-01
    7.0500E-01    9.8506E-01
    7.0600E-01    9.8139E-01
    7.0700E-01    9.7775E-01
    7.0800E-01    9.7413E-01
    7.0900E-01    9.7053E-01
    7.1000E-01    9.6695E-01
    7.1100E-01    9.6339E-01
    7.1200E-01    9.5985E-01
    7.1300E-01    9.5633E-01
    7.1400E-01    9.5283E-01
    7.1500E-01    9.4935E-01
    7.1600E-01    9.4589E-01
    7.1700E-01    9.4245E-01
    7.1800E-01    9.3902E-01
    7.1900E-01    9.3562E-01
    7.2000E-01    9.3223E-01
    7.2100E-01    9.2886E-01
    7.2200E-01    9.2552E-01
    7.2300E-01    9.2219E-01
    7.2400E-01    9.1887E-01
    7.2500E-01    9.1558E-01
    7.2600E-01    9.1230E-01
    7.2700E-01    9.0905E-01
    7.2800E-01    9.0581E-01
    7.2900E-01    9.0258E-01
    7.3000E-01    8.9938E-01
    7.3100E-01    8.9619E-01
    7.3200E-01    8.9302E-01
    7.3300E-01    8.8987E-01
    7.3400E-01    8.8673E-01
    7.3500E-01    8.8361E-01
    7.3600E-01    8.8051E-01
    7.3700E-01    8.7742E-01
    7.3800E-01    8.7435E-01
    7.3900E-01    8.7130E-01
    7.4000E-01    8.6826E-01
    7.4100E-01    8.6524E-01
    7.4200E-01    8.6224E-01
    7.4300E-01    8.5925E-01
    7.4400E-01    8.5628E-01
    7.4500E-01    8.5332E-01
    7.4600E-01    8.5038E-01
    7.4700E-01    8.4745E-01
    7.4800E-01    8.4454E-01
    7.4900E-01    8.4165E-01
    7.5000E-01    8.3877E-01
    7.5100E-01    8.3590E-01
    7.5200E-01    8.3305E-01
    7.5300E-01    8.3022E-01
    7.5400E-01    8.2739E-01
    7.5500E-01    8.2459E-01
    7.5600E-01    8.2180E-01
    7.5700E-01    8.1902E-01
    7.5800E-01    8.1626E-01
    7.5900E-01    8.1351E-01
    7.6000E-01    8.1078E-01
    7.6100E-01    8.0806E-01
    7.6200E-01    8.0535E-01
    7.6300E-01    8.0266E-01
    7.6400E-01    7.9998E-01
    7.6500E-01    7.9732E-01
    7.6600E-01    7.9467E-01
    7.6700E-01    7.9203E-01
    7.6800E-01    7.8940E-01
    7.6900E-01    7.8679E-01
    7.7000E-01    7.8420E-01
    7.7100E-01    7.8161E-01
    7.7200E-01    7.7904E-01
    7.7300E-01    7.7648E-01
    7.7400E-01    7.7394E-01
    7.7500E-01    7.7140E-01
    7.7600E-01    7.6888E-01
    7.7700E-01    7.6638E-01
    7.7800E-01    7.6388E-01
    7.7900E-01    7.6140E-01
    7.8000E-01    7.5893E-01
    7.8100E-01    7.5647E-01
    7.8200E-01    7.5403E-01
    7.8300E-01    7.5160E-01
    7.8400E-01    7.4917E-01
    7.8500E-01    7.4677E-01
    7.8600E-01    7.4437E-01
    7.8700E-01    7.4198E-01
    7.8800E-01    7.3961E-01
    7.8900E-01    7.3725E-01
    7.9000E-01    7.3490E-01
    7.9100E-01    7.3256E-01
    7.9200E-01    7.3023E-01
    7.9300E-01    7.2792E-01
    7.9400E-01    7.2561E-01
    7.9500E-01    7.2332E-01
    7.9600E-01    7.2104E-01
    7.9700E-01    7.1876E-01
    7.9800E-01    7.1650E-01
    7.9900E-01    7.1425E-01
    8.0000E-01    7.1202E-01
    8.0100E-01    7.0979E-01
    8.0200E-01    7.0757E-01
    8.0300E-01    7.0537E-01
    8.0400E-01    7.0317E-01
    8.0500E-01    7.0099E-01
    8.0600E-01    6.9881E-01
    8.0700E-01    6.9665E-01
    8.0800E-01    6.9449E-01
    8.0900E-01    6.9235E-01
    8.1000E-01    6.9022E-01
    8.1100E-01    6.8809E-01
    8.1200E-01    6.8598E-01
    8.1300E-01    6.8388E-01
    8.1400E-01    6.8178E-01
    8.1500E-01    6.7970E-01
    8.1600E-01    6.7763E-01
    8.1700E-01    6.7556E-01
    8.1800E-01    6.7351E-01
    8.1900E-01    6.7146E-01
    8.2000E-01    6.6943E-01
    8.2100E-01    6.6740E-01
    8.2200E-01    6.6539E-01
    8.2300E-01    6.6338E-01
    8.2400E-01    6.6138E-01
    8.2500E-01    6.5940E-01
    8.2600E-01    6.5742E-01
    8.2700E-01    6.5545E-01
    8.2800E-01    6.5349E-01
    8.2900E-01    6.5154E-01
    8.3000E-01    6.4959E-01
    8.3100E-01    6.4766E-01
    8.3200E-01    6.4574E-01
    8.3300E-01    6.4382E-01
    8.3400E-01    6.4191E-01
    8.3500E-01    6.4002E-01
    8.3600E-01    6.3813E-01
    8.3700E-01    6.3625E-01
    8.3800E-01    6.3437E-01
    8.3900E-01    6.3251E-01
    8.4000E-01    6.3065E-01
    8.4100E-01    6.2881E-01
    8.4200E-01    6.2697E-01
    8.4300E-01    6.2514E-01
    8.4400E-01    6.2332E-01
    8.4500E-01    6.2150E-01
    8.4600E-01    6.1970E-01
    8.4700E-01    6.1790E-01
    8.4800E-01    6.1611E-01
    8.4900E-01    6.1433E-01
    8.5000E-01    6.1256E-01
    8.5100E-01    6.1079E-01
    8.5200E-01    6.0903E-01
    8.5300E-01    6.0728E-01
    8.5400E-01    6.0554E-01
    8.5500E-01    6.0381E-01
    8.5600E-01    6.0208E-01
    8.5700E-01    6.0036E-01
    8.5800E-01    5.9865E-01
    8.5900E-01    5.9695E-01
    8.6000E-01    5.9525E-01
    8.6100E-01    5.9356E-01
    8.6200E-01    5.9188E-01
    8.6300E-01    5.9021E-01
    8.6400E-01    5.8854E-01
    8.6500E-01    5.8688E-01
    8.6600E-01    5.8523E-01
    8.6700E-01    5.8358E-01
    8.6800E-01    5.8195E-01
    8.6900E-01    5.8032E-01
    8.7000E-01    5.7869E-01
    8.7100E-01    5.7708E-01
    8.7200E-01    5.7547E-01
    8.7300E-01    5.7386E-01
    8.7400E-01    5.7227E-01
    8.7500E-01    5.7068E-01
    8.7600E-01    5.6910E-01
    8.7700E-01    5.6752E-01
    8.7800E-01    5.6595E-01
    8.7900E-01    5.6439E-01
    8.8000E-01    5.6284E-01
    8.8100E-01    5.6129E-01
    8.8200E-01    5.5975E-01
    8.8300E-01    5.5821E-01
    8.8400E-01    5.5668E-01
    8.8500E-01    5.5516E-01
    8.8600E-01    5.5365E-01
    8.8700E-01    5.5214E-01
    8.8800E-01    5.5063E-01
    8.8900E-01    5.4914E-01
    8.9000E-01    5.4765E-01
    8.9100E-01    5.4616E-01
    8.9200E-01    5.4469E-01
    8.9300E-01    5.4322E-01
    8.9400E-01    5.4175E-01
    8.9500E-01    5.4029E-01
    8.9600E-01    5.3884E-01
    8.9700E-01    5.3739E-01
    8.9800E-01    5.3595E-01
    8.9900E-01    5.3452E-01
    9.0000E-01    5.3309E-01
    9.0100E-01    5.3166E-01
    9.0200E-01    5.3025E-01
    9.0300E-01    5.2884E-01
    9.0400E-01    5.2743E-01
    9.0500E-01    5.2603E-01
    9.0600E-01    5.2464E-01
    9.0700E-01    5.2325E-01
    9.0800E-01    5.2187E-01
    9.0900E-01    5.2049E-01
    9.1000E-01    5.1912E-01
    9.1100E-01    5.1775E-01
    9.1200E-01    5.1639E-01
    9.1300E-01    5.1504E-01
    9.1400E-01    5.1369E-01
    9.1500E-01    5.1235E-01
    9.1600E-01    5.1101E-01
    9.1700E-01    5.0968E-01
    9.1800E-01    5.0835E-01
    9.1900E-01    5.0703E-01
    9.2000E-01    5.0571E-01
    9.2100E-01    5.0440E-01
    9.2200E-01    5.0310E-01
    9.2300E-01    5.0180E-01
    9.2400E-01    5.0050E-01
    9.2500E-01    4.9921E-01
    9.2600E-01    4.9793E-01
    9.2700E-01    4.9665E-01
    9.2800E-01    4.9537E-01
    9.2900E-01    4.9410E-01
    9.3000E-01    4.9284E-01
    9.3100E-01    4.9158E-01
    9.3200E-01    4.9033E-01
    9.3300E-01    4.8908E-01
    9.3400E-01    4.8783E-01
    9.3500E-01    4.8659E-01
    9.3600E-01    4.8536E-01
    9.3700E-01    4.8413E-01
    9.3800E-01    4.8291E-01
    9.3900E-01    4.8169E-01
    9.4000E-01    4.8047E-01
    9.4100E-01    4.7926E-01
    9.4200E-01    4.7806E-01
    9.4300E-01    4.7685E-01
    9.4400E-01    4.7566E-01
    9.4500E-01    4.7447E-01
    9.4600E-01    4.7328E-01
    9.4700E-01    4.7210E-01
    9.4800E-01    4.7092E-01
    9.4900E-01    4.6975E-01
    9.5000E-01    4.6858E-01
    9.5100E-01    4.6742E-01
    9.5200E-01    4.6626E-01
    9.5300E-01    4.6510E-01
    9.5400E-01    4.6395E-01
    9.5500E-01    4.6281E-01
    9.5600E-01    4.6166E-01
    9.5700E-01    4.6053E-01
    9.5800E-01    4.5939E-01
    9.5900E-01    4.5827E-01
    9.6000E-01    4.5714E-01
    9.6100E-01    4.5602E-01
    9.6200E-01    4.5491E-01
    9.6300E-01    4.5380E-01
    9.6400E-01    4.5269E-01
    9.6500E-01    4.5159E-01
    9.6600E-01    4.5049E-01
    9.6700E-01    4.4939E-01
    9.6800E-01    4.4830E-01
    9.6900E-01    4.4722E-01
    9.7000E-01    4.4613E-01
    9.7100E-01    4.4506E-01
    9.7200E-01    4.4398E-01
    9.7300E-01    4.4291E-01
    9.7400E-01    4.4185E-01
    9.7500E-01    4.4079E-01
    9.7600E-01    4.3973E-01
    9.7700E-01    4.3867E-01
    9.7800E-01    4.3762E-01
    9.7900E-01    4.3658E-01
    9.8000E-01    4.3554E-01
    9.8100E-01    4.3450E-01
    9.8200E-01    4.3346E-01
    9.8300E-01    4.3243E-01
    9.8400E-01    4.3141E-01
    9.8500E-01    4.3038E-01
    9.8600E-01    4.2936E-01
    9.8700E-01    4.2835E-01
    9.8800E-01    4.2734E-01
    9.8900E-01    4.2633E-01
    9.9000E-01    4.2533E-01
    9.9100E-01    4.2433E-01
    9.9200E-01    4.2333E-01
    9.9300E-01    4.2234E-01
    9.9400E-01    4.2135E-01
    9.9500E-01    4.2036E-01
    9.9600E-01    4.1938E-01
    9.9700E-01    4.1840E-01
    9.9800E-01    4.1743E-01
    9.9900E-01    4.1645E-01
    1.0000E+00    4.1549E-01
