    1.0000E-03    3.0689E-09
    2.0000E-03    3.0557E-09
    3.0000E-03    3.0425E-09
    4.0000E-03    3.0292E-09
    5.0000E-03    3.0157E-09
    6.0000E-03    3.0022E-09
    7.0000E-03    2.9885E-09
    8.0000E-03    2.9747E-09
    9.0000E-03    2.9608E-09
    1.0000E-02    2.9467E-09
    1.1000E-02    2.9325E-09
    1.2000E-02    2.9181E-09
    1.3000E-02    2.9036E-09
    1.4000E-02    2.8890E-09
    1.5000E-02    2.8744E-09
    1.6000E-02    2.8596E-09
    1.7000E-02    2.8448E-09
    1.8000E-02    2.8299E-09
    1.9000E-02    2.8151E-09
    2.0000E-02    2.8002E-09
    2.1000E-02    2.7853E-09
    2.2000E-02    2.7705E-09
    2.3000E-02    2.7556E-09
    2.4000E-02    2.7409E-09
    2.5000E-02    2.7262E-09
    2.6000E-02    2.7116E-09
    2.7000E-02    2.6971E-09
    2.8000E-02    2.6827E-09
    2.9000E-02    2.6684E-09
    3.0000E-02    2.6542E-09
    3.1000E-02    2.6402E-09
    3.2000E-02    2.6263E-09
    3.3000E-02    2.6125E-09
    3.4000E-02    2.5989E-09
    3.5000E-02    2.5854E-09
    3.6000E-02    2.5720E-09
    3.7000E-02    2.5588E-09
    3.8000E-02    2.5458E-09
    3.9000E-02    2.5330E-09
    4.0000E-02    2.5203E-09
    4.1000E-02    2.5077E-09
    4.2000E-02    2.4953E-09
    4.3000E-02    2.4831E-09
    4.4000E-02    2.4711E-09
    4.5000E-02    2.4592E-09
    4.6000E-02    2.4475E-09
    4.7000E-02    2.4359E-09
    4.8000E-02    2.4245E-09
    4.9000E-02    2.4133E-09
    5.0000E-02    2.4022E-09
    5.1000E-02    2.3913E-09
    5.2000E-02    2.3805E-09
    5.3000E-02    2.3699E-09
    5.4000E-02    2.3595E-09
    5.5000E-02    2.3492E-09
    5.6000E-02    2.3390E-09
    5.7000E-02    2.3290E-09
    5.8000E-02    2.3192E-09
    5.9000E-02    2.3095E-09
    6.0000E-02    2.2999E-09
    6.1000E-02    2.2905E-09
    6.2000E-02    2.2812E-09
    6.3000E-02    2.2721E-09
    6.4000E-02    2.2631E-09
    6.5000E-02    2.2542E-09
    6.6000E-02    2.2455E-09
    6.7000E-02    2.2368E-09
    6.8000E-02    2.2284E-09
    6.9000E-02    2.2200E-09
    7.0000E-02    2.2118E-09
    7.1000E-02    2.2036E-09
    7.2000E-02    2.1956E-09
    7.3000E-02    2.1878E-09
    7.4000E-02    2.1800E-09
    7.5000E-02    2.1723E-09
    7.6000E-02    2.1648E-09
    7.7000E-02    2.1574E-09
    7.8000E-02    2.1500E-09
    7.9000E-02    2.1428E-09
    8.0000E-02    2.1357E-09
    8.1000E-02    2.1287E-09
    8.2000E-02    2.1218E-09
    8.3000E-02    2.1150E-09
    8.4000E-02    2.1082E-09
    8.5000E-02    2.1016E-09
    8.6000E-02    2.0951E-09
    8.7000E-02    2.0887E-09
    8.8000E-02    2.0823E-09
    8.9000E-02    2.0760E-09
    9.0000E-02    2.0699E-09
    9.1000E-02    2.0638E-09
    9.2000E-02    2.0578E-09
    9.3000E-02    2.0519E-09
    9.4000E-02    2.0460E-09
    9.5000E-02    2.0403E-09
    9.6000E-02    2.0346E-09
    9.7000E-02    2.0290E-09
    9.8000E-02    2.0234E-09
    9.9000E-02    2.0180E-09
    1.0000E-01    2.0126E-09
    1.0100E-01    2.0073E-09
    1.0200E-01    2.0020E-09
    1.0300E-01    1.9969E-09
    1.0400E-01    1.9918E-09
    1.0500E-01    1.9867E-09
    1.0600E-01    1.9818E-09
    1.0700E-01    1.9769E-09
    1.0800E-01    1.9720E-09
    1.0900E-01    1.9672E-09
    1.1000E-01    1.9625E-09
    1.1100E-01    1.9579E-09
    1.1200E-01    1.9533E-09
    1.1300E-01    1.9487E-09
    1.1400E-01    1.9442E-09
    1.1500E-01    1.9398E-09
    1.1600E-01    1.9355E-09
    1.1700E-01    1.9311E-09
    1.1800E-01    1.9269E-09
    1.1900E-01    1.9227E-09
    1.2000E-01    1.9185E-09
    1.2100E-01    1.9144E-09
    1.2200E-01    1.9104E-09
    1.2300E-01    1.9063E-09
    1.2400E-01    1.9024E-09
    1.2500E-01    1.8985E-09
    1.2600E-01    1.8946E-09
    1.2700E-01    1.8908E-09
    1.2800E-01    1.8870E-09
    1.2900E-01    1.8833E-09
    1.3000E-01    1.8796E-09
    1.3100E-01    1.8760E-09
    1.3200E-01    1.8724E-09
    1.3300E-01    1.8689E-09
    1.3400E-01    1.8653E-09
    1.3500E-01    1.8619E-09
    1.3600E-01    1.8585E-09
    1.3700E-01    1.8551E-09
    1.3800E-01    1.8517E-09
    1.3900E-01    1.8484E-09
    1.4000E-01    1.8451E-09
    1.4100E-01    1.8419E-09
    1.4200E-01    1.8387E-09
    1.4300E-01    1.8355E-09
    1.4400E-01    1.8324E-09
    1.4500E-01    1.8293E-09
    1.4600E-01    1.8263E-09
    1.4700E-01    1.8232E-09
    1.4800E-01    1.8203E-09
    1.4900E-01    1.8173E-09
    1.5000E-01    1.8144E-09
    1.5100E-01    1.8115E-09
    1.5200E-01    1.8086E-09
    1.5300E-01    1.8058E-09
    1.5400E-01    1.8030E-09
    1.5500E-01    1.8003E-09
    1.5600E-01    1.7975E-09
    1.5700E-01    1.7948E-09
    1.5800E-01    1.7921E-09
    1.5900E-01    1.7895E-09
    1.6000E-01    1.7869E-09
    1.6100E-01    1.7843E-09
    1.6200E-01    1.7817E-09
    1.6300E-01    1.7792E-09
    1.6400E-01    1.7767E-09
    1.6500E-01    1.7742E-09
    1.6600E-01    1.7717E-09
    1.6700E-01    1.7693E-09
    1.6800E-01    1.7669E-09
    1.6900E-01    1.7645E-09
    1.7000E-01    1.7622E-09
    1.7100E-01    1.7598E-09
    1.7200E-01    1.7575E-09
    1.7300E-01    1.7552E-09
    1.7400E-01    1.7530E-09
    1.7500E-01    1.7507E-09
    1.7600E-01    1.7485E-09
    1.7700E-01    1.7463E-09
    1.7800E-01    1.7442E-09
    1.7900E-01    1.7420E-09
    1.8000E-01    1.7399E-09
    1.8100E-01    1.7378E-09
    1.8200E-01    1.7357E-09
    1.8300E-01    1.7336E-09
    1.8400E-01    1.7316E-09
    1.8500E-01    1.7296E-09
    1.8600E-01    1.7276E-09
    1.8700E-01    1.7256E-09
    1.8800E-01    1.7236E-09
    1.8900E-01    1.7217E-09
    1.9000E-01    1.7197E-09
    1.9100E-01    1.7178E-09
    1.9200E-01    1.7160E-09
    1.9300E-01    1.7141E-09
    1.9400E-01    1.7122E-09
    1.9500E-01    1.7104E-09
    1.9600E-01    1.7086E-09
    1.9700E-01    1.7068E-09
    1.9800E-01    1.7050E-09
    1.9900E-01    1.7033E-09
    2.0000E-01    1.7015E-09
    2.0100E-01    1.6998E-09
    2.0200E-01    1.6981E-09
    2.0300E-01    1.6964E-09
    2.0400E-01    1.6947E-09
    2.0500E-01    1.6930E-09
    2.0600E-01    1.6914E-09
    2.0700E-01    1.6897E-09
    2.0800E-01    1.6881E-09
    2.0900E-01    1.6865E-09
    2.1000E-01    1.6849E-09
    2.1100E-01    1.6834E-09
    2.1200E-01    1.6818E-09
    2.1300E-01    1.6803E-09
    2.1400E-01    1.6787E-09
    2.1500E-01    1.6772E-09
    2.1600E-01    1.6757E-09
    2.1700E-01    1.6742E-09
    2.1800E-01    1.6727E-09
    2.1900E-01    1.6713E-09
    2.2000E-01    1.6698E-09
    2.2100E-01    1.6684E-09
    2.2200E-01    1.6670E-09
    2.2300E-01    1.6656E-09
    2.2400E-01    1.6642E-09
    2.2500E-01    1.6628E-09
    2.2600E-01    1.6614E-09
    2.2700E-01    1.6601E-09
    2.2800E-01    1.6587E-09
    2.2900E-01    1.6574E-09
    2.3000E-01    1.6561E-09
    2.3100E-01    1.6548E-09
    2.3200E-01    1.6535E-09
    2.3300E-01    1.6522E-09
    2.3400E-01    1.6509E-09
    2.3500E-01    1.6496E-09
    2.3600E-01    1.6484E-09
    2.3700E-01    1.6471E-09
    2.3800E-01    1.6459E-09
    2.3900E-01    1.6447E-09
    2.4000E-01    1.6435E-09
    2.4100E-01    1.6423E-09
    2.4200E-01    1.6411E-09
    2.4300E-01    1.6399E-09
    2.4400E-01    1.6387E-09
    2.4500E-01    1.6376E-09
    2.4600E-01    1.6364E-09
    2.4700E-01    1.6353E-09
    2.4800E-01    1.6342E-09
    2.4900E-01    1.6331E-09
    2.5000E-01    1.6319E-09
    2.5100E-01    1.6309E-09
    2.5200E-01    1.6298E-09
    2.5300E-01    1.6287E-09
    2.5400E-01    1.6276E-09
    2.5500E-01    1.6266E-09
    2.5600E-01    1.6255E-09
    2.5700E-01    1.6245E-09
    2.5800E-01    1.6234E-09
    2.5900E-01    1.6224E-09
    2.6000E-01    1.6214E-09
    2.6100E-01    1.6204E-09
    2.6200E-01    1.6194E-09
    2.6300E-01    1.6184E-09
    2.6400E-01    1.6174E-09
    2.6500E-01    1.6164E-09
    2.6600E-01    1.6155E-09
    2.6700E-01    1.6145E-09
    2.6800E-01    1.6136E-09
    2.6900E-01    1.6126E-09
    2.7000E-01    1.6117E-09
    2.7100E-01    1.6108E-09
    2.7200E-01    1.6098E-09
    2.7300E-01    1.6089E-09
    2.7400E-01    1.6080E-09
    2.7500E-01    1.6071E-09
    2.7600E-01    1.6063E-09
    2.7700E-01    1.6054E-09
    2.7800E-01    1.6045E-09
    2.7900E-01    1.6036E-09
    2.8000E-01    1.6028E-09
    2.8100E-01    1.6019E-09
    2.8200E-01    1.6011E-09
    2.8300E-01    1.6003E-09
    2.8400E-01    1.5994E-09
    2.8500E-01    1.5986E-09
    2.8600E-01    1.5978E-09
    2.8700E-01    1.5970E-09
    2.8800E-01    1.5962E-09
    2.8900E-01    1.5954E-09
    2.9000E-01    1.5946E-09
    2.9100E-01    1.5938E-09
    2.9200E-01    1.5930E-09
    2.9300E-01    1.5923E-09
    2.9400E-01    1.5915E-09
    2.9500E-01    1.5907E-09
    2.9600E-01    1.5900E-09
    2.9700E-01    1.5892E-09
    2.9800E-01    1.5885E-09
    2.9900E-01    1.5878E-09
    3.0000E-01    1.5871E-09
    3.0100E-01    1.5863E-09
    3.0200E-01    1.5856E-09
    3.0300E-01    1.5849E-09
    3.0400E-01    1.5842E-09
    3.0500E-01    1.5835E-09
    3.0600E-01    1.5828E-09
    3.0700E-01    1.5821E-09
    3.0800E-01    1.5815E-09
    3.0900E-01    1.5808E-09
    3.1000E-01    1.5801E-09
    3.1100E-01    1.5795E-09
    3.1200E-01    1.5788E-09
    3.1300E-01    1.5781E-09
    3.1400E-01    1.5775E-09
    3.1500E-01    1.5769E-09
    3.1600E-01    1.5762E-09
    3.1700E-01    1.5756E-09
    3.1800E-01    1.5750E-09
    3.1900E-01    1.5743E-09
    3.2000E-01    1.5737E-09
    3.2100E-01    1.5731E-09
    3.2200E-01    1.5725E-09
    3.2300E-01    1.5719E-09
    3.2400E-01    1.5713E-09
    3.2500E-01    1.5707E-09
    3.2600E-01    1.5701E-09
    3.2700E-01    1.5696E-09
    3.2800E-01    1.5690E-09
    3.2900E-01    1.5684E-09
    3.3000E-01    1.5678E-09
    3.3100E-01    1.5673E-09
    3.3200E-01    1.5667E-09
    3.3300E-01    1.5662E-09
    3.3400E-01    1.5656E-09
    3.3500E-01    1.5651E-09
    3.3600E-01    1.5645E-09
    3.3700E-01    1.5640E-09
    3.3800E-01    1.5635E-09
    3.3900E-01    1.5629E-09
    3.4000E-01    1.5624E-09
    3.4100E-01    1.5619E-09
    3.4200E-01    1.5614E-09
    3.4300E-01    1.5609E-09
    3.4400E-01    1.5604E-09
    3.4500E-01    1.5599E-09
    3.4600E-01    1.5594E-09
    3.4700E-01    1.5589E-09
    3.4800E-01    1.5584E-09
    3.4900E-01    1.5579E-09
    3.5000E-01    1.5574E-09
    3.5100E-01    1.5570E-09
    3.5200E-01    1.5565E-09
    3.5300E-01    1.5560E-09
    3.5400E-01    1.5555E-09
    3.5500E-01    1.5551E-09
    3.5600E-01    1.5546E-09
    3.5700E-01    1.5542E-09
    3.5800E-01    1.5537E-09
    3.5900E-01    1.5533E-09
    3.6000E-01    1.5528E-09
    3.6100E-01    1.5524E-09
    3.6200E-01    1.5520E-09
    3.6300E-01    1.5515E-09
    3.6400E-01    1.5511E-09
    3.6500E-01    1.5507E-09
    3.6600E-01    1.5503E-09
    3.6700E-01    1.5498E-09
    3.6800E-01    1.5494E-09
    3.6900E-01    1.5490E-09
    3.7000E-01    1.5486E-09
    3.7100E-01    1.5482E-09
    3.7200E-01    1.5478E-09
    3.7300E-01    1.5474E-09
    3.7400E-01    1.5470E-09
    3.7500E-01    1.5466E-09
    3.7600E-01    1.5462E-09
    3.7700E-01    1.5458E-09
    3.7800E-01    1.5455E-09
    3.7900E-01    1.5451E-09
    3.8000E-01    1.5447E-09
    3.8100E-01    1.5443E-09
    3.8200E-01    1.5440E-09
    3.8300E-01    1.5436E-09
    3.8400E-01    1.5433E-09
    3.8500E-01    1.5429E-09
    3.8600E-01    1.5425E-09
    3.8700E-01    1.5422E-09
    3.8800E-01    1.5418E-09
    3.8900E-01    1.5415E-09
    3.9000E-01    1.5411E-09
    3.9100E-01    1.5408E-09
    3.9200E-01    1.5405E-09
    3.9300E-01    1.5401E-09
    3.9400E-01    1.5398E-09
    3.9500E-01    1.5395E-09
    3.9600E-01    1.5391E-09
    3.9700E-01    1.5388E-09
    3.9800E-01    1.5385E-09
    3.9900E-01    1.5382E-09
    4.0000E-01    1.5379E-09
    4.0100E-01    1.5376E-09
    4.0200E-01    1.5372E-09
    4.0300E-01    1.5369E-09
    4.0400E-01    1.5366E-09
    4.0500E-01    1.5363E-09
    4.0600E-01    1.5360E-09
    4.0700E-01    1.5357E-09
    4.0800E-01    1.5354E-09
    4.0900E-01    1.5352E-09
    4.1000E-01    1.5349E-09
    4.1100E-01    1.5346E-09
    4.1200E-01    1.5343E-09
    4.1300E-01    1.5340E-09
    4.1400E-01    1.5337E-09
    4.1500E-01    1.5335E-09
    4.1600E-01    1.5332E-09
    4.1700E-01    1.5329E-09
    4.1800E-01    1.5326E-09
    4.1900E-01    1.5324E-09
    4.2000E-01    1.5321E-09
    4.2100E-01    1.5319E-09
    4.2200E-01    1.5316E-09
    4.2300E-01    1.5313E-09
    4.2400E-01    1.5311E-09
    4.2500E-01    1.5308E-09
    4.2600E-01    1.5306E-09
    4.2700E-01    1.5303E-09
    4.2800E-01    1.5301E-09
    4.2900E-01    1.5299E-09
    4.3000E-01    1.5296E-09
    4.3100E-01    1.5294E-09
    4.3200E-01    1.5291E-09
    4.3300E-01    1.5289E-09
    4.3400E-01    1.5287E-09
    4.3500E-01    1.5284E-09
    4.3600E-01    1.5282E-09
    4.3700E-01    1.5280E-09
    4.3800E-01    1.5278E-09
    4.3900E-01    1.5275E-09
    4.4000E-01    1.5273E-09
    4.4100E-01    1.5271E-09
    4.4200E-01    1.5269E-09
    4.4300E-01    1.5267E-09
    4.4400E-01    1.5265E-09
    4.4500E-01    1.5263E-09
    4.4600E-01    1.5261E-09
    4.4700E-01    1.5259E-09
    4.4800E-01    1.5257E-09
    4.4900E-01    1.5255E-09
    4.5000E-01    1.5253E-09
    4.5100E-01    1.5251E-09
    4.5200E-01    1.5249E-09
    4.5300E-01    1.5247E-09
    4.5400E-01    1.5245E-09
    4.5500E-01    1.5243E-09
    4.5600E-01    1.5241E-09
    4.5700E-01    1.5239E-09
    4.5800E-01    1.5237E-09
    4.5900E-01    1.5236E-09
    4.6000E-01    1.5234E-09
    4.6100E-01    1.5232E-09
    4.6200E-01    1.5230E-09
    4.6300E-01    1.5229E-09
    4.6400E-01    1.5227E-09
    4.6500E-01    1.5225E-09
    4.6600E-01    1.5223E-09
    4.6700E-01    1.5222E-09
    4.6800E-01    1.5220E-09
    4.6900E-01    1.5219E-09
    4.7000E-01    1.5217E-09
    4.7100E-01    1.5215E-09
    4.7200E-01    1.5214E-09
    4.7300E-01    1.5212E-09
    4.7400E-01    1.5211E-09
    4.7500E-01    1.5209E-09
    4.7600E-01    1.5208E-09
    4.7700E-01    1.5206E-09
    4.7800E-01    1.5205E-09
    4.7900E-01    1.5203E-09
    4.8000E-01    1.5202E-09
    4.8100E-01    1.5200E-09
    4.8200E-01    1.5199E-09
    4.8300E-01    1.5198E-09
    4.8400E-01    1.5196E-09
    4.8500E-01    1.5195E-09
    4.8600E-01    1.5194E-09
    4.8700E-01    1.5192E-09
    4.8800E-01    1.5191E-09
    4.8900E-01    1.5190E-09
    4.9000E-01    1.5188E-09
    4.9100E-01    1.5187E-09
    4.9200E-01    1.5186E-09
    4.9300E-01    1.5185E-09
    4.9400E-01    1.5183E-09
    4.9500E-01    1.5182E-09
    4.9600E-01    1.5181E-09
    4.9700E-01    1.5180E-09
    4.9800E-01    1.5179E-09
    4.9900E-01    1.5177E-09
    5.0000E-01    1.5176E-09
    5.0100E-01    1.5175E-09
    5.0200E-01    1.5174E-09
    5.0300E-01    1.5173E-09
    5.0400E-01    1.5172E-09
    5.0500E-01    1.5171E-09
    5.0600E-01    1.5170E-09
    5.0700E-01    1.5169E-09
    5.0800E-01    1.5168E-09
    5.0900E-01    1.5167E-09
    5.1000E-01    1.5166E-09
    5.1100E-01    1.5165E-09
    5.1200E-01    1.5164E-09
    5.1300E-01    1.5163E-09
    5.1400E-01    1.5162E-09
    5.1500E-01    1.5161E-09
    5.1600E-01    1.5160E-09
    5.1700E-01    1.5159E-09
    5.1800E-01    1.5158E-09
    5.1900E-01    1.5158E-09
    5.2000E-01    1.5157E-09
    5.2100E-01    1.5156E-09
    5.2200E-01    1.5155E-09
    5.2300E-01    1.5154E-09
    5.2400E-01    1.5153E-09
    5.2500E-01    1.5153E-09
    5.2600E-01    1.5152E-09
    5.2700E-01    1.5151E-09
    5.2800E-01    1.5150E-09
    5.2900E-01    1.5150E-09
    5.3000E-01    1.5149E-09
    5.3100E-01    1.5148E-09
    5.3200E-01    1.5148E-09
    5.3300E-01    1.5147E-09
    5.3400E-01    1.5146E-09
    5.3500E-01    1.5145E-09
    5.3600E-01    1.5145E-09
    5.3700E-01    1.5144E-09
    5.3800E-01    1.5144E-09
    5.3900E-01    1.5143E-09
    5.4000E-01    1.5142E-09
    5.4100E-01    1.5142E-09
    5.4200E-01    1.5141E-09
    5.4300E-01    1.5141E-09
    5.4400E-01    1.5140E-09
    5.4500E-01    1.5140E-09
    5.4600E-01    1.5139E-09
    5.4700E-01    1.5138E-09
    5.4800E-01    1.5138E-09
    5.4900E-01    1.5137E-09
    5.5000E-01    1.5137E-09
    5.5100E-01    1.5136E-09
    5.5200E-01    1.5136E-09
    5.5300E-01    1.5136E-09
    5.5400E-01    1.5135E-09
    5.5500E-01    1.5135E-09
    5.5600E-01    1.5134E-09
    5.5700E-01    1.5134E-09
    5.5800E-01    1.5133E-09
    5.5900E-01    1.5133E-09
    5.6000E-01    1.5133E-09
    5.6100E-01    1.5132E-09
    5.6200E-01    1.5132E-09
    5.6300E-01    1.5132E-09
    5.6400E-01    1.5131E-09
    5.6500E-01    1.5131E-09
    5.6600E-01    1.5131E-09
    5.6700E-01    1.5130E-09
    5.6800E-01    1.5130E-09
    5.6900E-01    1.5130E-09
    5.7000E-01    1.5129E-09
    5.7100E-01    1.5129E-09
    5.7200E-01    1.5129E-09
    5.7300E-01    1.5129E-09
    5.7400E-01    1.5128E-09
    5.7500E-01    1.5128E-09
    5.7600E-01    1.5128E-09
    5.7700E-01    1.5128E-09
    5.7800E-01    1.5128E-09
    5.7900E-01    1.5127E-09
    5.8000E-01    1.5127E-09
    5.8100E-01    1.5127E-09
    5.8200E-01    1.5127E-09
    5.8300E-01    1.5127E-09
    5.8400E-01    1.5127E-09
    5.8500E-01    1.5126E-09
    5.8600E-01    1.5126E-09
    5.8700E-01    1.5126E-09
    5.8800E-01    1.5126E-09
    5.8900E-01    1.5126E-09
    5.9000E-01    1.5126E-09
    5.9100E-01    1.5126E-09
    5.9200E-01    1.5126E-09
    5.9300E-01    1.5126E-09
    5.9400E-01    1.5126E-09
    5.9500E-01    1.5126E-09
    5.9600E-01    1.5126E-09
    5.9700E-01    1.5125E-09
    5.9800E-01    1.5125E-09
    5.9900E-01    1.5125E-09
    6.0000E-01    1.5125E-09
    6.0100E-01    1.5125E-09
    6.0200E-01    1.5125E-09
    6.0300E-01    1.5126E-09
    6.0400E-01    1.5126E-09
    6.0500E-01    1.5126E-09
    6.0600E-01    1.5126E-09
    6.0700E-01    1.5126E-09
    6.0800E-01    1.5126E-09
    6.0900E-01    1.5126E-09
    6.1000E-01    1.5126E-09
    6.1100E-01    1.5126E-09
    6.1200E-01    1.5126E-09
    6.1300E-01    1.5126E-09
    6.1400E-01    1.5126E-09
    6.1500E-01    1.5126E-09
    6.1600E-01    1.5127E-09
    6.1700E-01    1.5127E-09
    6.1800E-01    1.5127E-09
    6.1900E-01    1.5127E-09
    6.2000E-01    1.5127E-09
    6.2100E-01    1.5127E-09
    6.2200E-01    1.5128E-09
    6.2300E-01    1.5128E-09
    6.2400E-01    1.5128E-09
    6.2500E-01    1.5128E-09
    6.2600E-01    1.5128E-09
    6.2700E-01    1.5129E-09
    6.2800E-01    1.5129E-09
    6.2900E-01    1.5129E-09
    6.3000E-01    1.5129E-09
    6.3100E-01    1.5129E-09
    6.3200E-01    1.5130E-09
    6.3300E-01    1.5130E-09
    6.3400E-01    1.5130E-09
    6.3500E-01    1.5131E-09
    6.3600E-01    1.5131E-09
    6.3700E-01    1.5131E-09
    6.3800E-01    1.5131E-09
    6.3900E-01    1.5132E-09
    6.4000E-01    1.5132E-09
    6.4100E-01    1.5132E-09
    6.4200E-01    1.5133E-09
    6.4300E-01    1.5133E-09
    6.4400E-01    1.5133E-09
    6.4500E-01    1.5134E-09
    6.4600E-01    1.5134E-09
    6.4700E-01    1.5134E-09
    6.4800E-01    1.5135E-09
    6.4900E-01    1.5135E-09
    6.5000E-01    1.5136E-09
    6.5100E-01    1.5136E-09
    6.5200E-01    1.5136E-09
    6.5300E-01    1.5137E-09
    6.5400E-01    1.5137E-09
    6.5500E-01    1.5137E-09
    6.5600E-01    1.5138E-09
    6.5700E-01    1.5138E-09
    6.5800E-01    1.5139E-09
    6.5900E-01    1.5139E-09
    6.6000E-01    1.5140E-09
    6.6100E-01    1.5140E-09
    6.6200E-01    1.5141E-09
    6.6300E-01    1.5141E-09
    6.6400E-01    1.5142E-09
    6.6500E-01    1.5142E-09
    6.6600E-01    1.5142E-09
    6.6700E-01    1.5143E-09
    6.6800E-01    1.5143E-09
    6.6900E-01    1.5144E-09
    6.7000E-01    1.5144E-09
    6.7100E-01    1.5145E-09
    6.7200E-01    1.5146E-09
    6.7300E-01    1.5146E-09
    6.7400E-01    1.5147E-09
    6.7500E-01    1.5147E-09
    6.7600E-01    1.5148E-09
    6.7700E-01    1.5148E-09
    6.7800E-01    1.5149E-09
    6.7900E-01    1.5149E-09
    6.8000E-01    1.5150E-09
    6.8100E-01    1.5150E-09
    6.8200E-01    1.5151E-09
    6.8300E-01    1.5152E-09
    6.8400E-01    1.5152E-09
    6.8500E-01    1.5153E-09
    6.8600E-01    1.5153E-09
    6.8700E-01    1.5154E-09
    6.8800E-01    1.5155E-09
    6.8900E-01    1.5155E-09
    6.9000E-01    1.5156E-09
    6.9100E-01    1.5157E-09
    6.9200E-01    1.5157E-09
    6.9300E-01    1.5158E-09
    6.9400E-01    1.5158E-09
    6.9500E-01    1.5159E-09
    6.9600E-01    1.5160E-09
    6.9700E-01    1.5160E-09
    6.9800E-01    1.5161E-09
    6.9900E-01    1.5162E-09
    7.0000E-01    1.5162E-09
    7.0100E-01    1.5163E-09
    7.0200E-01    1.5164E-09
    7.0300E-01    1.5165E-09
    7.0400E-01    1.5165E-09
    7.0500E-01    1.5166E-09
    7.0600E-01    1.5167E-09
    7.0700E-01    1.5167E-09
    7.0800E-01    1.5168E-09
    7.0900E-01    1.5169E-09
    7.1000E-01    1.5170E-09
    7.1100E-01    1.5170E-09
    7.1200E-01    1.5171E-09
    7.1300E-01    1.5172E-09
    7.1400E-01    1.5173E-09
    7.1500E-01    1.5173E-09
    7.1600E-01    1.5174E-09
    7.1700E-01    1.5175E-09
    7.1800E-01    1.5176E-09
    7.1900E-01    1.5176E-09
    7.2000E-01    1.5177E-09
    7.2100E-01    1.5178E-09
    7.2200E-01    1.5179E-09
    7.2300E-01    1.5180E-09
    7.2400E-01    1.5180E-09
    7.2500E-01    1.5181E-09
    7.2600E-01    1.5182E-09
    7.2700E-01    1.5183E-09
    7.2800E-01    1.5184E-09
    7.2900E-01    1.5184E-09
    7.3000E-01    1.5185E-09
    7.3100E-01    1.5186E-09
    7.3200E-01    1.5187E-09
    7.3300E-01    1.5188E-09
    7.3400E-01    1.5189E-09
    7.3500E-01    1.5190E-09
    7.3600E-01    1.5190E-09
    7.3700E-01    1.5191E-09
    7.3800E-01    1.5192E-09
    7.3900E-01    1.5193E-09
    7.4000E-01    1.5194E-09
    7.4100E-01    1.5195E-09
    7.4200E-01    1.5196E-09
    7.4300E-01    1.5197E-09
    7.4400E-01    1.5197E-09
    7.4500E-01    1.5198E-09
    7.4600E-01    1.5199E-09
    7.4700E-01    1.5200E-09
    7.4800E-01    1.5201E-09
    7.4900E-01    1.5202E-09
    7.5000E-01    1.5203E-09
    7.5100E-01    1.5204E-09
    7.5200E-01    1.5205E-09
    7.5300E-01    1.5206E-09
    7.5400E-01    1.5207E-09
    7.5500E-01    1.5208E-09
    7.5600E-01    1.5209E-09
    7.5700E-01    1.5209E-09
    7.5800E-01    1.5210E-09
    7.5900E-01    1.5211E-09
    7.6000E-01    1.5212E-09
    7.6100E-01    1.5213E-09
    7.6200E-01    1.5214E-09
    7.6300E-01    1.5215E-09
    7.6400E-01    1.5216E-09
    7.6500E-01    1.5217E-09
    7.6600E-01    1.5218E-09
    7.6700E-01    1.5219E-09
    7.6800E-01    1.5220E-09
    7.6900E-01    1.5221E-09
    7.7000E-01    1.5222E-09
    7.7100E-01    1.5223E-09
    7.7200E-01    1.5224E-09
    7.7300E-01    1.5225E-09
    7.7400E-01    1.5226E-09
    7.7500E-01    1.5227E-09
    7.7600E-01    1.5228E-09
    7.7700E-01    1.5229E-09
    7.7800E-01    1.5230E-09
    7.7900E-01    1.5231E-09
    7.8000E-01    1.5233E-09
    7.8100E-01    1.5234E-09
    7.8200E-01    1.5235E-09
    7.8300E-01    1.5236E-09
    7.8400E-01    1.5237E-09
    7.8500E-01    1.5238E-09
    7.8600E-01    1.5239E-09
    7.8700E-01    1.5240E-09
    7.8800E-01    1.5241E-09
    7.8900E-01    1.5242E-09
    7.9000E-01    1.5243E-09
    7.9100E-01    1.5244E-09
    7.9200E-01    1.5245E-09
    7.9300E-01    1.5246E-09
    7.9400E-01    1.5248E-09
    7.9500E-01    1.5249E-09
    7.9600E-01    1.5250E-09
    7.9700E-01    1.5251E-09
    7.9800E-01    1.5252E-09
    7.9900E-01    1.5253E-09
    8.0000E-01    1.5254E-09
    8.0100E-01    1.5255E-09
    8.0200E-01    1.5256E-09
    8.0300E-01    1.5258E-09
    8.0400E-01    1.5259E-09
    8.0500E-01    1.5260E-09
    8.0600E-01    1.5261E-09
    8.0700E-01    1.5262E-09
    8.0800E-01    1.5263E-09
    8.0900E-01    1.5264E-09
    8.1000E-01    1.5266E-09
    8.1100E-01    1.5267E-09
    8.1200E-01    1.5268E-09
    8.1300E-01    1.5269E-09
    8.1400E-01    1.5270E-09
    8.1500E-01    1.5271E-09
    8.1600E-01    1.5273E-09
    8.1700E-01    1.5274E-09
    8.1800E-01    1.5275E-09
    8.1900E-01    1.5276E-09
    8.2000E-01    1.5277E-09
    8.2100E-01    1.5278E-09
    8.2200E-01    1.5280E-09
    8.2300E-01    1.5281E-09
    8.2400E-01    1.5282E-09
    8.2500E-01    1.5283E-09
    8.2600E-01    1.5284E-09
    8.2700E-01    1.5286E-09
    8.2800E-01    1.5287E-09
    8.2900E-01    1.5288E-09
    8.3000E-01    1.5289E-09
    8.3100E-01    1.5291E-09
    8.3200E-01    1.5292E-09
    8.3300E-01    1.5293E-09
    8.3400E-01    1.5294E-09
    8.3500E-01    1.5295E-09
    8.3600E-01    1.5297E-09
    8.3700E-01    1.5298E-09
    8.3800E-01    1.5299E-09
    8.3900E-01    1.5300E-09
    8.4000E-01    1.5302E-09
    8.4100E-01    1.5303E-09
    8.4200E-01    1.5304E-09
    8.4300E-01    1.5305E-09
    8.4400E-01    1.5307E-09
    8.4500E-01    1.5308E-09
    8.4600E-01    1.5309E-09
    8.4700E-01    1.5311E-09
    8.4800E-01    1.5312E-09
    8.4900E-01    1.5313E-09
    8.5000E-01    1.5314E-09
    8.5100E-01    1.5316E-09
    8.5200E-01    1.5317E-09
    8.5300E-01    1.5318E-09
    8.5400E-01    1.5320E-09
    8.5500E-01    1.5321E-09
    8.5600E-01    1.5322E-09
    8.5700E-01    1.5323E-09
    8.5800E-01    1.5325E-09
    8.5900E-01    1.5326E-09
    8.6000E-01    1.5327E-09
    8.6100E-01    1.5329E-09
    8.6200E-01    1.5330E-09
    8.6300E-01    1.5331E-09
    8.6400E-01    1.5333E-09
    8.6500E-01    1.5334E-09
    8.6600E-01    1.5335E-09
    8.6700E-01    1.5337E-09
    8.6800E-01    1.5338E-09
    8.6900E-01    1.5339E-09
    8.7000E-01    1.5341E-09
    8.7100E-01    1.5342E-09
    8.7200E-01    1.5343E-09
    8.7300E-01    1.5345E-09
    8.7400E-01    1.5346E-09
    8.7500E-01    1.5347E-09
    8.7600E-01    1.5349E-09
    8.7700E-01    1.5350E-09
    8.7800E-01    1.5351E-09
    8.7900E-01    1.5353E-09
    8.8000E-01    1.5354E-09
    8.8100E-01    1.5355E-09
    8.8200E-01    1.5357E-09
    8.8300E-01    1.5358E-09
    8.8400E-01    1.5360E-09
    8.8500E-01    1.5361E-09
    8.8600E-01    1.5362E-09
    8.8700E-01    1.5364E-09
    8.8800E-01    1.5365E-09
    8.8900E-01    1.5366E-09
    8.9000E-01    1.5368E-09
    8.9100E-01    1.5369E-09
    8.9200E-01    1.5371E-09
    8.9300E-01    1.5372E-09
    8.9400E-01    1.5373E-09
    8.9500E-01    1.5375E-09
    8.9600E-01    1.5376E-09
    8.9700E-01    1.5378E-09
    8.9800E-01    1.5379E-09
    8.9900E-01    1.5380E-09
    9.0000E-01    1.5382E-09
    9.0100E-01    1.5383E-09
    9.0200E-01    1.5385E-09
    9.0300E-01    1.5386E-09
    9.0400E-01    1.5388E-09
    9.0500E-01    1.5389E-09
    9.0600E-01    1.5390E-09
    9.0700E-01    1.5392E-09
    9.0800E-01    1.5393E-09
    9.0900E-01    1.5395E-09
    9.1000E-01    1.5396E-09
    9.1100E-01    1.5398E-09
    9.1200E-01    1.5399E-09
    9.1300E-01    1.5400E-09
    9.1400E-01    1.5402E-09
    9.1500E-01    1.5403E-09
    9.1600E-01    1.5405E-09
    9.1700E-01    1.5406E-09
    9.1800E-01    1.5408E-09
    9.1900E-01    1.5409E-09
    9.2000E-01    1.5411E-09
    9.2100E-01    1.5412E-09
    9.2200E-01    1.5413E-09
    9.2300E-01    1.5415E-09
    9.2400E-01    1.5416E-09
    9.2500E-01    1.5418E-09
    9.2600E-01    1.5419E-09
    9.2700E-01    1.5421E-09
    9.2800E-01    1.5422E-09
    9.2900E-01    1.5424E-09
    9.3000E-01    1.5425E-09
    9.3100E-01    1.5427E-09
    9.3200E-01    1.5428E-09
    9.3300E-01    1.5430E-09
    9.3400E-01    1.5431E-09
    9.3500E-01    1.5433E-09
    9.3600E-01    1.5434E-09
    9.3700E-01    1.5436E-09
    9.3800E-01    1.5437E-09
    9.3900E-01    1.5439E-09
    9.4000E-01    1.5440E-09
    9.4100E-01    1.5442E-09
    9.4200E-01    1.5443E-09
    9.4300E-01    1.5445E-09
    9.4400E-01    1.5446E-09
    9.4500E-01    1.5448E-09
    9.4600E-01    1.5449E-09
    9.4700E-01    1.5451E-09
    9.4800E-01    1.5452E-09
    9.4900E-01    1.5454E-09
    9.5000E-01    1.5455E-09
    9.5100E-01    1.5457E-09
    9.5200E-01    1.5458E-09
    9.5300E-01    1.5460E-09
    9.5400E-01    1.5461E-09
    9.5500E-01    1.5463E-09
    9.5600E-01    1.5464E-09
    9.5700E-01    1.5466E-09
    9.5800E-01    1.5468E-09
    9.5900E-01    1.5469E-09
    9.6000E-01    1.5471E-09
    9.6100E-01    1.5472E-09
    9.6200E-01    1.5474E-09
    9.6300E-01    1.5475E-09
    9.6400E-01    1.5477E-09
    9.6500E-01    1.5478E-09
    9.6600E-01    1.5480E-09
    9.6700E-01    1.5482E-09
    9.6800E-01    1.5483E-09
    9.6900E-01    1.5485E-09
    9.7000E-01    1.5486E-09
    9.7100E-01    1.5488E-09
    9.7200E-01    1.5489E-09
    9.7300E-01    1.5491E-09
    9.7400E-01    1.5492E-09
    9.7500E-01    1.5494E-09
    9.7600E-01    1.5496E-09
    9.7700E-01    1.5497E-09
    9.7800E-01    1.5499E-09
    9.7900E-01    1.5500E-09
    9.8000E-01    1.5502E-09
    9.8100E-01    1.5503E-09
    9.8200E-01    1.5505E-09
    9.8300E-01    1.5507E-09
    9.8400E-01    1.5508E-09
    9.8500E-01    1.5510E-09
    9.8600E-01    1.5511E-09
    9.8700E-01    1.5513E-09
    9.8800E-01    1.5515E-09
    9.8900E-01    1.5516E-09
    9.9000E-01    1.5518E-09
    9.9100E-01    1.5519E-09
    9.9200E-01    1.5521E-09
    9.9300E-01    1.5523E-09
    9.9400E-01    1.5524E-09
    9.9500E-01    1.5526E-09
    9.9600E-01    1.5527E-09
    9.9700E-01    1.5529E-09
    9.9800E-01    1.5531E-09
    9.9900E-01    1.5532E-09
    1.0000E+00    1.5534E-09
