This file contains any messages produced by compilers while
running configure, to aid debugging if configure makes a mistake.

It was created by JAGS-NUCLEAR configure 1.1, which was
generated by GNU Autoconf 2.69.  Invocation command line was

  $ ./configure 

## --------- ##
## Platform. ##
## --------- ##

hostname = physics00296.dhcp.unc.edu
uname -m = x86_64
uname -r = 16.6.0
uname -s = Darwin
uname -v = Darwin Kernel Version 16.6.0: Fri Apr 14 16:13:31 PDT 2017; root:xnu-3789.60.24~4/RELEASE_X86_64

/usr/bin/uname -p = i386
/bin/uname -X     = unknown

/bin/arch              = unknown
/usr/bin/arch -k       = unknown
/usr/convex/getsysinfo = unknown
/usr/bin/hostinfo      = Mach kernel version:
	 Darwin Kernel Version 16.6.0: Fri Apr 14 16:13:31 PDT 2017; root:xnu-3789.60.24~4/RELEASE_X86_64
Kernel configured for up to 8 processors.
4 processors are physically available.
8 processors are logically available.
Processor type: x86_64h (Intel x86-64h Haswell)
Processors active: 0 1 2 3 4 5 6 7
Primary memory available: 32.00 gigabytes
Default processor set: 318 tasks, 1258 threads, 8 processors
Load average: 1.82, Mach factor: 6.16
/bin/machine           = unknown
/usr/bin/oslevel       = unknown
/bin/universe          = unknown

PATH: /usr/local/bin
PATH: /usr/bin
PATH: /bin
PATH: /usr/sbin
PATH: /sbin


## ----------- ##
## Core tests. ##
## ----------- ##

configure:2432: checking build system type
configure:2446: result: x86_64-apple-darwin16.6.0
configure:2466: checking host system type
configure:2479: result: x86_64-apple-darwin16.6.0
configure:2519: checking for a BSD-compatible install
configure:2587: result: /usr/bin/install -c
configure:2598: checking whether build environment is sane
configure:2653: result: yes
configure:2804: checking for a thread-safe mkdir -p
configure:2843: result: ./install-sh -c -d
configure:2850: checking for gawk
configure:2880: result: no
configure:2850: checking for mawk
configure:2880: result: no
configure:2850: checking for nawk
configure:2880: result: no
configure:2850: checking for awk
configure:2866: found /usr/bin/awk
configure:2877: result: awk
configure:2888: checking whether make sets $(MAKE)
configure:2910: result: yes
configure:2939: checking whether make supports nested variables
configure:2956: result: yes
configure:3137: checking how to print strings
configure:3164: result: printf
configure:3197: checking for style of include used by make
configure:3225: result: GNU
configure:3296: checking for gcc
configure:3312: found /usr/bin/gcc
configure:3323: result: gcc
configure:3552: checking for C compiler version
configure:3561: gcc --version >&5
Apple LLVM version 8.1.0 (clang-802.0.42)
Target: x86_64-apple-darwin16.6.0
Thread model: posix
InstalledDir: /Library/Developer/CommandLineTools/usr/bin
Configured with: --prefix=/Library/Developer/CommandLineTools/usr --with-gxx-include-dir=/usr/include/c++/4.2.1
configure:3572: $? = 0
configure:3561: gcc -v >&5
Configured with: --prefix=/Library/Developer/CommandLineTools/usr --with-gxx-include-dir=/usr/include/c++/4.2.1
Apple LLVM version 8.1.0 (clang-802.0.42)
Target: x86_64-apple-darwin16.6.0
Thread model: posix
InstalledDir: /Library/Developer/CommandLineTools/usr/bin
configure:3572: $? = 0
configure:3561: gcc -V >&5
clang: error: argument to '-V' is missing (expected 1 value)
clang: error: no input files
configure:3572: $? = 1
configure:3561: gcc -qversion >&5
clang: error: unknown argument: '-qversion'
clang: error: no input files
configure:3572: $? = 1
configure:3592: checking whether the C compiler works
configure:3614: gcc    conftest.c  >&5
configure:3618: $? = 0
configure:3666: result: yes
configure:3669: checking for C compiler default output file name
configure:3671: result: a.out
configure:3677: checking for suffix of executables
configure:3684: gcc -o conftest    conftest.c  >&5
configure:3688: $? = 0
configure:3710: result: 
configure:3732: checking whether we are cross compiling
configure:3740: gcc -o conftest    conftest.c  >&5
configure:3744: $? = 0
configure:3751: ./conftest
configure:3755: $? = 0
configure:3770: result: no
configure:3775: checking for suffix of object files
configure:3797: gcc -c   conftest.c >&5
configure:3801: $? = 0
configure:3822: result: o
configure:3826: checking whether we are using the GNU C compiler
configure:3845: gcc -c   conftest.c >&5
configure:3845: $? = 0
configure:3854: result: yes
configure:3863: checking whether gcc accepts -g
configure:3883: gcc -c -g  conftest.c >&5
configure:3883: $? = 0
configure:3924: result: yes
configure:3941: checking for gcc option to accept ISO C89
configure:4004: gcc  -c -g -O2  conftest.c >&5
configure:4004: $? = 0
configure:4017: result: none needed
configure:4042: checking whether gcc understands -c and -o together
configure:4064: gcc -c conftest.c -o conftest2.o
configure:4067: $? = 0
configure:4064: gcc -c conftest.c -o conftest2.o
configure:4067: $? = 0
configure:4079: result: yes
configure:4098: checking dependency style of gcc
configure:4209: result: gcc3
configure:4224: checking for a sed that does not truncate output
configure:4288: result: /usr/bin/sed
configure:4306: checking for grep that handles long lines and -e
configure:4364: result: /usr/bin/grep
configure:4369: checking for egrep
configure:4431: result: /usr/bin/grep -E
configure:4436: checking for fgrep
configure:4498: result: /usr/bin/grep -F
configure:4533: checking for ld used by gcc
configure:4600: result: /Library/Developer/CommandLineTools/usr/bin/ld
configure:4607: checking if the linker (/Library/Developer/CommandLineTools/usr/bin/ld) is GNU ld
configure:4622: result: no
configure:4634: checking for BSD- or MS-compatible name lister (nm)
configure:4688: result: /usr/bin/nm -B
configure:4818: checking the name lister (/usr/bin/nm -B) interface
configure:4825: gcc -c -g -O2  conftest.c >&5
configure:4828: /usr/bin/nm -B "conftest.o"
configure:4831: output
0000000000000204 S _some_variable
configure:4838: result: BSD nm
configure:4841: checking whether ln -s works
configure:4845: result: yes
configure:4853: checking the maximum length of command line arguments
configure:4984: result: 196608
configure:5032: checking how to convert x86_64-apple-darwin16.6.0 file names to x86_64-apple-darwin16.6.0 format
configure:5072: result: func_convert_file_noop
configure:5079: checking how to convert x86_64-apple-darwin16.6.0 file names to toolchain format
configure:5099: result: func_convert_file_noop
configure:5106: checking for /Library/Developer/CommandLineTools/usr/bin/ld option to reload object files
configure:5113: result: -r
configure:5187: checking for objdump
configure:5203: found /usr/bin/objdump
configure:5214: result: objdump
configure:5243: checking how to recognize dependent libraries
configure:5443: result: pass_all
configure:5528: checking for dlltool
configure:5558: result: no
configure:5585: checking how to associate runtime and link libraries
configure:5612: result: printf %s\n
configure:5673: checking for ar
configure:5689: found /usr/bin/ar
configure:5700: result: ar
configure:5737: checking for archiver @FILE support
configure:5754: gcc -c -g -O2  conftest.c >&5
configure:5754: $? = 0
configure:5757: ar cru libconftest.a @conftest.lst >&5
ar: @conftest.lst: No such file or directory
configure:5760: $? = 1
configure:5780: result: no
configure:5838: checking for strip
configure:5854: found /usr/bin/strip
configure:5865: result: strip
configure:5937: checking for ranlib
configure:5953: found /usr/bin/ranlib
configure:5964: result: ranlib
configure:6066: checking command to parse /usr/bin/nm -B output from gcc object
configure:6219: gcc -c -g -O2  conftest.c >&5
configure:6222: $? = 0
configure:6226: /usr/bin/nm -B conftest.o \| sed -n -e 's/^.*[ ]\([BCDEGRST][BCDEGRST]*\)[ ][ ]*\([_A-Za-z][_A-Za-z0-9]*\)$/\1 \2 \2/p' | sed '/ __gnu_lto/d' \> conftest.nm
configure:6229: $? = 0
cannot find nm_test_var in conftest.nm
configure:6219: gcc -c -g -O2  conftest.c >&5
configure:6222: $? = 0
configure:6226: /usr/bin/nm -B conftest.o \| sed -n -e 's/^.*[ ]\([BCDEGRST][BCDEGRST]*\)[ ][ ]*_\([_A-Za-z][_A-Za-z0-9]*\)$/\1 _\2 \2/p' | sed '/ __gnu_lto/d' \> conftest.nm
configure:6229: $? = 0
configure:6295: gcc -o conftest -g -O2   conftest.c conftstm.o >&5
warning: (x86_64)  could not find object file symbol for symbol _main
configure:6298: $? = 0
configure:6336: result: ok
configure:6383: checking for sysroot
configure:6413: result: no
configure:6420: checking for a working dd
configure:6458: result: /bin/dd
configure:6462: checking how to truncate binary pipes
configure:6477: result: /bin/dd bs=4096 count=1
configure:6806: checking for mt
configure:6836: result: no
configure:6856: checking if : is a manifest tool
configure:6862: : '-?'
configure:6870: result: no
configure:6926: checking for dsymutil
configure:6942: found /usr/bin/dsymutil
configure:6953: result: dsymutil
configure:7018: checking for nmedit
configure:7034: found /usr/bin/nmedit
configure:7045: result: nmedit
configure:7110: checking for lipo
configure:7126: found /usr/bin/lipo
configure:7137: result: lipo
configure:7202: checking for otool
configure:7218: found /usr/bin/otool
configure:7229: result: otool
configure:7294: checking for otool64
configure:7324: result: no
configure:7369: checking for -single_module linker flag
gcc -g -O2  -o libconftest.dylib -dynamiclib -Wl,-single_module conftest.c
configure:7402: result: yes
configure:7405: checking for -exported_symbols_list linker flag
configure:7425: gcc -o conftest -g -O2   -Wl,-exported_symbols_list,conftest.sym conftest.c  >&5
configure:7425: $? = 0
configure:7435: result: yes
configure:7438: checking for -force_load linker flag
gcc -g -O2 -c -o conftest.o conftest.c
ar cru libconftest.a conftest.o
ranlib libconftest.a
gcc -g -O2  -o conftest conftest.c -Wl,-force_load,./libconftest.a
configure:7470: result: yes
configure:7547: checking how to run the C preprocessor
configure:7578: gcc -E  conftest.c
configure:7578: $? = 0
configure:7592: gcc -E  conftest.c
conftest.c:11:10: fatal error: 'ac_nonexistent.h' file not found
#include <ac_nonexistent.h>
         ^
1 error generated.
configure:7592: $? = 1
configure: failed program was:
| /* confdefs.h */
| #define PACKAGE_NAME "JAGS-NUCLEAR"
| #define PACKAGE_TARNAME "JAGS-NUCLEAR-MODULE"
| #define PACKAGE_VERSION "1.1"
| #define PACKAGE_STRING "JAGS-NUCLEAR 1.1"
| #define PACKAGE_BUGREPORT "drsouza@email.unc.edu"
| #define PACKAGE_URL ""
| #define PACKAGE "JAGS-NUCLEAR-MODULE"
| #define VERSION "1.1"
| /* end confdefs.h.  */
| #include <ac_nonexistent.h>
configure:7617: result: gcc -E
configure:7637: gcc -E  conftest.c
configure:7637: $? = 0
configure:7651: gcc -E  conftest.c
conftest.c:11:10: fatal error: 'ac_nonexistent.h' file not found
#include <ac_nonexistent.h>
         ^
1 error generated.
configure:7651: $? = 1
configure: failed program was:
| /* confdefs.h */
| #define PACKAGE_NAME "JAGS-NUCLEAR"
| #define PACKAGE_TARNAME "JAGS-NUCLEAR-MODULE"
| #define PACKAGE_VERSION "1.1"
| #define PACKAGE_STRING "JAGS-NUCLEAR 1.1"
| #define PACKAGE_BUGREPORT "drsouza@email.unc.edu"
| #define PACKAGE_URL ""
| #define PACKAGE "JAGS-NUCLEAR-MODULE"
| #define VERSION "1.1"
| /* end confdefs.h.  */
| #include <ac_nonexistent.h>
configure:7680: checking for ANSI C header files
configure:7700: gcc -c -g -O2  conftest.c >&5
configure:7700: $? = 0
configure:7773: gcc -o conftest -g -O2   conftest.c  >&5
configure:7773: $? = 0
configure:7773: ./conftest
configure:7773: $? = 0
configure:7784: result: yes
configure:7797: checking for sys/types.h
configure:7797: gcc -c -g -O2  conftest.c >&5
configure:7797: $? = 0
configure:7797: result: yes
configure:7797: checking for sys/stat.h
configure:7797: gcc -c -g -O2  conftest.c >&5
configure:7797: $? = 0
configure:7797: result: yes
configure:7797: checking for stdlib.h
configure:7797: gcc -c -g -O2  conftest.c >&5
configure:7797: $? = 0
configure:7797: result: yes
configure:7797: checking for string.h
configure:7797: gcc -c -g -O2  conftest.c >&5
configure:7797: $? = 0
configure:7797: result: yes
configure:7797: checking for memory.h
configure:7797: gcc -c -g -O2  conftest.c >&5
configure:7797: $? = 0
configure:7797: result: yes
configure:7797: checking for strings.h
configure:7797: gcc -c -g -O2  conftest.c >&5
configure:7797: $? = 0
configure:7797: result: yes
configure:7797: checking for inttypes.h
configure:7797: gcc -c -g -O2  conftest.c >&5
configure:7797: $? = 0
configure:7797: result: yes
configure:7797: checking for stdint.h
configure:7797: gcc -c -g -O2  conftest.c >&5
configure:7797: $? = 0
configure:7797: result: yes
configure:7797: checking for unistd.h
configure:7797: gcc -c -g -O2  conftest.c >&5
configure:7797: $? = 0
configure:7797: result: yes
configure:7811: checking for dlfcn.h
configure:7811: gcc -c -g -O2  conftest.c >&5
configure:7811: $? = 0
configure:7811: result: yes
configure:8363: checking for objdir
configure:8378: result: .libs
configure:8642: checking if gcc supports -fno-rtti -fno-exceptions
configure:8660: gcc -c -g -O2  -fno-rtti -fno-exceptions conftest.c >&5
configure:8664: $? = 0
configure:8677: result: yes
configure:9035: checking for gcc option to produce PIC
configure:9042: result: -fno-common -DPIC
configure:9050: checking if gcc PIC flag -fno-common -DPIC works
configure:9068: gcc -c -g -O2  -fno-common -DPIC -DPIC conftest.c >&5
configure:9072: $? = 0
configure:9085: result: yes
configure:9114: checking if gcc static flag -static works
configure:9142: result: no
configure:9157: checking if gcc supports -c -o file.o
configure:9178: gcc -c -g -O2  -o out/conftest2.o conftest.c >&5
configure:9182: $? = 0
configure:9204: result: yes
configure:9212: checking if gcc supports -c -o file.o
configure:9259: result: yes
configure:9292: checking whether the gcc linker (/Library/Developer/CommandLineTools/usr/bin/ld) supports shared libraries
configure:10551: result: yes
configure:10791: checking dynamic linker characteristics
configure:11609: result: darwin16.6.0 dyld
configure:11731: checking how to hardcode library paths into programs
configure:11756: result: immediate
configure:11801: checking for dlopen in -ldl
configure:11826: gcc -o conftest -g -O2   conftest.c -ldl   >&5
configure:11826: $? = 0
configure:11835: result: yes
configure:12058: checking whether a program can dlopen itself
configure:12138: gcc -o conftest -g -O2  -DHAVE_DLFCN_H   conftest.c -ldl  >&5
configure:12141: $? = 0
configure:12159: result: yes
configure:12164: checking whether a statically linked program can dlopen itself
configure:12244: gcc -o conftest -g -O2  -DHAVE_DLFCN_H    conftest.c -ldl  >&5
configure:12247: $? = 0
configure:12265: result: yes
configure:12304: checking whether stripping libraries is possible
configure:12318: result: yes
configure:12344: checking if libtool supports shared libraries
configure:12346: result: yes
configure:12349: checking whether to build shared libraries
configure:12374: result: yes
configure:12377: checking whether to build static libraries
configure:12381: result: no
configure:12418: checking what extension is used for runtime loadable modules
configure:12430: result: .so
configure:12454: checking what variable specifies run-time module search path
configure:12461: result: DYLD_LIBRARY_PATH
configure:12471: checking for the default library search path
configure:12478: result: /usr/local/lib /lib /usr/lib
configure:12509: checking for library containing dlopen
configure:12540: gcc -o conftest -g -O2   conftest.c  >&5
configure:12540: $? = 0
configure:12557: result: none required
configure:12647: checking for dlerror
configure:12647: gcc -o conftest -g -O2   conftest.c   >&5
configure:12647: $? = 0
configure:12647: result: yes
configure:12661: checking for shl_load
configure:12661: gcc -o conftest -g -O2   conftest.c  >&5
Undefined symbols for architecture x86_64:
  "_shl_load", referenced from:
      _main in conftest-985be8.o
ld: symbol(s) not found for architecture x86_64
clang: error: linker command failed with exit code 1 (use -v to see invocation)
configure:12661: $? = 1
configure: failed program was:
| /* confdefs.h */
| #define PACKAGE_NAME "JAGS-NUCLEAR"
| #define PACKAGE_TARNAME "JAGS-NUCLEAR-MODULE"
| #define PACKAGE_VERSION "1.1"
| #define PACKAGE_STRING "JAGS-NUCLEAR 1.1"
| #define PACKAGE_BUGREPORT "drsouza@email.unc.edu"
| #define PACKAGE_URL ""
| #define PACKAGE "JAGS-NUCLEAR-MODULE"
| #define VERSION "1.1"
| #define STDC_HEADERS 1
| #define HAVE_SYS_TYPES_H 1
| #define HAVE_SYS_STAT_H 1
| #define HAVE_STDLIB_H 1
| #define HAVE_STRING_H 1
| #define HAVE_MEMORY_H 1
| #define HAVE_STRINGS_H 1
| #define HAVE_INTTYPES_H 1
| #define HAVE_STDINT_H 1
| #define HAVE_UNISTD_H 1
| #define HAVE_DLFCN_H 1
| #define LT_OBJDIR ".libs/"
| #define LT_MODULE_EXT ".so"
| #define LT_SHARED_EXT ".dylib"
| #define LT_MODULE_PATH_VAR "DYLD_LIBRARY_PATH"
| #define LT_DLSEARCH_PATH "/usr/local/lib:/lib:/usr/lib"
| #define HAVE_LIBDL 1
| #define HAVE_DLERROR 1
| /* end confdefs.h.  */
| /* Define shl_load to an innocuous variant, in case <limits.h> declares shl_load.
|    For example, HP-UX 11i <limits.h> declares gettimeofday.  */
| #define shl_load innocuous_shl_load
| 
| /* System header to define __stub macros and hopefully few prototypes,
|     which can conflict with char shl_load (); below.
|     Prefer <limits.h> to <assert.h> if __STDC__ is defined, since
|     <limits.h> exists even on freestanding compilers.  */
| 
| #ifdef __STDC__
| # include <limits.h>
| #else
| # include <assert.h>
| #endif
| 
| #undef shl_load
| 
| /* Override any GCC internal prototype to avoid an error.
|    Use char because int might match the return type of a GCC
|    builtin and then its argument prototype would still apply.  */
| #ifdef __cplusplus
| extern "C"
| #endif
| char shl_load ();
| /* The GNU C library defines this for functions which it implements
|     to always fail with ENOSYS.  Some functions are actually named
|     something starting with __ and the normal name is an alias.  */
| #if defined __stub_shl_load || defined __stub___shl_load
| choke me
| #endif
| 
| int
| main ()
| {
| return shl_load ();
|   ;
|   return 0;
| }
configure:12661: result: no
configure:12668: checking for shl_load in -ldld
configure:12693: gcc -o conftest -g -O2   conftest.c -ldld   >&5
ld: library not found for -ldld
clang: error: linker command failed with exit code 1 (use -v to see invocation)
configure:12693: $? = 1
configure: failed program was:
| /* confdefs.h */
| #define PACKAGE_NAME "JAGS-NUCLEAR"
| #define PACKAGE_TARNAME "JAGS-NUCLEAR-MODULE"
| #define PACKAGE_VERSION "1.1"
| #define PACKAGE_STRING "JAGS-NUCLEAR 1.1"
| #define PACKAGE_BUGREPORT "drsouza@email.unc.edu"
| #define PACKAGE_URL ""
| #define PACKAGE "JAGS-NUCLEAR-MODULE"
| #define VERSION "1.1"
| #define STDC_HEADERS 1
| #define HAVE_SYS_TYPES_H 1
| #define HAVE_SYS_STAT_H 1
| #define HAVE_STDLIB_H 1
| #define HAVE_STRING_H 1
| #define HAVE_MEMORY_H 1
| #define HAVE_STRINGS_H 1
| #define HAVE_INTTYPES_H 1
| #define HAVE_STDINT_H 1
| #define HAVE_UNISTD_H 1
| #define HAVE_DLFCN_H 1
| #define LT_OBJDIR ".libs/"
| #define LT_MODULE_EXT ".so"
| #define LT_SHARED_EXT ".dylib"
| #define LT_MODULE_PATH_VAR "DYLD_LIBRARY_PATH"
| #define LT_DLSEARCH_PATH "/usr/local/lib:/lib:/usr/lib"
| #define HAVE_LIBDL 1
| #define HAVE_DLERROR 1
| /* end confdefs.h.  */
| 
| /* Override any GCC internal prototype to avoid an error.
|    Use char because int might match the return type of a GCC
|    builtin and then its argument prototype would still apply.  */
| #ifdef __cplusplus
| extern "C"
| #endif
| char shl_load ();
| int
| main ()
| {
| return shl_load ();
|   ;
|   return 0;
| }
configure:12702: result: no
configure:12748: checking for dld_link in -ldld
configure:12773: gcc -o conftest -g -O2   conftest.c -ldld   >&5
ld: library not found for -ldld
clang: error: linker command failed with exit code 1 (use -v to see invocation)
configure:12773: $? = 1
configure: failed program was:
| /* confdefs.h */
| #define PACKAGE_NAME "JAGS-NUCLEAR"
| #define PACKAGE_TARNAME "JAGS-NUCLEAR-MODULE"
| #define PACKAGE_VERSION "1.1"
| #define PACKAGE_STRING "JAGS-NUCLEAR 1.1"
| #define PACKAGE_BUGREPORT "drsouza@email.unc.edu"
| #define PACKAGE_URL ""
| #define PACKAGE "JAGS-NUCLEAR-MODULE"
| #define VERSION "1.1"
| #define STDC_HEADERS 1
| #define HAVE_SYS_TYPES_H 1
| #define HAVE_SYS_STAT_H 1
| #define HAVE_STDLIB_H 1
| #define HAVE_STRING_H 1
| #define HAVE_MEMORY_H 1
| #define HAVE_STRINGS_H 1
| #define HAVE_INTTYPES_H 1
| #define HAVE_STDINT_H 1
| #define HAVE_UNISTD_H 1
| #define HAVE_DLFCN_H 1
| #define LT_OBJDIR ".libs/"
| #define LT_MODULE_EXT ".so"
| #define LT_SHARED_EXT ".dylib"
| #define LT_MODULE_PATH_VAR "DYLD_LIBRARY_PATH"
| #define LT_DLSEARCH_PATH "/usr/local/lib:/lib:/usr/lib"
| #define HAVE_LIBDL 1
| #define HAVE_DLERROR 1
| /* end confdefs.h.  */
| 
| /* Override any GCC internal prototype to avoid an error.
|    Use char because int might match the return type of a GCC
|    builtin and then its argument prototype would still apply.  */
| #ifdef __cplusplus
| extern "C"
| #endif
| char dld_link ();
| int
| main ()
| {
| return dld_link ();
|   ;
|   return 0;
| }
configure:12782: result: no
configure:12817: checking for _ prefix in compiled symbols
configure:12827: gcc -c -g -O2  conftest.c >&5
conftest.c:2:12: warning: expression result unused [-Wunused-value]
int main(){nm_test_func;return 0;}
           ^~~~~~~~~~~~
1 warning generated.
configure:12830: $? = 0
configure:12834: /usr/bin/nm -B conftest.o \| sed -n -e 's/^.*[	 ]\([BCDEGRST][BCDEGRST]*\)[	 ][	 ]*_\([_A-Za-z][_A-Za-z0-9]*\)$/\1 _\2 \2/p' | sed '/ __gnu_lto/d' \> conftest.nm
configure:12837: $? = 0
configure:12859: result: yes
configure:12866: checking whether we have to add an underscore for dlsym
configure:12948: gcc -o conftest -g -O2   conftest.c   >&5
configure:12951: $? = 0
configure:12965: result: no
configure:12976: checking whether deplibs are loaded by dlopen
configure:13073: result: yes
configure:13084: checking for argz.h
configure:13084: gcc -c -g -O2  conftest.c >&5
conftest.c:64:10: fatal error: 'argz.h' file not found
#include <argz.h>
         ^
1 error generated.
configure:13084: $? = 1
configure: failed program was:
| /* confdefs.h */
| #define PACKAGE_NAME "JAGS-NUCLEAR"
| #define PACKAGE_TARNAME "JAGS-NUCLEAR-MODULE"
| #define PACKAGE_VERSION "1.1"
| #define PACKAGE_STRING "JAGS-NUCLEAR 1.1"
| #define PACKAGE_BUGREPORT "drsouza@email.unc.edu"
| #define PACKAGE_URL ""
| #define PACKAGE "JAGS-NUCLEAR-MODULE"
| #define VERSION "1.1"
| #define STDC_HEADERS 1
| #define HAVE_SYS_TYPES_H 1
| #define HAVE_SYS_STAT_H 1
| #define HAVE_STDLIB_H 1
| #define HAVE_STRING_H 1
| #define HAVE_MEMORY_H 1
| #define HAVE_STRINGS_H 1
| #define HAVE_INTTYPES_H 1
| #define HAVE_STDINT_H 1
| #define HAVE_UNISTD_H 1
| #define HAVE_DLFCN_H 1
| #define LT_OBJDIR ".libs/"
| #define LT_MODULE_EXT ".so"
| #define LT_SHARED_EXT ".dylib"
| #define LT_MODULE_PATH_VAR "DYLD_LIBRARY_PATH"
| #define LT_DLSEARCH_PATH "/usr/local/lib:/lib:/usr/lib"
| #define HAVE_LIBDL 1
| #define HAVE_DLERROR 1
| #define HAVE_LIBDLLOADER 1
| /* end confdefs.h.  */
| #include <stdio.h>
| #ifdef HAVE_SYS_TYPES_H
| # include <sys/types.h>
| #endif
| #ifdef HAVE_SYS_STAT_H
| # include <sys/stat.h>
| #endif
| #ifdef STDC_HEADERS
| # include <stdlib.h>
| # include <stddef.h>
| #else
| # ifdef HAVE_STDLIB_H
| #  include <stdlib.h>
| # endif
| #endif
| #ifdef HAVE_STRING_H
| # if !defined STDC_HEADERS && defined HAVE_MEMORY_H
| #  include <memory.h>
| # endif
| # include <string.h>
| #endif
| #ifdef HAVE_STRINGS_H
| # include <strings.h>
| #endif
| #ifdef HAVE_INTTYPES_H
| # include <inttypes.h>
| #endif
| #ifdef HAVE_STDINT_H
| # include <stdint.h>
| #endif
| #ifdef HAVE_UNISTD_H
| # include <unistd.h>
| #endif
| 
| #include <argz.h>
configure:13084: result: no
configure:13096: checking for error_t
configure:13096: gcc -c -g -O2  conftest.c >&5
conftest.c:37:13: error: use of undeclared identifier 'error_t'
if (sizeof (error_t))
            ^
1 error generated.
configure:13096: $? = 1
configure: failed program was:
| /* confdefs.h */
| #define PACKAGE_NAME "JAGS-NUCLEAR"
| #define PACKAGE_TARNAME "JAGS-NUCLEAR-MODULE"
| #define PACKAGE_VERSION "1.1"
| #define PACKAGE_STRING "JAGS-NUCLEAR 1.1"
| #define PACKAGE_BUGREPORT "drsouza@email.unc.edu"
| #define PACKAGE_URL ""
| #define PACKAGE "JAGS-NUCLEAR-MODULE"
| #define VERSION "1.1"
| #define STDC_HEADERS 1
| #define HAVE_SYS_TYPES_H 1
| #define HAVE_SYS_STAT_H 1
| #define HAVE_STDLIB_H 1
| #define HAVE_STRING_H 1
| #define HAVE_MEMORY_H 1
| #define HAVE_STRINGS_H 1
| #define HAVE_INTTYPES_H 1
| #define HAVE_STDINT_H 1
| #define HAVE_UNISTD_H 1
| #define HAVE_DLFCN_H 1
| #define LT_OBJDIR ".libs/"
| #define LT_MODULE_EXT ".so"
| #define LT_SHARED_EXT ".dylib"
| #define LT_MODULE_PATH_VAR "DYLD_LIBRARY_PATH"
| #define LT_DLSEARCH_PATH "/usr/local/lib:/lib:/usr/lib"
| #define HAVE_LIBDL 1
| #define HAVE_DLERROR 1
| #define HAVE_LIBDLLOADER 1
| /* end confdefs.h.  */
| #if defined(HAVE_ARGZ_H)
| #  include <argz.h>
| #endif
| 
| int
| main ()
| {
| if (sizeof (error_t))
| 	 return 0;
|   ;
|   return 0;
| }
configure:13096: result: no
configure:13122: checking for argz_add
configure:13122: gcc -o conftest -g -O2   conftest.c  >&5
Undefined symbols for architecture x86_64:
  "_argz_add", referenced from:
      _main in conftest-3bb5bd.o
ld: symbol(s) not found for architecture x86_64
clang: error: linker command failed with exit code 1 (use -v to see invocation)
configure:13122: $? = 1
configure: failed program was:
| /* confdefs.h */
| #define PACKAGE_NAME "JAGS-NUCLEAR"
| #define PACKAGE_TARNAME "JAGS-NUCLEAR-MODULE"
| #define PACKAGE_VERSION "1.1"
| #define PACKAGE_STRING "JAGS-NUCLEAR 1.1"
| #define PACKAGE_BUGREPORT "drsouza@email.unc.edu"
| #define PACKAGE_URL ""
| #define PACKAGE "JAGS-NUCLEAR-MODULE"
| #define VERSION "1.1"
| #define STDC_HEADERS 1
| #define HAVE_SYS_TYPES_H 1
| #define HAVE_SYS_STAT_H 1
| #define HAVE_STDLIB_H 1
| #define HAVE_STRING_H 1
| #define HAVE_MEMORY_H 1
| #define HAVE_STRINGS_H 1
| #define HAVE_INTTYPES_H 1
| #define HAVE_STDINT_H 1
| #define HAVE_UNISTD_H 1
| #define HAVE_DLFCN_H 1
| #define LT_OBJDIR ".libs/"
| #define LT_MODULE_EXT ".so"
| #define LT_SHARED_EXT ".dylib"
| #define LT_MODULE_PATH_VAR "DYLD_LIBRARY_PATH"
| #define LT_DLSEARCH_PATH "/usr/local/lib:/lib:/usr/lib"
| #define HAVE_LIBDL 1
| #define HAVE_DLERROR 1
| #define HAVE_LIBDLLOADER 1
| #define error_t int
| #define __error_t_defined 1
| /* end confdefs.h.  */
| /* Define argz_add to an innocuous variant, in case <limits.h> declares argz_add.
|    For example, HP-UX 11i <limits.h> declares gettimeofday.  */
| #define argz_add innocuous_argz_add
| 
| /* System header to define __stub macros and hopefully few prototypes,
|     which can conflict with char argz_add (); below.
|     Prefer <limits.h> to <assert.h> if __STDC__ is defined, since
|     <limits.h> exists even on freestanding compilers.  */
| 
| #ifdef __STDC__
| # include <limits.h>
| #else
| # include <assert.h>
| #endif
| 
| #undef argz_add
| 
| /* Override any GCC internal prototype to avoid an error.
|    Use char because int might match the return type of a GCC
|    builtin and then its argument prototype would still apply.  */
| #ifdef __cplusplus
| extern "C"
| #endif
| char argz_add ();
| /* The GNU C library defines this for functions which it implements
|     to always fail with ENOSYS.  Some functions are actually named
|     something starting with __ and the normal name is an alias.  */
| #if defined __stub_argz_add || defined __stub___argz_add
| choke me
| #endif
| 
| int
| main ()
| {
| return argz_add ();
|   ;
|   return 0;
| }
configure:13122: result: no
configure:13122: checking for argz_append
configure:13122: gcc -o conftest -g -O2   conftest.c  >&5
Undefined symbols for architecture x86_64:
  "_argz_append", referenced from:
      _main in conftest-3e4688.o
ld: symbol(s) not found for architecture x86_64
clang: error: linker command failed with exit code 1 (use -v to see invocation)
configure:13122: $? = 1
configure: failed program was:
| /* confdefs.h */
| #define PACKAGE_NAME "JAGS-NUCLEAR"
| #define PACKAGE_TARNAME "JAGS-NUCLEAR-MODULE"
| #define PACKAGE_VERSION "1.1"
| #define PACKAGE_STRING "JAGS-NUCLEAR 1.1"
| #define PACKAGE_BUGREPORT "drsouza@email.unc.edu"
| #define PACKAGE_URL ""
| #define PACKAGE "JAGS-NUCLEAR-MODULE"
| #define VERSION "1.1"
| #define STDC_HEADERS 1
| #define HAVE_SYS_TYPES_H 1
| #define HAVE_SYS_STAT_H 1
| #define HAVE_STDLIB_H 1
| #define HAVE_STRING_H 1
| #define HAVE_MEMORY_H 1
| #define HAVE_STRINGS_H 1
| #define HAVE_INTTYPES_H 1
| #define HAVE_STDINT_H 1
| #define HAVE_UNISTD_H 1
| #define HAVE_DLFCN_H 1
| #define LT_OBJDIR ".libs/"
| #define LT_MODULE_EXT ".so"
| #define LT_SHARED_EXT ".dylib"
| #define LT_MODULE_PATH_VAR "DYLD_LIBRARY_PATH"
| #define LT_DLSEARCH_PATH "/usr/local/lib:/lib:/usr/lib"
| #define HAVE_LIBDL 1
| #define HAVE_DLERROR 1
| #define HAVE_LIBDLLOADER 1
| #define error_t int
| #define __error_t_defined 1
| /* end confdefs.h.  */
| /* Define argz_append to an innocuous variant, in case <limits.h> declares argz_append.
|    For example, HP-UX 11i <limits.h> declares gettimeofday.  */
| #define argz_append innocuous_argz_append
| 
| /* System header to define __stub macros and hopefully few prototypes,
|     which can conflict with char argz_append (); below.
|     Prefer <limits.h> to <assert.h> if __STDC__ is defined, since
|     <limits.h> exists even on freestanding compilers.  */
| 
| #ifdef __STDC__
| # include <limits.h>
| #else
| # include <assert.h>
| #endif
| 
| #undef argz_append
| 
| /* Override any GCC internal prototype to avoid an error.
|    Use char because int might match the return type of a GCC
|    builtin and then its argument prototype would still apply.  */
| #ifdef __cplusplus
| extern "C"
| #endif
| char argz_append ();
| /* The GNU C library defines this for functions which it implements
|     to always fail with ENOSYS.  Some functions are actually named
|     something starting with __ and the normal name is an alias.  */
| #if defined __stub_argz_append || defined __stub___argz_append
| choke me
| #endif
| 
| int
| main ()
| {
| return argz_append ();
|   ;
|   return 0;
| }
configure:13122: result: no
configure:13122: checking for argz_count
configure:13122: gcc -o conftest -g -O2   conftest.c  >&5
Undefined symbols for architecture x86_64:
  "_argz_count", referenced from:
      _main in conftest-ca6856.o
ld: symbol(s) not found for architecture x86_64
clang: error: linker command failed with exit code 1 (use -v to see invocation)
configure:13122: $? = 1
configure: failed program was:
| /* confdefs.h */
| #define PACKAGE_NAME "JAGS-NUCLEAR"
| #define PACKAGE_TARNAME "JAGS-NUCLEAR-MODULE"
| #define PACKAGE_VERSION "1.1"
| #define PACKAGE_STRING "JAGS-NUCLEAR 1.1"
| #define PACKAGE_BUGREPORT "drsouza@email.unc.edu"
| #define PACKAGE_URL ""
| #define PACKAGE "JAGS-NUCLEAR-MODULE"
| #define VERSION "1.1"
| #define STDC_HEADERS 1
| #define HAVE_SYS_TYPES_H 1
| #define HAVE_SYS_STAT_H 1
| #define HAVE_STDLIB_H 1
| #define HAVE_STRING_H 1
| #define HAVE_MEMORY_H 1
| #define HAVE_STRINGS_H 1
| #define HAVE_INTTYPES_H 1
| #define HAVE_STDINT_H 1
| #define HAVE_UNISTD_H 1
| #define HAVE_DLFCN_H 1
| #define LT_OBJDIR ".libs/"
| #define LT_MODULE_EXT ".so"
| #define LT_SHARED_EXT ".dylib"
| #define LT_MODULE_PATH_VAR "DYLD_LIBRARY_PATH"
| #define LT_DLSEARCH_PATH "/usr/local/lib:/lib:/usr/lib"
| #define HAVE_LIBDL 1
| #define HAVE_DLERROR 1
| #define HAVE_LIBDLLOADER 1
| #define error_t int
| #define __error_t_defined 1
| /* end confdefs.h.  */
| /* Define argz_count to an innocuous variant, in case <limits.h> declares argz_count.
|    For example, HP-UX 11i <limits.h> declares gettimeofday.  */
| #define argz_count innocuous_argz_count
| 
| /* System header to define __stub macros and hopefully few prototypes,
|     which can conflict with char argz_count (); below.
|     Prefer <limits.h> to <assert.h> if __STDC__ is defined, since
|     <limits.h> exists even on freestanding compilers.  */
| 
| #ifdef __STDC__
| # include <limits.h>
| #else
| # include <assert.h>
| #endif
| 
| #undef argz_count
| 
| /* Override any GCC internal prototype to avoid an error.
|    Use char because int might match the return type of a GCC
|    builtin and then its argument prototype would still apply.  */
| #ifdef __cplusplus
| extern "C"
| #endif
| char argz_count ();
| /* The GNU C library defines this for functions which it implements
|     to always fail with ENOSYS.  Some functions are actually named
|     something starting with __ and the normal name is an alias.  */
| #if defined __stub_argz_count || defined __stub___argz_count
| choke me
| #endif
| 
| int
| main ()
| {
| return argz_count ();
|   ;
|   return 0;
| }
configure:13122: result: no
configure:13122: checking for argz_create_sep
configure:13122: gcc -o conftest -g -O2   conftest.c  >&5
Undefined symbols for architecture x86_64:
  "_argz_create_sep", referenced from:
      _main in conftest-9f3a41.o
ld: symbol(s) not found for architecture x86_64
clang: error: linker command failed with exit code 1 (use -v to see invocation)
configure:13122: $? = 1
configure: failed program was:
| /* confdefs.h */
| #define PACKAGE_NAME "JAGS-NUCLEAR"
| #define PACKAGE_TARNAME "JAGS-NUCLEAR-MODULE"
| #define PACKAGE_VERSION "1.1"
| #define PACKAGE_STRING "JAGS-NUCLEAR 1.1"
| #define PACKAGE_BUGREPORT "drsouza@email.unc.edu"
| #define PACKAGE_URL ""
| #define PACKAGE "JAGS-NUCLEAR-MODULE"
| #define VERSION "1.1"
| #define STDC_HEADERS 1
| #define HAVE_SYS_TYPES_H 1
| #define HAVE_SYS_STAT_H 1
| #define HAVE_STDLIB_H 1
| #define HAVE_STRING_H 1
| #define HAVE_MEMORY_H 1
| #define HAVE_STRINGS_H 1
| #define HAVE_INTTYPES_H 1
| #define HAVE_STDINT_H 1
| #define HAVE_UNISTD_H 1
| #define HAVE_DLFCN_H 1
| #define LT_OBJDIR ".libs/"
| #define LT_MODULE_EXT ".so"
| #define LT_SHARED_EXT ".dylib"
| #define LT_MODULE_PATH_VAR "DYLD_LIBRARY_PATH"
| #define LT_DLSEARCH_PATH "/usr/local/lib:/lib:/usr/lib"
| #define HAVE_LIBDL 1
| #define HAVE_DLERROR 1
| #define HAVE_LIBDLLOADER 1
| #define error_t int
| #define __error_t_defined 1
| /* end confdefs.h.  */
| /* Define argz_create_sep to an innocuous variant, in case <limits.h> declares argz_create_sep.
|    For example, HP-UX 11i <limits.h> declares gettimeofday.  */
| #define argz_create_sep innocuous_argz_create_sep
| 
| /* System header to define __stub macros and hopefully few prototypes,
|     which can conflict with char argz_create_sep (); below.
|     Prefer <limits.h> to <assert.h> if __STDC__ is defined, since
|     <limits.h> exists even on freestanding compilers.  */
| 
| #ifdef __STDC__
| # include <limits.h>
| #else
| # include <assert.h>
| #endif
| 
| #undef argz_create_sep
| 
| /* Override any GCC internal prototype to avoid an error.
|    Use char because int might match the return type of a GCC
|    builtin and then its argument prototype would still apply.  */
| #ifdef __cplusplus
| extern "C"
| #endif
| char argz_create_sep ();
| /* The GNU C library defines this for functions which it implements
|     to always fail with ENOSYS.  Some functions are actually named
|     something starting with __ and the normal name is an alias.  */
| #if defined __stub_argz_create_sep || defined __stub___argz_create_sep
| choke me
| #endif
| 
| int
| main ()
| {
| return argz_create_sep ();
|   ;
|   return 0;
| }
configure:13122: result: no
configure:13122: checking for argz_insert
configure:13122: gcc -o conftest -g -O2   conftest.c  >&5
Undefined symbols for architecture x86_64:
  "_argz_insert", referenced from:
      _main in conftest-7277c1.o
ld: symbol(s) not found for architecture x86_64
clang: error: linker command failed with exit code 1 (use -v to see invocation)
configure:13122: $? = 1
configure: failed program was:
| /* confdefs.h */
| #define PACKAGE_NAME "JAGS-NUCLEAR"
| #define PACKAGE_TARNAME "JAGS-NUCLEAR-MODULE"
| #define PACKAGE_VERSION "1.1"
| #define PACKAGE_STRING "JAGS-NUCLEAR 1.1"
| #define PACKAGE_BUGREPORT "drsouza@email.unc.edu"
| #define PACKAGE_URL ""
| #define PACKAGE "JAGS-NUCLEAR-MODULE"
| #define VERSION "1.1"
| #define STDC_HEADERS 1
| #define HAVE_SYS_TYPES_H 1
| #define HAVE_SYS_STAT_H 1
| #define HAVE_STDLIB_H 1
| #define HAVE_STRING_H 1
| #define HAVE_MEMORY_H 1
| #define HAVE_STRINGS_H 1
| #define HAVE_INTTYPES_H 1
| #define HAVE_STDINT_H 1
| #define HAVE_UNISTD_H 1
| #define HAVE_DLFCN_H 1
| #define LT_OBJDIR ".libs/"
| #define LT_MODULE_EXT ".so"
| #define LT_SHARED_EXT ".dylib"
| #define LT_MODULE_PATH_VAR "DYLD_LIBRARY_PATH"
| #define LT_DLSEARCH_PATH "/usr/local/lib:/lib:/usr/lib"
| #define HAVE_LIBDL 1
| #define HAVE_DLERROR 1
| #define HAVE_LIBDLLOADER 1
| #define error_t int
| #define __error_t_defined 1
| /* end confdefs.h.  */
| /* Define argz_insert to an innocuous variant, in case <limits.h> declares argz_insert.
|    For example, HP-UX 11i <limits.h> declares gettimeofday.  */
| #define argz_insert innocuous_argz_insert
| 
| /* System header to define __stub macros and hopefully few prototypes,
|     which can conflict with char argz_insert (); below.
|     Prefer <limits.h> to <assert.h> if __STDC__ is defined, since
|     <limits.h> exists even on freestanding compilers.  */
| 
| #ifdef __STDC__
| # include <limits.h>
| #else
| # include <assert.h>
| #endif
| 
| #undef argz_insert
| 
| /* Override any GCC internal prototype to avoid an error.
|    Use char because int might match the return type of a GCC
|    builtin and then its argument prototype would still apply.  */
| #ifdef __cplusplus
| extern "C"
| #endif
| char argz_insert ();
| /* The GNU C library defines this for functions which it implements
|     to always fail with ENOSYS.  Some functions are actually named
|     something starting with __ and the normal name is an alias.  */
| #if defined __stub_argz_insert || defined __stub___argz_insert
| choke me
| #endif
| 
| int
| main ()
| {
| return argz_insert ();
|   ;
|   return 0;
| }
configure:13122: result: no
configure:13122: checking for argz_next
configure:13122: gcc -o conftest -g -O2   conftest.c  >&5
Undefined symbols for architecture x86_64:
  "_argz_next", referenced from:
      _main in conftest-ea0cbb.o
ld: symbol(s) not found for architecture x86_64
clang: error: linker command failed with exit code 1 (use -v to see invocation)
configure:13122: $? = 1
configure: failed program was:
| /* confdefs.h */
| #define PACKAGE_NAME "JAGS-NUCLEAR"
| #define PACKAGE_TARNAME "JAGS-NUCLEAR-MODULE"
| #define PACKAGE_VERSION "1.1"
| #define PACKAGE_STRING "JAGS-NUCLEAR 1.1"
| #define PACKAGE_BUGREPORT "drsouza@email.unc.edu"
| #define PACKAGE_URL ""
| #define PACKAGE "JAGS-NUCLEAR-MODULE"
| #define VERSION "1.1"
| #define STDC_HEADERS 1
| #define HAVE_SYS_TYPES_H 1
| #define HAVE_SYS_STAT_H 1
| #define HAVE_STDLIB_H 1
| #define HAVE_STRING_H 1
| #define HAVE_MEMORY_H 1
| #define HAVE_STRINGS_H 1
| #define HAVE_INTTYPES_H 1
| #define HAVE_STDINT_H 1
| #define HAVE_UNISTD_H 1
| #define HAVE_DLFCN_H 1
| #define LT_OBJDIR ".libs/"
| #define LT_MODULE_EXT ".so"
| #define LT_SHARED_EXT ".dylib"
| #define LT_MODULE_PATH_VAR "DYLD_LIBRARY_PATH"
| #define LT_DLSEARCH_PATH "/usr/local/lib:/lib:/usr/lib"
| #define HAVE_LIBDL 1
| #define HAVE_DLERROR 1
| #define HAVE_LIBDLLOADER 1
| #define error_t int
| #define __error_t_defined 1
| /* end confdefs.h.  */
| /* Define argz_next to an innocuous variant, in case <limits.h> declares argz_next.
|    For example, HP-UX 11i <limits.h> declares gettimeofday.  */
| #define argz_next innocuous_argz_next
| 
| /* System header to define __stub macros and hopefully few prototypes,
|     which can conflict with char argz_next (); below.
|     Prefer <limits.h> to <assert.h> if __STDC__ is defined, since
|     <limits.h> exists even on freestanding compilers.  */
| 
| #ifdef __STDC__
| # include <limits.h>
| #else
| # include <assert.h>
| #endif
| 
| #undef argz_next
| 
| /* Override any GCC internal prototype to avoid an error.
|    Use char because int might match the return type of a GCC
|    builtin and then its argument prototype would still apply.  */
| #ifdef __cplusplus
| extern "C"
| #endif
| char argz_next ();
| /* The GNU C library defines this for functions which it implements
|     to always fail with ENOSYS.  Some functions are actually named
|     something starting with __ and the normal name is an alias.  */
| #if defined __stub_argz_next || defined __stub___argz_next
| choke me
| #endif
| 
| int
| main ()
| {
| return argz_next ();
|   ;
|   return 0;
| }
configure:13122: result: no
configure:13122: checking for argz_stringify
configure:13122: gcc -o conftest -g -O2   conftest.c  >&5
Undefined symbols for architecture x86_64:
  "_argz_stringify", referenced from:
      _main in conftest-93e902.o
ld: symbol(s) not found for architecture x86_64
clang: error: linker command failed with exit code 1 (use -v to see invocation)
configure:13122: $? = 1
configure: failed program was:
| /* confdefs.h */
| #define PACKAGE_NAME "JAGS-NUCLEAR"
| #define PACKAGE_TARNAME "JAGS-NUCLEAR-MODULE"
| #define PACKAGE_VERSION "1.1"
| #define PACKAGE_STRING "JAGS-NUCLEAR 1.1"
| #define PACKAGE_BUGREPORT "drsouza@email.unc.edu"
| #define PACKAGE_URL ""
| #define PACKAGE "JAGS-NUCLEAR-MODULE"
| #define VERSION "1.1"
| #define STDC_HEADERS 1
| #define HAVE_SYS_TYPES_H 1
| #define HAVE_SYS_STAT_H 1
| #define HAVE_STDLIB_H 1
| #define HAVE_STRING_H 1
| #define HAVE_MEMORY_H 1
| #define HAVE_STRINGS_H 1
| #define HAVE_INTTYPES_H 1
| #define HAVE_STDINT_H 1
| #define HAVE_UNISTD_H 1
| #define HAVE_DLFCN_H 1
| #define LT_OBJDIR ".libs/"
| #define LT_MODULE_EXT ".so"
| #define LT_SHARED_EXT ".dylib"
| #define LT_MODULE_PATH_VAR "DYLD_LIBRARY_PATH"
| #define LT_DLSEARCH_PATH "/usr/local/lib:/lib:/usr/lib"
| #define HAVE_LIBDL 1
| #define HAVE_DLERROR 1
| #define HAVE_LIBDLLOADER 1
| #define error_t int
| #define __error_t_defined 1
| /* end confdefs.h.  */
| /* Define argz_stringify to an innocuous variant, in case <limits.h> declares argz_stringify.
|    For example, HP-UX 11i <limits.h> declares gettimeofday.  */
| #define argz_stringify innocuous_argz_stringify
| 
| /* System header to define __stub macros and hopefully few prototypes,
|     which can conflict with char argz_stringify (); below.
|     Prefer <limits.h> to <assert.h> if __STDC__ is defined, since
|     <limits.h> exists even on freestanding compilers.  */
| 
| #ifdef __STDC__
| # include <limits.h>
| #else
| # include <assert.h>
| #endif
| 
| #undef argz_stringify
| 
| /* Override any GCC internal prototype to avoid an error.
|    Use char because int might match the return type of a GCC
|    builtin and then its argument prototype would still apply.  */
| #ifdef __cplusplus
| extern "C"
| #endif
| char argz_stringify ();
| /* The GNU C library defines this for functions which it implements
|     to always fail with ENOSYS.  Some functions are actually named
|     something starting with __ and the normal name is an alias.  */
| #if defined __stub_argz_stringify || defined __stub___argz_stringify
| choke me
| #endif
| 
| int
| main ()
| {
| return argz_stringify ();
|   ;
|   return 0;
| }
configure:13122: result: no
configure:13186: checking whether libtool supports -dlopen/-dlpreopen
configure:13198: result: yes
configure:13227: checking for ltdl.h
configure:13227: gcc -c -g -O2  conftest.c >&5
configure:13227: $? = 0
configure:13227: result: yes
configure:13231: checking whether lt_dlinterface_register is declared
configure:13231: gcc -c -g -O2  conftest.c >&5
configure:13231: $? = 0
configure:13231: result: yes
configure:13235: checking for lt_dladvise_preload in -lltdl
configure:13260: gcc -o conftest -g -O2   conftest.c -lltdl   >&5
configure:13260: $? = 0
configure:13269: result: yes
configure:13364: checking where to find libltdl headers
configure:13366: result: 
configure:13368: checking where to find libltdl library
configure:13370: result: -lltdl
configure:13418: checking for unistd.h
configure:13418: result: yes
configure:13418: checking for dl.h
configure:13418: gcc -c -g -O2  conftest.c >&5
conftest.c:69:10: fatal error: 'dl.h' file not found
#include <dl.h>
         ^
1 error generated.
configure:13418: $? = 1
configure: failed program was:
| /* confdefs.h */
| #define PACKAGE_NAME "JAGS-NUCLEAR"
| #define PACKAGE_TARNAME "JAGS-NUCLEAR-MODULE"
| #define PACKAGE_VERSION "1.1"
| #define PACKAGE_STRING "JAGS-NUCLEAR 1.1"
| #define PACKAGE_BUGREPORT "drsouza@email.unc.edu"
| #define PACKAGE_URL ""
| #define PACKAGE "JAGS-NUCLEAR-MODULE"
| #define VERSION "1.1"
| #define STDC_HEADERS 1
| #define HAVE_SYS_TYPES_H 1
| #define HAVE_SYS_STAT_H 1
| #define HAVE_STDLIB_H 1
| #define HAVE_STRING_H 1
| #define HAVE_MEMORY_H 1
| #define HAVE_STRINGS_H 1
| #define HAVE_INTTYPES_H 1
| #define HAVE_STDINT_H 1
| #define HAVE_UNISTD_H 1
| #define HAVE_DLFCN_H 1
| #define LT_OBJDIR ".libs/"
| #define LT_MODULE_EXT ".so"
| #define LT_SHARED_EXT ".dylib"
| #define LT_MODULE_PATH_VAR "DYLD_LIBRARY_PATH"
| #define LT_DLSEARCH_PATH "/usr/local/lib:/lib:/usr/lib"
| #define HAVE_LIBDL 1
| #define HAVE_DLERROR 1
| #define HAVE_LIBDLLOADER 1
| #define error_t int
| #define __error_t_defined 1
| #define HAVE_PRELOADED_SYMBOLS 1
| #define HAVE_LTDL 1
| #define HAVE_UNISTD_H 1
| /* end confdefs.h.  */
| #include <stdio.h>
| #ifdef HAVE_SYS_TYPES_H
| # include <sys/types.h>
| #endif
| #ifdef HAVE_SYS_STAT_H
| # include <sys/stat.h>
| #endif
| #ifdef STDC_HEADERS
| # include <stdlib.h>
| # include <stddef.h>
| #else
| # ifdef HAVE_STDLIB_H
| #  include <stdlib.h>
| # endif
| #endif
| #ifdef HAVE_STRING_H
| # if !defined STDC_HEADERS && defined HAVE_MEMORY_H
| #  include <memory.h>
| # endif
| # include <string.h>
| #endif
| #ifdef HAVE_STRINGS_H
| # include <strings.h>
| #endif
| #ifdef HAVE_INTTYPES_H
| # include <inttypes.h>
| #endif
| #ifdef HAVE_STDINT_H
| # include <stdint.h>
| #endif
| #ifdef HAVE_UNISTD_H
| # include <unistd.h>
| #endif
| 
| #include <dl.h>
configure:13418: result: no
configure:13418: checking for sys/dl.h
configure:13418: gcc -c -g -O2  conftest.c >&5
conftest.c:69:10: fatal error: 'sys/dl.h' file not found
#include <sys/dl.h>
         ^
1 error generated.
configure:13418: $? = 1
configure: failed program was:
| /* confdefs.h */
| #define PACKAGE_NAME "JAGS-NUCLEAR"
| #define PACKAGE_TARNAME "JAGS-NUCLEAR-MODULE"
| #define PACKAGE_VERSION "1.1"
| #define PACKAGE_STRING "JAGS-NUCLEAR 1.1"
| #define PACKAGE_BUGREPORT "drsouza@email.unc.edu"
| #define PACKAGE_URL ""
| #define PACKAGE "JAGS-NUCLEAR-MODULE"
| #define VERSION "1.1"
| #define STDC_HEADERS 1
| #define HAVE_SYS_TYPES_H 1
| #define HAVE_SYS_STAT_H 1
| #define HAVE_STDLIB_H 1
| #define HAVE_STRING_H 1
| #define HAVE_MEMORY_H 1
| #define HAVE_STRINGS_H 1
| #define HAVE_INTTYPES_H 1
| #define HAVE_STDINT_H 1
| #define HAVE_UNISTD_H 1
| #define HAVE_DLFCN_H 1
| #define LT_OBJDIR ".libs/"
| #define LT_MODULE_EXT ".so"
| #define LT_SHARED_EXT ".dylib"
| #define LT_MODULE_PATH_VAR "DYLD_LIBRARY_PATH"
| #define LT_DLSEARCH_PATH "/usr/local/lib:/lib:/usr/lib"
| #define HAVE_LIBDL 1
| #define HAVE_DLERROR 1
| #define HAVE_LIBDLLOADER 1
| #define error_t int
| #define __error_t_defined 1
| #define HAVE_PRELOADED_SYMBOLS 1
| #define HAVE_LTDL 1
| #define HAVE_UNISTD_H 1
| /* end confdefs.h.  */
| #include <stdio.h>
| #ifdef HAVE_SYS_TYPES_H
| # include <sys/types.h>
| #endif
| #ifdef HAVE_SYS_STAT_H
| # include <sys/stat.h>
| #endif
| #ifdef STDC_HEADERS
| # include <stdlib.h>
| # include <stddef.h>
| #else
| # ifdef HAVE_STDLIB_H
| #  include <stdlib.h>
| # endif
| #endif
| #ifdef HAVE_STRING_H
| # if !defined STDC_HEADERS && defined HAVE_MEMORY_H
| #  include <memory.h>
| # endif
| # include <string.h>
| #endif
| #ifdef HAVE_STRINGS_H
| # include <strings.h>
| #endif
| #ifdef HAVE_INTTYPES_H
| # include <inttypes.h>
| #endif
| #ifdef HAVE_STDINT_H
| # include <stdint.h>
| #endif
| #ifdef HAVE_UNISTD_H
| # include <unistd.h>
| #endif
| 
| #include <sys/dl.h>
configure:13418: result: no
configure:13418: checking for dld.h
configure:13418: gcc -c -g -O2  conftest.c >&5
conftest.c:69:10: fatal error: 'dld.h' file not found
#include <dld.h>
         ^
1 error generated.
configure:13418: $? = 1
configure: failed program was:
| /* confdefs.h */
| #define PACKAGE_NAME "JAGS-NUCLEAR"
| #define PACKAGE_TARNAME "JAGS-NUCLEAR-MODULE"
| #define PACKAGE_VERSION "1.1"
| #define PACKAGE_STRING "JAGS-NUCLEAR 1.1"
| #define PACKAGE_BUGREPORT "drsouza@email.unc.edu"
| #define PACKAGE_URL ""
| #define PACKAGE "JAGS-NUCLEAR-MODULE"
| #define VERSION "1.1"
| #define STDC_HEADERS 1
| #define HAVE_SYS_TYPES_H 1
| #define HAVE_SYS_STAT_H 1
| #define HAVE_STDLIB_H 1
| #define HAVE_STRING_H 1
| #define HAVE_MEMORY_H 1
| #define HAVE_STRINGS_H 1
| #define HAVE_INTTYPES_H 1
| #define HAVE_STDINT_H 1
| #define HAVE_UNISTD_H 1
| #define HAVE_DLFCN_H 1
| #define LT_OBJDIR ".libs/"
| #define LT_MODULE_EXT ".so"
| #define LT_SHARED_EXT ".dylib"
| #define LT_MODULE_PATH_VAR "DYLD_LIBRARY_PATH"
| #define LT_DLSEARCH_PATH "/usr/local/lib:/lib:/usr/lib"
| #define HAVE_LIBDL 1
| #define HAVE_DLERROR 1
| #define HAVE_LIBDLLOADER 1
| #define error_t int
| #define __error_t_defined 1
| #define HAVE_PRELOADED_SYMBOLS 1
| #define HAVE_LTDL 1
| #define HAVE_UNISTD_H 1
| /* end confdefs.h.  */
| #include <stdio.h>
| #ifdef HAVE_SYS_TYPES_H
| # include <sys/types.h>
| #endif
| #ifdef HAVE_SYS_STAT_H
| # include <sys/stat.h>
| #endif
| #ifdef STDC_HEADERS
| # include <stdlib.h>
| # include <stddef.h>
| #else
| # ifdef HAVE_STDLIB_H
| #  include <stdlib.h>
| # endif
| #endif
| #ifdef HAVE_STRING_H
| # if !defined STDC_HEADERS && defined HAVE_MEMORY_H
| #  include <memory.h>
| # endif
| # include <string.h>
| #endif
| #ifdef HAVE_STRINGS_H
| # include <strings.h>
| #endif
| #ifdef HAVE_INTTYPES_H
| # include <inttypes.h>
| #endif
| #ifdef HAVE_STDINT_H
| # include <stdint.h>
| #endif
| #ifdef HAVE_UNISTD_H
| # include <unistd.h>
| #endif
| 
| #include <dld.h>
configure:13418: result: no
configure:13418: checking for mach-o/dyld.h
configure:13418: gcc -c -g -O2  conftest.c >&5
configure:13418: $? = 0
configure:13418: result: yes
configure:13418: checking for dirent.h
configure:13418: gcc -c -g -O2  conftest.c >&5
configure:13418: $? = 0
configure:13418: result: yes
configure:13433: checking for closedir
configure:13433: gcc -o conftest -g -O2   conftest.c  >&5
configure:13433: $? = 0
configure:13433: result: yes
configure:13433: checking for opendir
configure:13433: gcc -o conftest -g -O2   conftest.c  >&5
configure:13433: $? = 0
configure:13433: result: yes
configure:13433: checking for readdir
configure:13433: gcc -o conftest -g -O2   conftest.c  >&5
configure:13433: $? = 0
configure:13433: result: yes
configure:13450: checking for strlcat
configure:13450: gcc -o conftest -g -O2   conftest.c  >&5
conftest.c:63:6: warning: incompatible redeclaration of library function 'strlcat' [-Wincompatible-library-redeclaration]
char strlcat ();
     ^
conftest.c:63:6: note: 'strlcat' is a builtin with type 'unsigned long (char *, const char *, unsigned long)'
1 warning generated.
configure:13450: $? = 0
configure:13450: result: yes
configure:13450: checking for strlcpy
configure:13450: gcc -o conftest -g -O2   conftest.c  >&5
conftest.c:64:6: warning: incompatible redeclaration of library function 'strlcpy' [-Wincompatible-library-redeclaration]
char strlcpy ();
     ^
conftest.c:64:6: note: 'strlcpy' is a builtin with type 'unsigned long (char *, const char *, unsigned long)'
1 warning generated.
configure:13450: $? = 0
configure:13450: result: yes
configure:13551: checking for g++
configure:13567: found /usr/bin/g++
configure:13578: result: g++
configure:13605: checking for C++ compiler version
configure:13614: g++ --version >&5
Apple LLVM version 8.1.0 (clang-802.0.42)
Target: x86_64-apple-darwin16.6.0
Thread model: posix
InstalledDir: /Library/Developer/CommandLineTools/usr/bin
Configured with: --prefix=/Library/Developer/CommandLineTools/usr --with-gxx-include-dir=/usr/include/c++/4.2.1
configure:13625: $? = 0
configure:13614: g++ -v >&5
Configured with: --prefix=/Library/Developer/CommandLineTools/usr --with-gxx-include-dir=/usr/include/c++/4.2.1
Apple LLVM version 8.1.0 (clang-802.0.42)
Target: x86_64-apple-darwin16.6.0
Thread model: posix
InstalledDir: /Library/Developer/CommandLineTools/usr/bin
configure:13625: $? = 0
configure:13614: g++ -V >&5
clang: error: argument to '-V' is missing (expected 1 value)
clang: error: no input files
configure:13625: $? = 1
configure:13614: g++ -qversion >&5
clang: error: unknown argument: '-qversion'
clang: error: no input files
configure:13625: $? = 1
configure:13629: checking whether we are using the GNU C++ compiler
configure:13648: g++ -c   conftest.cpp >&5
configure:13648: $? = 0
configure:13657: result: yes
configure:13666: checking whether g++ accepts -g
configure:13686: g++ -c -g  conftest.cpp >&5
configure:13686: $? = 0
configure:13727: result: yes
configure:13752: checking dependency style of g++
configure:13863: result: gcc3
configure:13896: checking how to run the C++ preprocessor
configure:13923: g++ -E  conftest.cpp
configure:13923: $? = 0
configure:13937: g++ -E  conftest.cpp
conftest.cpp:44:10: fatal error: 'ac_nonexistent.h' file not found
#include <ac_nonexistent.h>
         ^
1 error generated.
configure:13937: $? = 1
configure: failed program was:
| /* confdefs.h */
| #define PACKAGE_NAME "JAGS-NUCLEAR"
| #define PACKAGE_TARNAME "JAGS-NUCLEAR-MODULE"
| #define PACKAGE_VERSION "1.1"
| #define PACKAGE_STRING "JAGS-NUCLEAR 1.1"
| #define PACKAGE_BUGREPORT "drsouza@email.unc.edu"
| #define PACKAGE_URL ""
| #define PACKAGE "JAGS-NUCLEAR-MODULE"
| #define VERSION "1.1"
| #define STDC_HEADERS 1
| #define HAVE_SYS_TYPES_H 1
| #define HAVE_SYS_STAT_H 1
| #define HAVE_STDLIB_H 1
| #define HAVE_STRING_H 1
| #define HAVE_MEMORY_H 1
| #define HAVE_STRINGS_H 1
| #define HAVE_INTTYPES_H 1
| #define HAVE_STDINT_H 1
| #define HAVE_UNISTD_H 1
| #define HAVE_DLFCN_H 1
| #define LT_OBJDIR ".libs/"
| #define LT_MODULE_EXT ".so"
| #define LT_SHARED_EXT ".dylib"
| #define LT_MODULE_PATH_VAR "DYLD_LIBRARY_PATH"
| #define LT_DLSEARCH_PATH "/usr/local/lib:/lib:/usr/lib"
| #define HAVE_LIBDL 1
| #define HAVE_DLERROR 1
| #define HAVE_LIBDLLOADER 1
| #define error_t int
| #define __error_t_defined 1
| #define HAVE_PRELOADED_SYMBOLS 1
| #define HAVE_LTDL 1
| #define HAVE_UNISTD_H 1
| #define HAVE_MACH_O_DYLD_H 1
| #define HAVE_DIRENT_H 1
| #define HAVE_CLOSEDIR 1
| #define HAVE_OPENDIR 1
| #define HAVE_READDIR 1
| #define HAVE_STRLCAT 1
| #define HAVE_STRLCPY 1
| #define LT_LIBEXT "a"
| #define LT_LIBPREFIX "lib"
| /* end confdefs.h.  */
| #include <ac_nonexistent.h>
configure:13962: result: g++ -E
configure:13982: g++ -E  conftest.cpp
configure:13982: $? = 0
configure:13996: g++ -E  conftest.cpp
conftest.cpp:44:10: fatal error: 'ac_nonexistent.h' file not found
#include <ac_nonexistent.h>
         ^
1 error generated.
configure:13996: $? = 1
configure: failed program was:
| /* confdefs.h */
| #define PACKAGE_NAME "JAGS-NUCLEAR"
| #define PACKAGE_TARNAME "JAGS-NUCLEAR-MODULE"
| #define PACKAGE_VERSION "1.1"
| #define PACKAGE_STRING "JAGS-NUCLEAR 1.1"
| #define PACKAGE_BUGREPORT "drsouza@email.unc.edu"
| #define PACKAGE_URL ""
| #define PACKAGE "JAGS-NUCLEAR-MODULE"
| #define VERSION "1.1"
| #define STDC_HEADERS 1
| #define HAVE_SYS_TYPES_H 1
| #define HAVE_SYS_STAT_H 1
| #define HAVE_STDLIB_H 1
| #define HAVE_STRING_H 1
| #define HAVE_MEMORY_H 1
| #define HAVE_STRINGS_H 1
| #define HAVE_INTTYPES_H 1
| #define HAVE_STDINT_H 1
| #define HAVE_UNISTD_H 1
| #define HAVE_DLFCN_H 1
| #define LT_OBJDIR ".libs/"
| #define LT_MODULE_EXT ".so"
| #define LT_SHARED_EXT ".dylib"
| #define LT_MODULE_PATH_VAR "DYLD_LIBRARY_PATH"
| #define LT_DLSEARCH_PATH "/usr/local/lib:/lib:/usr/lib"
| #define HAVE_LIBDL 1
| #define HAVE_DLERROR 1
| #define HAVE_LIBDLLOADER 1
| #define error_t int
| #define __error_t_defined 1
| #define HAVE_PRELOADED_SYMBOLS 1
| #define HAVE_LTDL 1
| #define HAVE_UNISTD_H 1
| #define HAVE_MACH_O_DYLD_H 1
| #define HAVE_DIRENT_H 1
| #define HAVE_CLOSEDIR 1
| #define HAVE_OPENDIR 1
| #define HAVE_READDIR 1
| #define HAVE_STRLCAT 1
| #define HAVE_STRLCPY 1
| #define LT_LIBEXT "a"
| #define LT_LIBPREFIX "lib"
| /* end confdefs.h.  */
| #include <ac_nonexistent.h>
configure:14158: checking for ld used by g++
configure:14225: result: /Library/Developer/CommandLineTools/usr/bin/ld
configure:14232: checking if the linker (/Library/Developer/CommandLineTools/usr/bin/ld) is GNU ld
configure:14247: result: no
configure:14302: checking whether the g++ linker (/Library/Developer/CommandLineTools/usr/bin/ld) supports shared libraries
configure:15375: result: yes
configure:15411: g++ -c -g -O2  conftest.cpp >&5
configure:15414: $? = 0
configure:15895: checking for g++ option to produce PIC
configure:15902: result: -fno-common -DPIC
configure:15910: checking if g++ PIC flag -fno-common -DPIC works
configure:15928: g++ -c -g -O2  -fno-common -DPIC -DPIC conftest.cpp >&5
configure:15932: $? = 0
configure:15945: result: yes
configure:15968: checking if g++ static flag -static works
configure:15996: result: no
configure:16008: checking if g++ supports -c -o file.o
configure:16029: g++ -c -g -O2  -o out/conftest2.o conftest.cpp >&5
configure:16033: $? = 0
configure:16055: result: yes
configure:16060: checking if g++ supports -c -o file.o
configure:16107: result: yes
configure:16137: checking whether the g++ linker (/Library/Developer/CommandLineTools/usr/bin/ld) supports shared libraries
configure:16177: result: yes
configure:16318: checking dynamic linker characteristics
configure:17063: result: darwin16.6.0 dyld
configure:17128: checking how to hardcode library paths into programs
configure:17153: result: immediate
configure:17327: checking that generated files are newer than configure
configure:17333: result: done
configure:17389: creating ./config.status

## ---------------------- ##
## Running config.status. ##
## ---------------------- ##

This file was extended by JAGS-NUCLEAR config.status 1.1, which was
generated by GNU Autoconf 2.69.  Invocation command line was

  CONFIG_FILES    = 
  CONFIG_HEADERS  = 
  CONFIG_LINKS    = 
  CONFIG_COMMANDS = 
  $ ./config.status 

on physics00296.dhcp.unc.edu

config.status:1198: creating Makefile
config.status:1198: creating m4/Makefile
config.status:1198: creating libltdl/Makefile
config.status:1198: creating src/Makefile
config.status:1198: creating src/distributions/Makefile
config.status:1198: creating src/functions/Makefile
config.status:1198: creating win/Makefile
config.status:1198: creating config.h
config.status:1379: config.h is unchanged
config.status:1427: executing depfiles commands
config.status:1427: executing libtool commands

## ---------------- ##
## Cache variables. ##
## ---------------- ##

ac_cv_build=x86_64-apple-darwin16.6.0
ac_cv_c_compiler_gnu=yes
ac_cv_cxx_compiler_gnu=yes
ac_cv_env_CCC_set=
ac_cv_env_CCC_value=
ac_cv_env_CC_set=
ac_cv_env_CC_value=
ac_cv_env_CFLAGS_set=
ac_cv_env_CFLAGS_value=
ac_cv_env_CPPFLAGS_set=
ac_cv_env_CPPFLAGS_value=
ac_cv_env_CPP_set=
ac_cv_env_CPP_value=
ac_cv_env_CXXCPP_set=
ac_cv_env_CXXCPP_value=
ac_cv_env_CXXFLAGS_set=
ac_cv_env_CXXFLAGS_value=
ac_cv_env_CXX_set=
ac_cv_env_CXX_value=
ac_cv_env_LDFLAGS_set=
ac_cv_env_LDFLAGS_value=
ac_cv_env_LIBS_set=
ac_cv_env_LIBS_value=
ac_cv_env_LT_SYS_LIBRARY_PATH_set=
ac_cv_env_LT_SYS_LIBRARY_PATH_value=
ac_cv_env_build_alias_set=
ac_cv_env_build_alias_value=
ac_cv_env_host_alias_set=
ac_cv_env_host_alias_value=
ac_cv_env_target_alias_set=
ac_cv_env_target_alias_value=
ac_cv_func_argz_add=no
ac_cv_func_argz_append=no
ac_cv_func_argz_count=no
ac_cv_func_argz_create_sep=no
ac_cv_func_argz_insert=no
ac_cv_func_argz_next=no
ac_cv_func_argz_stringify=no
ac_cv_func_closedir=yes
ac_cv_func_dlerror=yes
ac_cv_func_opendir=yes
ac_cv_func_readdir=yes
ac_cv_func_shl_load=no
ac_cv_func_strlcat=yes
ac_cv_func_strlcpy=yes
ac_cv_have_decl_lt_dlinterface_register=yes
ac_cv_header_argz_h=no
ac_cv_header_dirent_h=yes
ac_cv_header_dl_h=no
ac_cv_header_dld_h=no
ac_cv_header_dlfcn_h=yes
ac_cv_header_inttypes_h=yes
ac_cv_header_ltdl_h=yes
ac_cv_header_mach_o_dyld_h=yes
ac_cv_header_memory_h=yes
ac_cv_header_stdc=yes
ac_cv_header_stdint_h=yes
ac_cv_header_stdlib_h=yes
ac_cv_header_string_h=yes
ac_cv_header_strings_h=yes
ac_cv_header_sys_dl_h=no
ac_cv_header_sys_stat_h=yes
ac_cv_header_sys_types_h=yes
ac_cv_header_unistd_h=yes
ac_cv_host=x86_64-apple-darwin16.6.0
ac_cv_lib_dl_dlopen=yes
ac_cv_lib_dld_dld_link=no
ac_cv_lib_dld_shl_load=no
ac_cv_lib_ltdl_lt_dladvise_preload=yes
ac_cv_objext=o
ac_cv_path_EGREP='/usr/bin/grep -E'
ac_cv_path_FGREP='/usr/bin/grep -F'
ac_cv_path_GREP=/usr/bin/grep
ac_cv_path_SED=/usr/bin/sed
ac_cv_path_install='/usr/bin/install -c'
ac_cv_path_lt_DD=/bin/dd
ac_cv_prog_AWK=awk
ac_cv_prog_CPP='gcc -E'
ac_cv_prog_CXXCPP='g++ -E'
ac_cv_prog_ac_ct_AR=ar
ac_cv_prog_ac_ct_CC=gcc
ac_cv_prog_ac_ct_CXX=g++
ac_cv_prog_ac_ct_DSYMUTIL=dsymutil
ac_cv_prog_ac_ct_LIPO=lipo
ac_cv_prog_ac_ct_NMEDIT=nmedit
ac_cv_prog_ac_ct_OBJDUMP=objdump
ac_cv_prog_ac_ct_OTOOL=otool
ac_cv_prog_ac_ct_RANLIB=ranlib
ac_cv_prog_ac_ct_STRIP=strip
ac_cv_prog_cc_c89=
ac_cv_prog_cc_g=yes
ac_cv_prog_cxx_g=yes
ac_cv_prog_make_make_set=yes
ac_cv_search_dlopen='none required'
ac_cv_type_error_t=no
am_cv_CC_dependencies_compiler_type=gcc3
am_cv_CXX_dependencies_compiler_type=gcc3
am_cv_make_support_nested_variables=yes
am_cv_prog_cc_c_o=yes
libltdl_cv_lib_dl_dlopen=yes
libltdl_cv_need_uscore=no
libltdl_cv_preloaded_symbols=yes
libltdl_cv_shlibext=.so
libltdl_cv_shrext=.dylib
lt_cv_apple_cc_single_mod=yes
lt_cv_ar_at_file=no
lt_cv_deplibs_check_method=pass_all
lt_cv_dlopen=dlopen
lt_cv_dlopen_libs=-ldl
lt_cv_dlopen_self=yes
lt_cv_dlopen_self_static=yes
lt_cv_file_magic_cmd='$MAGIC_CMD'
lt_cv_file_magic_test_file=
lt_cv_ld_exported_symbols_list=yes
lt_cv_ld_force_load=yes
lt_cv_ld_reload_flag=-r
lt_cv_module_path_var=DYLD_LIBRARY_PATH
lt_cv_nm_interface='BSD nm'
lt_cv_objdir=.libs
lt_cv_path_LD=/Library/Developer/CommandLineTools/usr/bin/ld
lt_cv_path_LDCXX=/Library/Developer/CommandLineTools/usr/bin/ld
lt_cv_path_NM='/usr/bin/nm -B'
lt_cv_path_mainfest_tool=no
lt_cv_prog_compiler_c_o=yes
lt_cv_prog_compiler_c_o_CXX=yes
lt_cv_prog_compiler_pic='-fno-common -DPIC'
lt_cv_prog_compiler_pic_CXX='-fno-common -DPIC'
lt_cv_prog_compiler_pic_works=yes
lt_cv_prog_compiler_pic_works_CXX=yes
lt_cv_prog_compiler_rtti_exceptions=yes
lt_cv_prog_compiler_static_works=no
lt_cv_prog_compiler_static_works_CXX=no
lt_cv_prog_gnu_ld=no
lt_cv_prog_gnu_ldcxx=no
lt_cv_sharedlib_from_linklib_cmd='printf %s\n'
lt_cv_sys_dlopen_deplibs=yes
lt_cv_sys_dlsearch_path='/usr/local/lib /lib /usr/lib'
lt_cv_sys_global_symbol_pipe='sed -n -e '\''s/^.*[	 ]\([BCDEGRST][BCDEGRST]*\)[	 ][	 ]*_\([_A-Za-z][_A-Za-z0-9]*\)$/\1 _\2 \2/p'\'' | sed '\''/ __gnu_lto/d'\'''
lt_cv_sys_global_symbol_to_c_name_address='sed -n -e '\''s/^: \(.*\) .*$/  {"\1", (void *) 0},/p'\'' -e '\''s/^[BCDEGRST][BCDEGRST]* .* \(.*\)$/  {"\1", (void *) \&\1},/p'\'''
lt_cv_sys_global_symbol_to_c_name_address_lib_prefix='sed -n -e '\''s/^: \(.*\) .*$/  {"\1", (void *) 0},/p'\'' -e '\''s/^[BCDEGRST][BCDEGRST]* .* \(lib.*\)$/  {"\1", (void *) \&\1},/p'\'' -e '\''s/^[BCDEGRST][BCDEGRST]* .* \(.*\)$/  {"lib\1", (void *) \&\1},/p'\'''
lt_cv_sys_global_symbol_to_cdecl='sed -n -e '\''s/^T .* \(.*\)$/extern int \1();/p'\'' -e '\''s/^[BCDEGRST][BCDEGRST]* .* \(.*\)$/extern char \1;/p'\'''
lt_cv_sys_global_symbol_to_import=
lt_cv_sys_max_cmd_len=196608
lt_cv_sys_symbol_underscore=yes
lt_cv_to_host_file_cmd=func_convert_file_noop
lt_cv_to_tool_file_cmd=func_convert_file_noop
lt_cv_truncate_bin='/bin/dd bs=4096 count=1'

## ----------------- ##
## Output variables. ##
## ----------------- ##

ACLOCAL='${SHELL} /Users/rafaeldesouza/Documents/GitHub/JAGS_UNC/Nuclear/missing aclocal-1.15'
AMDEPBACKSLASH='\'
AMDEP_FALSE='#'
AMDEP_TRUE=''
AMTAR='$${TAR-tar}'
AM_BACKSLASH='\'
AM_DEFAULT_V='$(AM_DEFAULT_VERBOSITY)'
AM_DEFAULT_VERBOSITY='1'
AM_V='$(V)'
AR='ar'
AS='as'
AUTOCONF='${SHELL} /Users/rafaeldesouza/Documents/GitHub/JAGS_UNC/Nuclear/missing autoconf'
AUTOHEADER='${SHELL} /Users/rafaeldesouza/Documents/GitHub/JAGS_UNC/Nuclear/missing autoheader'
AUTOMAKE='${SHELL} /Users/rafaeldesouza/Documents/GitHub/JAGS_UNC/Nuclear/missing automake-1.15'
AWK='awk'
CC='gcc'
CCDEPMODE='depmode=gcc3'
CFLAGS='-g -O2'
CONVENIENCE_LTDL_FALSE='#'
CONVENIENCE_LTDL_TRUE=''
CPP='gcc -E'
CPPFLAGS=''
CXX='g++'
CXXCPP='g++ -E'
CXXDEPMODE='depmode=gcc3'
CXXFLAGS='-g -O2'
CYGPATH_W='echo'
DEFS='-DHAVE_CONFIG_H'
DEPDIR='.deps'
DLLTOOL='false'
DSYMUTIL='dsymutil'
DUMPBIN=''
ECHO_C='\c'
ECHO_N=''
ECHO_T=''
EGREP='/usr/bin/grep -E'
EXEEXT=''
FGREP='/usr/bin/grep -F'
GREP='/usr/bin/grep'
INCLTDL=''
INSTALL_DATA='${INSTALL} -m 644'
INSTALL_LTDL_FALSE=''
INSTALL_LTDL_TRUE='#'
INSTALL_PROGRAM='${INSTALL}'
INSTALL_SCRIPT='${INSTALL}'
INSTALL_STRIP_PROGRAM='$(install_sh) -c -s'
JAGS_MAJOR='4'
JAGS_MINOR='0'
LD='/Library/Developer/CommandLineTools/usr/bin/ld'
LDFLAGS=''
LIBADD_DL=' '
LIBADD_DLD_LINK=''
LIBADD_DLOPEN=''
LIBADD_SHL_LOAD=''
LIBLTDL='-lltdl'
LIBOBJS=''
LIBS=''
LIBTOOL='$(SHELL) $(top_builddir)/libtool'
LIPO='lipo'
LN_S='ln -s'
LTDLDEPS=''
LTDLINCL=''
LTDLOPEN='libltdl'
LTLIBOBJS=''
LT_ARGZ_H='lt__argz.h'
LT_CONFIG_H='config.h'
LT_DLLOADERS=' dlopen.la'
LT_DLPREOPEN='-dlpreopen dlopen.la '
LT_SYS_LIBRARY_PATH=''
MAKEINFO='${SHELL} /Users/rafaeldesouza/Documents/GitHub/JAGS_UNC/Nuclear/missing makeinfo'
MANIFEST_TOOL=':'
MKDIR_P='./install-sh -c -d'
NM='/usr/bin/nm -B'
NMEDIT='nmedit'
OBJDUMP='objdump'
OBJEXT='o'
OTOOL64=':'
OTOOL='otool'
PACKAGE='JAGS-NUCLEAR-MODULE'
PACKAGE_BUGREPORT='drsouza@email.unc.edu'
PACKAGE_NAME='JAGS-NUCLEAR'
PACKAGE_STRING='JAGS-NUCLEAR 1.1'
PACKAGE_TARNAME='JAGS-NUCLEAR-MODULE'
PACKAGE_URL=''
PACKAGE_VERSION='1.1'
PATH_SEPARATOR=':'
RANLIB='ranlib'
SED='/usr/bin/sed'
SET_MAKE=''
SHELL='/bin/sh'
STRIP='strip'
VERSION='1.1'
WINDOWS_FALSE=''
WINDOWS_TRUE='#'
ac_ct_AR='ar'
ac_ct_CC='gcc'
ac_ct_CXX='g++'
ac_ct_DUMPBIN=''
am__EXEEXT_FALSE=''
am__EXEEXT_TRUE='#'
am__fastdepCC_FALSE='#'
am__fastdepCC_TRUE=''
am__fastdepCXX_FALSE='#'
am__fastdepCXX_TRUE=''
am__include='include'
am__isrc=''
am__leading_dot='.'
am__nodep='_no'
am__quote=''
am__tar='$${TAR-tar} chof - "$$tardir"'
am__untar='$${TAR-tar} xf -'
bindir='${exec_prefix}/bin'
build='x86_64-apple-darwin16.6.0'
build_alias=''
build_cpu='x86_64'
build_os='darwin16.6.0'
build_vendor='apple'
datadir='${datarootdir}'
datarootdir='${prefix}/share'
docdir='${datarootdir}/doc/${PACKAGE_TARNAME}'
dvidir='${docdir}'
exec_prefix='${prefix}'
host='x86_64-apple-darwin16.6.0'
host_alias=''
host_cpu='x86_64'
host_os='darwin16.6.0'
host_vendor='apple'
htmldir='${docdir}'
includedir='${prefix}/include'
infodir='${datarootdir}/info'
install_sh='${SHELL} /Users/rafaeldesouza/Documents/GitHub/JAGS_UNC/Nuclear/install-sh'
jagsmoddir='${exec_prefix}/lib/JAGS/modules-4'
libdir='${exec_prefix}/lib'
libexecdir='${exec_prefix}/libexec'
localedir='${datarootdir}/locale'
localstatedir='${prefix}/var'
ltdl_LIBOBJS=' lt__argz.o'
ltdl_LTLIBOBJS=' lt__argz.lo'
mandir='${datarootdir}/man'
mkdir_p='$(MKDIR_P)'
oldincludedir='/usr/include'
pdfdir='${docdir}'
prefix='/usr/local'
program_transform_name='s,x,x,'
psdir='${docdir}'
sbindir='${exec_prefix}/sbin'
sharedstatedir='${prefix}/com'
sys_symbol_underscore='yes'
sysconfdir='${prefix}/etc'
target_alias=''

## ----------- ##
## confdefs.h. ##
## ----------- ##

/* confdefs.h */
#define PACKAGE_NAME "JAGS-NUCLEAR"
#define PACKAGE_TARNAME "JAGS-NUCLEAR-MODULE"
#define PACKAGE_VERSION "1.1"
#define PACKAGE_STRING "JAGS-NUCLEAR 1.1"
#define PACKAGE_BUGREPORT "drsouza@email.unc.edu"
#define PACKAGE_URL ""
#define PACKAGE "JAGS-NUCLEAR-MODULE"
#define VERSION "1.1"
#define STDC_HEADERS 1
#define HAVE_SYS_TYPES_H 1
#define HAVE_SYS_STAT_H 1
#define HAVE_STDLIB_H 1
#define HAVE_STRING_H 1
#define HAVE_MEMORY_H 1
#define HAVE_STRINGS_H 1
#define HAVE_INTTYPES_H 1
#define HAVE_STDINT_H 1
#define HAVE_UNISTD_H 1
#define HAVE_DLFCN_H 1
#define LT_OBJDIR ".libs/"
#define LT_MODULE_EXT ".so"
#define LT_SHARED_EXT ".dylib"
#define LT_MODULE_PATH_VAR "DYLD_LIBRARY_PATH"
#define LT_DLSEARCH_PATH "/usr/local/lib:/lib:/usr/lib"
#define HAVE_LIBDL 1
#define HAVE_DLERROR 1
#define HAVE_LIBDLLOADER 1
#define error_t int
#define __error_t_defined 1
#define HAVE_PRELOADED_SYMBOLS 1
#define HAVE_LTDL 1
#define HAVE_UNISTD_H 1
#define HAVE_MACH_O_DYLD_H 1
#define HAVE_DIRENT_H 1
#define HAVE_CLOSEDIR 1
#define HAVE_OPENDIR 1
#define HAVE_READDIR 1
#define HAVE_STRLCAT 1
#define HAVE_STRLCPY 1
#define LT_LIBEXT "a"
#define LT_LIBPREFIX "lib"
#define MATHLIB_STANDALONE 1

configure: exit 0

## ---------------------- ##
## Running config.status. ##
## ---------------------- ##

This file was extended by JAGS-NUCLEAR config.status 1.1, which was
generated by GNU Autoconf 2.69.  Invocation command line was

  CONFIG_FILES    = 
  CONFIG_HEADERS  = 
  CONFIG_LINKS    = 
  CONFIG_COMMANDS = 
  $ ./config.status src/Makefile depfiles

on physics00296.dhcp.unc.edu

config.status:1198: creating src/Makefile
config.status:1427: executing depfiles commands
