d(d,n)          
        charge projectile=           1
            charge target=           1
  nuclear mass projectile=   2.0135531826199999     
      nuclear mass target=   2.0135531826199999     
        number of samples=        5000

 T9        low         med         high        logmu       logsigma     f.u.
 0.001   1.310E-08   1.323E-08   1.337E-08   -1.814E+01    1.046E-02    1.011E+00
 0.002   5.441E-05   5.493E-05   5.553E-05   -9.809E+00    1.046E-02    1.011E+00
 0.003   2.998E-03   3.027E-03   3.060E-03   -5.800E+00    1.046E-02    1.011E+00
 0.004   3.703E-02   3.739E-02   3.780E-02   -3.286E+00    1.046E-02    1.011E+00
 0.005   2.195E-01   2.216E-01   2.240E-01   -1.507E+00    1.046E-02    1.011E+00
 0.006   8.480E-01   8.563E-01   8.655E-01   -1.550E-01    1.046E-02    1.011E+00
 0.007   2.486E+00   2.510E+00   2.537E+00    9.205E-01    1.046E-02    1.011E+00
 0.008   6.020E+00   6.078E+00   6.144E+00    1.805E+00    1.046E-02    1.011E+00
 0.009   1.268E+01   1.281E+01   1.295E+01    2.550E+00    1.046E-02    1.011E+00
 0.010   2.406E+01   2.429E+01   2.455E+01    3.190E+00    1.046E-02    1.011E+00
 0.011   4.204E+01   4.245E+01   4.291E+01    3.749E+00    1.046E-02    1.011E+00
 0.012   6.883E+01   6.950E+01   7.025E+01    4.242E+00    1.046E-02    1.011E+00
 0.013   1.069E+02   1.079E+02   1.091E+02    4.681E+00    1.046E-02    1.011E+00
 0.014   1.587E+02   1.603E+02   1.620E+02    5.077E+00    1.046E-02    1.011E+00
 0.015   2.273E+02   2.295E+02   2.320E+02    5.436E+00    1.046E-02    1.011E+00
 0.016   3.154E+02   3.185E+02   3.219E+02    5.764E+00    1.046E-02    1.011E+00
 0.018   5.624E+02   5.678E+02   5.740E+02    6.342E+00    1.046E-02    1.011E+00
 0.020   9.238E+02   9.328E+02   9.429E+02    6.838E+00    1.046E-02    1.011E+00
 0.025   2.485E+03   2.509E+03   2.536E+03    7.828E+00    1.046E-02    1.011E+00
 0.030   5.260E+03   5.311E+03   5.368E+03    8.578E+00    1.046E-02    1.011E+00
 0.040   1.556E+04   1.571E+04   1.588E+04    9.662E+00    1.046E-02    1.011E+00
 0.050   3.343E+04   3.375E+04   3.412E+04    1.043E+01    1.046E-02    1.011E+00
 0.060   5.967E+04   6.024E+04   6.090E+04    1.101E+01    1.046E-02    1.011E+00
 0.070   9.454E+04   9.546E+04   9.649E+04    1.147E+01    1.046E-02    1.011E+00
 0.080   1.380E+05   1.393E+05   1.408E+05    1.184E+01    1.046E-02    1.011E+00
 0.090   1.897E+05   1.916E+05   1.936E+05    1.216E+01    1.046E-02    1.011E+00
 0.100   2.494E+05   2.518E+05   2.545E+05    1.244E+01    1.046E-02    1.011E+00
 0.110   3.166E+05   3.196E+05   3.231E+05    1.268E+01    1.046E-02    1.011E+00
 0.120   3.908E+05   3.946E+05   3.989E+05    1.289E+01    1.046E-02    1.011E+00
 0.130   4.717E+05   4.763E+05   4.814E+05    1.307E+01    1.046E-02    1.011E+00
 0.140   5.588E+05   5.642E+05   5.703E+05    1.324E+01    1.046E-02    1.011E+00
 0.150   6.517E+05   6.580E+05   6.652E+05    1.340E+01    1.046E-02    1.011E+00
 0.160   7.500E+05   7.573E+05   7.655E+05    1.354E+01    1.046E-02    1.011E+00
 0.180   9.616E+05   9.709E+05   9.814E+05    1.379E+01    1.046E-02    1.011E+00
 0.200   1.191E+06   1.202E+06   1.215E+06    1.400E+01    1.046E-02    1.011E+00
 0.250   1.827E+06   1.845E+06   1.865E+06    1.443E+01    1.046E-02    1.011E+00
 0.300   2.533E+06   2.557E+06   2.585E+06    1.475E+01    1.046E-02    1.011E+00
 0.350   3.289E+06   3.321E+06   3.357E+06    1.502E+01    1.046E-02    1.011E+00
 0.400   4.081E+06   4.121E+06   4.166E+06    1.523E+01    1.046E-02    1.011E+00
 0.450   4.900E+06   4.947E+06   5.001E+06    1.541E+01    1.046E-02    1.011E+00
 0.500   5.737E+06   5.792E+06   5.855E+06    1.557E+01    1.046E-02    1.011E+00
 0.600   7.444E+06   7.516E+06   7.597E+06    1.583E+01    1.046E-02    1.011E+00
 0.700   9.168E+06   9.257E+06   9.358E+06    1.604E+01    1.046E-02    1.011E+00
 0.800   1.089E+07   1.100E+07   1.111E+07    1.621E+01    1.046E-02    1.011E+00
 0.900   1.260E+07   1.272E+07   1.286E+07    1.636E+01    1.046E-02    1.011E+00
 1.000   1.428E+07   1.441E+07   1.457E+07    1.648E+01    1.046E-02    1.011E+00
 1.250   1.833E+07   1.851E+07   1.871E+07    1.673E+01    1.046E-02    1.011E+00
 1.500   2.216E+07   2.238E+07   2.262E+07    1.692E+01    1.046E-02    1.011E+00
 1.750   2.576E+07   2.601E+07   2.629E+07    1.707E+01    1.046E-02    1.011E+00
 2.000   2.912E+07   2.941E+07   2.972E+07    1.720E+01    1.046E-02    1.011E+00
 2.500   3.523E+07   3.557E+07   3.595E+07    1.739E+01    1.046E-02    1.011E+00
 3.000   4.060E+07   4.099E+07   4.143E+07    1.753E+01    1.046E-02    1.011E+00
 3.500   4.535E+07   4.579E+07   4.629E+07    1.764E+01    1.046E-02    1.011E+00
 4.000   4.959E+07   5.008E+07   5.062E+07    1.773E+01    1.046E-02    1.011E+00
 5.000   5.684E+07   5.739E+07   5.801E+07    1.787E+01    1.046E-02    1.011E+00
 6.000   6.279E+07   6.340E+07   6.409E+07    1.797E+01    1.046E-02    1.011E+00
 7.000   6.777E+07   6.843E+07   6.917E+07    1.804E+01    1.046E-02    1.011E+00
 8.000   7.199E+07   7.269E+07   7.347E+07    1.810E+01    1.046E-02    1.011E+00
 9.000   7.559E+07   7.633E+07   7.715E+07    1.815E+01    1.046E-02    1.011E+00
10.000   7.869E+07   7.945E+07   8.031E+07    1.819E+01    1.046E-02    1.011E+00
