 0.001   3.977E-19
 0.002   6.842E-13
 0.003   7.060E-10
 0.004   5.550E-08
 0.005   1.228E-06
 0.006   1.298E-05
 0.007   8.499E-05
 0.008   3.995E-04
 0.009   1.475E-03
 0.010   4.537E-03
 0.011   1.210E-02
 0.012   2.880E-02
 0.013   6.248E-02
 0.014   1.256E-01
 0.015   2.365E-01
 0.016   4.219E-01
 0.018   1.173E+00
 0.020   2.825E+00
 0.025   1.636E+01
 0.030   6.217E+01
 0.040   4.316E+02
 0.050   1.702E+03
 0.060   4.829E+03
 0.070   1.109E+04
 0.080   2.198E+04
 0.090   3.918E+04
 0.100   6.445E+04
 0.110   9.957E+04
 0.120   1.464E+05
 0.130   2.066E+05
 0.140   2.819E+05
 0.150   3.740E+05
 0.160   4.845E+05
 0.180   7.664E+05
 0.200   1.138E+06
 0.250   2.516E+06
 0.300   4.600E+06
 0.350   7.415E+06
 0.400   1.093E+07
 0.450   1.507E+07
 0.500   1.974E+07
 0.600   3.024E+07
 0.700   4.163E+07
 0.800   5.324E+07
 0.900   6.459E+07
 1.000   7.538E+07
 1.250   9.895E+07
 1.500   1.172E+08
 1.750   1.308E+08
 2.000   1.404E+08
 2.500   1.513E+08
 3.000   1.549E+08
 3.500   1.542E+08
 4.000   1.511E+08
 5.000   1.414E+08
 6.000   1.302E+08
 7.000   1.193E+08
 8.000   1.093E+08
 9.000   1.002E+08
10.000   9.209E+07
