    1.0000E-03    1.2169E+01
    2.0000E-03    1.2356E+01
    3.0000E-03    1.2549E+01
    4.0000E-03    1.2749E+01
    5.0000E-03    1.2958E+01
    6.0000E-03    1.3175E+01
    7.0000E-03    1.3402E+01
    8.0000E-03    1.3638E+01
    9.0000E-03    1.3885E+01
    1.0000E-02    1.4142E+01
    1.1000E-02    1.4411E+01
    1.2000E-02    1.4691E+01
    1.3000E-02    1.4983E+01
    1.4000E-02    1.5286E+01
    1.5000E-02    1.5601E+01
    1.6000E-02    1.5926E+01
    1.7000E-02    1.6264E+01
    1.8000E-02    1.6611E+01
    1.9000E-02    1.6970E+01
    2.0000E-02    1.7338E+01
    2.1000E-02    1.7715E+01
    2.2000E-02    1.8101E+01
    2.3000E-02    1.8495E+01
    2.4000E-02    1.8895E+01
    2.5000E-02    1.9301E+01
    2.6000E-02    1.9712E+01
    2.7000E-02    2.0126E+01
    2.8000E-02    2.0542E+01
    2.9000E-02    2.0958E+01
    3.0000E-02    2.1373E+01
    3.1000E-02    2.1784E+01
    3.2000E-02    2.2191E+01
    3.3000E-02    2.2591E+01
    3.4000E-02    2.2981E+01
    3.5000E-02    2.3360E+01
    3.6000E-02    2.3726E+01
    3.7000E-02    2.4076E+01
    3.8000E-02    2.4408E+01
    3.9000E-02    2.4721E+01
    4.0000E-02    2.5011E+01
    4.1000E-02    2.5276E+01
    4.2000E-02    2.5516E+01
    4.3000E-02    2.5728E+01
    4.4000E-02    2.5910E+01
    4.5000E-02    2.6061E+01
    4.6000E-02    2.6180E+01
    4.7000E-02    2.6267E+01
    4.8000E-02    2.6319E+01
    4.9000E-02    2.6338E+01
    5.0000E-02    2.6323E+01
    5.1000E-02    2.6275E+01
    5.2000E-02    2.6193E+01
    5.3000E-02    2.6079E+01
    5.4000E-02    2.5933E+01
    5.5000E-02    2.5757E+01
    5.6000E-02    2.5553E+01
    5.7000E-02    2.5321E+01
    5.8000E-02    2.5064E+01
    5.9000E-02    2.4783E+01
    6.0000E-02    2.4481E+01
    6.1000E-02    2.4160E+01
    6.2000E-02    2.3821E+01
    6.3000E-02    2.3466E+01
    6.4000E-02    2.3098E+01
    6.5000E-02    2.2718E+01
    6.6000E-02    2.2329E+01
    6.7000E-02    2.1931E+01
    6.8000E-02    2.1528E+01
    6.9000E-02    2.1120E+01
    7.0000E-02    2.0709E+01
    7.1000E-02    2.0296E+01
    7.2000E-02    1.9883E+01
    7.3000E-02    1.9471E+01
    7.4000E-02    1.9061E+01
    7.5000E-02    1.8654E+01
    7.6000E-02    1.8250E+01
    7.7000E-02    1.7851E+01
    7.8000E-02    1.7457E+01
    7.9000E-02    1.7069E+01
    8.0000E-02    1.6687E+01
    8.1000E-02    1.6312E+01
    8.2000E-02    1.5944E+01
    8.3000E-02    1.5583E+01
    8.4000E-02    1.5229E+01
    8.5000E-02    1.4883E+01
    8.6000E-02    1.4545E+01
    8.7000E-02    1.4215E+01
    8.8000E-02    1.3893E+01
    8.9000E-02    1.3578E+01
    9.0000E-02    1.3272E+01
    9.1000E-02    1.2973E+01
    9.2000E-02    1.2682E+01
    9.3000E-02    1.2399E+01
    9.4000E-02    1.2123E+01
    9.5000E-02    1.1855E+01
    9.6000E-02    1.1594E+01
    9.7000E-02    1.1340E+01
    9.8000E-02    1.1093E+01
    9.9000E-02    1.0854E+01
    1.0000E-01    1.0620E+01
    1.0100E-01    1.0394E+01
    1.0200E-01    1.0174E+01
    1.0300E-01    9.9595E+00
    1.0400E-01    9.7515E+00
    1.0500E-01    9.5494E+00
    1.0600E-01    9.3530E+00
    1.0700E-01    9.1622E+00
    1.0800E-01    8.9767E+00
    1.0900E-01    8.7965E+00
    1.1000E-01    8.6213E+00
    1.1100E-01    8.4511E+00
    1.1200E-01    8.2856E+00
    1.1300E-01    8.1247E+00
    1.1400E-01    7.9684E+00
    1.1500E-01    7.8163E+00
    1.1600E-01    7.6685E+00
    1.1700E-01    7.5247E+00
    1.1800E-01    7.3848E+00
    1.1900E-01    7.2488E+00
    1.2000E-01    7.1165E+00
    1.2100E-01    6.9877E+00
    1.2200E-01    6.8624E+00
    1.2300E-01    6.7404E+00
    1.2400E-01    6.6217E+00
    1.2500E-01    6.5061E+00
    1.2600E-01    6.3936E+00
    1.2700E-01    6.2840E+00
    1.2800E-01    6.1773E+00
    1.2900E-01    6.0733E+00
    1.3000E-01    5.9719E+00
    1.3100E-01    5.8732E+00
    1.3200E-01    5.7770E+00
    1.3300E-01    5.6832E+00
    1.3400E-01    5.5917E+00
    1.3500E-01    5.5025E+00
    1.3600E-01    5.4156E+00
    1.3700E-01    5.3307E+00
    1.3800E-01    5.2480E+00
    1.3900E-01    5.1672E+00
    1.4000E-01    5.0884E+00
    1.4100E-01    5.0115E+00
    1.4200E-01    4.9364E+00
    1.4300E-01    4.8631E+00
    1.4400E-01    4.7915E+00
    1.4500E-01    4.7215E+00
    1.4600E-01    4.6532E+00
    1.4700E-01    4.5865E+00
    1.4800E-01    4.5213E+00
    1.4900E-01    4.4575E+00
    1.5000E-01    4.3952E+00
    1.5100E-01    4.3343E+00
    1.5200E-01    4.2748E+00
    1.5300E-01    4.2166E+00
    1.5400E-01    4.1596E+00
    1.5500E-01    4.1039E+00
    1.5600E-01    4.0494E+00
    1.5700E-01    3.9960E+00
    1.5800E-01    3.9438E+00
    1.5900E-01    3.8928E+00
    1.6000E-01    3.8427E+00
    1.6100E-01    3.7938E+00
    1.6200E-01    3.7458E+00
    1.6300E-01    3.6989E+00
    1.6400E-01    3.6529E+00
    1.6500E-01    3.6078E+00
    1.6600E-01    3.5637E+00
    1.6700E-01    3.5204E+00
    1.6800E-01    3.4780E+00
    1.6900E-01    3.4365E+00
    1.7000E-01    3.3958E+00
    1.7100E-01    3.3558E+00
    1.7200E-01    3.3167E+00
    1.7300E-01    3.2783E+00
    1.7400E-01    3.2406E+00
    1.7500E-01    3.2037E+00
    1.7600E-01    3.1675E+00
    1.7700E-01    3.1319E+00
    1.7800E-01    3.0970E+00
    1.7900E-01    3.0628E+00
    1.8000E-01    3.0292E+00
    1.8100E-01    2.9962E+00
    1.8200E-01    2.9638E+00
    1.8300E-01    2.9320E+00
    1.8400E-01    2.9008E+00
    1.8500E-01    2.8701E+00
    1.8600E-01    2.8400E+00
    1.8700E-01    2.8104E+00
    1.8800E-01    2.7813E+00
    1.8900E-01    2.7528E+00
    1.9000E-01    2.7247E+00
    1.9100E-01    2.6971E+00
    1.9200E-01    2.6700E+00
    1.9300E-01    2.6434E+00
    1.9400E-01    2.6172E+00
    1.9500E-01    2.5914E+00
    1.9600E-01    2.5661E+00
    1.9700E-01    2.5412E+00
    1.9800E-01    2.5167E+00
    1.9900E-01    2.4926E+00
    2.0000E-01    2.4690E+00
    2.0100E-01    2.4457E+00
    2.0200E-01    2.4227E+00
    2.0300E-01    2.4002E+00
    2.0400E-01    2.3780E+00
    2.0500E-01    2.3561E+00
    2.0600E-01    2.3346E+00
    2.0700E-01    2.3135E+00
    2.0800E-01    2.2926E+00
    2.0900E-01    2.2721E+00
    2.1000E-01    2.2519E+00
    2.1100E-01    2.2320E+00
    2.1200E-01    2.2125E+00
    2.1300E-01    2.1932E+00
    2.1400E-01    2.1742E+00
    2.1500E-01    2.1555E+00
    2.1600E-01    2.1371E+00
    2.1700E-01    2.1189E+00
    2.1800E-01    2.1010E+00
    2.1900E-01    2.0834E+00
    2.2000E-01    2.0660E+00
    2.2100E-01    2.0489E+00
    2.2200E-01    2.0320E+00
    2.2300E-01    2.0154E+00
    2.2400E-01    1.9990E+00
    2.2500E-01    1.9829E+00
    2.2600E-01    1.9669E+00
    2.2700E-01    1.9512E+00
    2.2800E-01    1.9358E+00
    2.2900E-01    1.9205E+00
    2.3000E-01    1.9054E+00
    2.3100E-01    1.8906E+00
    2.3200E-01    1.8759E+00
    2.3300E-01    1.8615E+00
    2.3400E-01    1.8472E+00
    2.3500E-01    1.8332E+00
    2.3600E-01    1.8193E+00
    2.3700E-01    1.8056E+00
    2.3800E-01    1.7921E+00
    2.3900E-01    1.7788E+00
    2.4000E-01    1.7656E+00
    2.4100E-01    1.7527E+00
    2.4200E-01    1.7398E+00
    2.4300E-01    1.7272E+00
    2.4400E-01    1.7147E+00
    2.4500E-01    1.7024E+00
    2.4600E-01    1.6902E+00
    2.4700E-01    1.6782E+00
    2.4800E-01    1.6664E+00
    2.4900E-01    1.6547E+00
    2.5000E-01    1.6431E+00
    2.5100E-01    1.6317E+00
    2.5200E-01    1.6204E+00
    2.5300E-01    1.6092E+00
    2.5400E-01    1.5982E+00
    2.5500E-01    1.5874E+00
    2.5600E-01    1.5766E+00
    2.5700E-01    1.5660E+00
    2.5800E-01    1.5555E+00
    2.5900E-01    1.5452E+00
    2.6000E-01    1.5350E+00
    2.6100E-01    1.5249E+00
    2.6200E-01    1.5149E+00
    2.6300E-01    1.5050E+00
    2.6400E-01    1.4952E+00
    2.6500E-01    1.4856E+00
    2.6600E-01    1.4760E+00
    2.6700E-01    1.4666E+00
    2.6800E-01    1.4573E+00
    2.6900E-01    1.4481E+00
    2.7000E-01    1.4390E+00
    2.7100E-01    1.4300E+00
    2.7200E-01    1.4211E+00
    2.7300E-01    1.4123E+00
    2.7400E-01    1.4036E+00
    2.7500E-01    1.3950E+00
    2.7600E-01    1.3865E+00
    2.7700E-01    1.3781E+00
    2.7800E-01    1.3697E+00
    2.7900E-01    1.3615E+00
    2.8000E-01    1.3534E+00
    2.8100E-01    1.3453E+00
    2.8200E-01    1.3374E+00
    2.8300E-01    1.3295E+00
    2.8400E-01    1.3217E+00
    2.8500E-01    1.3140E+00
    2.8600E-01    1.3063E+00
    2.8700E-01    1.2988E+00
    2.8800E-01    1.2913E+00
    2.8900E-01    1.2839E+00
    2.9000E-01    1.2766E+00
    2.9100E-01    1.2693E+00
    2.9200E-01    1.2622E+00
    2.9300E-01    1.2551E+00
    2.9400E-01    1.2481E+00
    2.9500E-01    1.2411E+00
    2.9600E-01    1.2342E+00
    2.9700E-01    1.2274E+00
    2.9800E-01    1.2207E+00
    2.9900E-01    1.2140E+00
    3.0000E-01    1.2074E+00
    3.0100E-01    1.2009E+00
    3.0200E-01    1.1944E+00
    3.0300E-01    1.1880E+00
    3.0400E-01    1.1816E+00
    3.0500E-01    1.1753E+00
    3.0600E-01    1.1691E+00
    3.0700E-01    1.1630E+00
    3.0800E-01    1.1569E+00
    3.0900E-01    1.1508E+00
    3.1000E-01    1.1448E+00
    3.1100E-01    1.1389E+00
    3.1200E-01    1.1330E+00
    3.1300E-01    1.1272E+00
    3.1400E-01    1.1214E+00
    3.1500E-01    1.1157E+00
    3.1600E-01    1.1101E+00
    3.1700E-01    1.1045E+00
    3.1800E-01    1.0989E+00
    3.1900E-01    1.0934E+00
    3.2000E-01    1.0880E+00
    3.2100E-01    1.0826E+00
    3.2200E-01    1.0772E+00
    3.2300E-01    1.0719E+00
    3.2400E-01    1.0667E+00
    3.2500E-01    1.0615E+00
    3.2600E-01    1.0563E+00
    3.2700E-01    1.0512E+00
    3.2800E-01    1.0461E+00
    3.2900E-01    1.0411E+00
    3.3000E-01    1.0361E+00
    3.3100E-01    1.0312E+00
    3.3200E-01    1.0263E+00
    3.3300E-01    1.0215E+00
    3.3400E-01    1.0167E+00
    3.3500E-01    1.0119E+00
    3.3600E-01    1.0072E+00
    3.3700E-01    1.0025E+00
    3.3800E-01    9.9788E-01
    3.3900E-01    9.9328E-01
    3.4000E-01    9.8872E-01
    3.4100E-01    9.8420E-01
    3.4200E-01    9.7972E-01
    3.4300E-01    9.7528E-01
    3.4400E-01    9.7087E-01
    3.4500E-01    9.6650E-01
    3.4600E-01    9.6217E-01
    3.4700E-01    9.5788E-01
    3.4800E-01    9.5362E-01
    3.4900E-01    9.4939E-01
    3.5000E-01    9.4520E-01
    3.5100E-01    9.4105E-01
    3.5200E-01    9.3693E-01
    3.5300E-01    9.3284E-01
    3.5400E-01    9.2879E-01
    3.5500E-01    9.2477E-01
    3.5600E-01    9.2078E-01
    3.5700E-01    9.1682E-01
    3.5800E-01    9.1290E-01
    3.5900E-01    9.0901E-01
    3.6000E-01    9.0515E-01
    3.6100E-01    9.0131E-01
    3.6200E-01    8.9751E-01
    3.6300E-01    8.9374E-01
    3.6400E-01    8.9000E-01
    3.6500E-01    8.8629E-01
    3.6600E-01    8.8261E-01
    3.6700E-01    8.7896E-01
    3.6800E-01    8.7533E-01
    3.6900E-01    8.7174E-01
    3.7000E-01    8.6817E-01
    3.7100E-01    8.6463E-01
    3.7200E-01    8.6111E-01
    3.7300E-01    8.5762E-01
    3.7400E-01    8.5416E-01
    3.7500E-01    8.5073E-01
    3.7600E-01    8.4732E-01
    3.7700E-01    8.4394E-01
    3.7800E-01    8.4058E-01
    3.7900E-01    8.3725E-01
    3.8000E-01    8.3394E-01
    3.8100E-01    8.3066E-01
    3.8200E-01    8.2740E-01
    3.8300E-01    8.2417E-01
    3.8400E-01    8.2096E-01
    3.8500E-01    8.1777E-01
    3.8600E-01    8.1461E-01
    3.8700E-01    8.1147E-01
    3.8800E-01    8.0835E-01
    3.8900E-01    8.0526E-01
    3.9000E-01    8.0218E-01
    3.9100E-01    7.9914E-01
    3.9200E-01    7.9611E-01
    3.9300E-01    7.9310E-01
    3.9400E-01    7.9012E-01
    3.9500E-01    7.8715E-01
    3.9600E-01    7.8421E-01
    3.9700E-01    7.8129E-01
    3.9800E-01    7.7839E-01
    3.9900E-01    7.7551E-01
    4.0000E-01    7.7265E-01
    4.0100E-01    7.6981E-01
    4.0200E-01    7.6699E-01
    4.0300E-01    7.6419E-01
    4.0400E-01    7.6141E-01
    4.0500E-01    7.5865E-01
    4.0600E-01    7.5590E-01
    4.0700E-01    7.5318E-01
    4.0800E-01    7.5048E-01
    4.0900E-01    7.4779E-01
    4.1000E-01    7.4512E-01
    4.1100E-01    7.4247E-01
    4.1200E-01    7.3984E-01
    4.1300E-01    7.3722E-01
    4.1400E-01    7.3463E-01
    4.1500E-01    7.3205E-01
    4.1600E-01    7.2949E-01
    4.1700E-01    7.2694E-01
    4.1800E-01    7.2441E-01
    4.1900E-01    7.2190E-01
    4.2000E-01    7.1941E-01
    4.2100E-01    7.1693E-01
    4.2200E-01    7.1447E-01
    4.2300E-01    7.1202E-01
    4.2400E-01    7.0959E-01
    4.2500E-01    7.0718E-01
    4.2600E-01    7.0478E-01
    4.2700E-01    7.0240E-01
    4.2800E-01    7.0003E-01
    4.2900E-01    6.9768E-01
    4.3000E-01    6.9534E-01
    4.3100E-01    6.9302E-01
    4.3200E-01    6.9071E-01
    4.3300E-01    6.8842E-01
    4.3400E-01    6.8614E-01
    4.3500E-01    6.8388E-01
    4.3600E-01    6.8163E-01
    4.3700E-01    6.7940E-01
    4.3800E-01    6.7718E-01
    4.3900E-01    6.7497E-01
    4.4000E-01    6.7278E-01
    4.4100E-01    6.7060E-01
    4.4200E-01    6.6843E-01
    4.4300E-01    6.6628E-01
    4.4400E-01    6.6414E-01
    4.4500E-01    6.6201E-01
    4.4600E-01    6.5990E-01
    4.4700E-01    6.5780E-01
    4.4800E-01    6.5572E-01
    4.4900E-01    6.5364E-01
    4.5000E-01    6.5158E-01
    4.5100E-01    6.4953E-01
    4.5200E-01    6.4750E-01
    4.5300E-01    6.4547E-01
    4.5400E-01    6.4346E-01
    4.5500E-01    6.4146E-01
    4.5600E-01    6.3947E-01
    4.5700E-01    6.3750E-01
    4.5800E-01    6.3553E-01
    4.5900E-01    6.3358E-01
    4.6000E-01    6.3164E-01
    4.6100E-01    6.2971E-01
    4.6200E-01    6.2779E-01
    4.6300E-01    6.2588E-01
    4.6400E-01    6.2399E-01
    4.6500E-01    6.2210E-01
    4.6600E-01    6.2023E-01
    4.6700E-01    6.1837E-01
    4.6800E-01    6.1651E-01
    4.6900E-01    6.1467E-01
    4.7000E-01    6.1284E-01
    4.7100E-01    6.1102E-01
    4.7200E-01    6.0921E-01
    4.7300E-01    6.0741E-01
    4.7400E-01    6.0562E-01
    4.7500E-01    6.0385E-01
    4.7600E-01    6.0208E-01
    4.7700E-01    6.0032E-01
    4.7800E-01    5.9857E-01
    4.7900E-01    5.9683E-01
    4.8000E-01    5.9510E-01
    4.8100E-01    5.9338E-01
    4.8200E-01    5.9167E-01
    4.8300E-01    5.8997E-01
    4.8400E-01    5.8828E-01
    4.8500E-01    5.8660E-01
    4.8600E-01    5.8493E-01
    4.8700E-01    5.8327E-01
    4.8800E-01    5.8161E-01
    4.8900E-01    5.7997E-01
    4.9000E-01    5.7833E-01
    4.9100E-01    5.7671E-01
    4.9200E-01    5.7509E-01
    4.9300E-01    5.7348E-01
    4.9400E-01    5.7188E-01
    4.9500E-01    5.7029E-01
    4.9600E-01    5.6871E-01
    4.9700E-01    5.6713E-01
    4.9800E-01    5.6557E-01
    4.9900E-01    5.6401E-01
    5.0000E-01    5.6246E-01
    5.0100E-01    5.6092E-01
    5.0200E-01    5.5939E-01
    5.0300E-01    5.5786E-01
    5.0400E-01    5.5635E-01
    5.0500E-01    5.5484E-01
    5.0600E-01    5.5334E-01
    5.0700E-01    5.5185E-01
    5.0800E-01    5.5036E-01
    5.0900E-01    5.4889E-01
    5.1000E-01    5.4742E-01
    5.1100E-01    5.4596E-01
    5.1200E-01    5.4450E-01
    5.1300E-01    5.4306E-01
    5.1400E-01    5.4162E-01
    5.1500E-01    5.4019E-01
    5.1600E-01    5.3876E-01
    5.1700E-01    5.3735E-01
    5.1800E-01    5.3594E-01
    5.1900E-01    5.3454E-01
    5.2000E-01    5.3314E-01
    5.2100E-01    5.3175E-01
    5.2200E-01    5.3037E-01
    5.2300E-01    5.2900E-01
    5.2400E-01    5.2763E-01
    5.2500E-01    5.2627E-01
    5.2600E-01    5.2492E-01
    5.2700E-01    5.2357E-01
    5.2800E-01    5.2223E-01
    5.2900E-01    5.2090E-01
    5.3000E-01    5.1958E-01
    5.3100E-01    5.1826E-01
    5.3200E-01    5.1694E-01
    5.3300E-01    5.1564E-01
    5.3400E-01    5.1434E-01
    5.3500E-01    5.1304E-01
    5.3600E-01    5.1176E-01
    5.3700E-01    5.1048E-01
    5.3800E-01    5.0920E-01
    5.3900E-01    5.0793E-01
    5.4000E-01    5.0667E-01
    5.4100E-01    5.0541E-01
    5.4200E-01    5.0416E-01
    5.4300E-01    5.0292E-01
    5.4400E-01    5.0168E-01
    5.4500E-01    5.0045E-01
    5.4600E-01    4.9923E-01
    5.4700E-01    4.9801E-01
    5.4800E-01    4.9679E-01
    5.4900E-01    4.9558E-01
    5.5000E-01    4.9438E-01
    5.5100E-01    4.9318E-01
    5.5200E-01    4.9199E-01
    5.5300E-01    4.9081E-01
    5.5400E-01    4.8963E-01
    5.5500E-01    4.8845E-01
    5.5600E-01    4.8728E-01
    5.5700E-01    4.8612E-01
    5.5800E-01    4.8496E-01
    5.5900E-01    4.8381E-01
    5.6000E-01    4.8266E-01
    5.6100E-01    4.8152E-01
    5.6200E-01    4.8039E-01
    5.6300E-01    4.7926E-01
    5.6400E-01    4.7813E-01
    5.6500E-01    4.7701E-01
    5.6600E-01    4.7589E-01
    5.6700E-01    4.7478E-01
    5.6800E-01    4.7368E-01
    5.6900E-01    4.7258E-01
    5.7000E-01    4.7148E-01
    5.7100E-01    4.7039E-01
    5.7200E-01    4.6931E-01
    5.7300E-01    4.6823E-01
    5.7400E-01    4.6715E-01
    5.7500E-01    4.6608E-01
    5.7600E-01    4.6502E-01
    5.7700E-01    4.6396E-01
    5.7800E-01    4.6290E-01
    5.7900E-01    4.6185E-01
    5.8000E-01    4.6080E-01
    5.8100E-01    4.5976E-01
    5.8200E-01    4.5872E-01
    5.8300E-01    4.5769E-01
    5.8400E-01    4.5666E-01
    5.8500E-01    4.5564E-01
    5.8600E-01    4.5462E-01
    5.8700E-01    4.5361E-01
    5.8800E-01    4.5260E-01
    5.8900E-01    4.5159E-01
    5.9000E-01    4.5059E-01
    5.9100E-01    4.4959E-01
    5.9200E-01    4.4860E-01
    5.9300E-01    4.4761E-01
    5.9400E-01    4.4663E-01
    5.9500E-01    4.4565E-01
    5.9600E-01    4.4467E-01
    5.9700E-01    4.4370E-01
    5.9800E-01    4.4274E-01
    5.9900E-01    4.4177E-01
    6.0000E-01    4.4081E-01
    6.0100E-01    4.3986E-01
    6.0200E-01    4.3891E-01
    6.0300E-01    4.3796E-01
    6.0400E-01    4.3702E-01
    6.0500E-01    4.3608E-01
    6.0600E-01    4.3515E-01
    6.0700E-01    4.3422E-01
    6.0800E-01    4.3329E-01
    6.0900E-01    4.3237E-01
    6.1000E-01    4.3145E-01
    6.1100E-01    4.3054E-01
    6.1200E-01    4.2963E-01
    6.1300E-01    4.2872E-01
    6.1400E-01    4.2782E-01
    6.1500E-01    4.2692E-01
    6.1600E-01    4.2602E-01
    6.1700E-01    4.2513E-01
    6.1800E-01    4.2424E-01
    6.1900E-01    4.2336E-01
    6.2000E-01    4.2248E-01
    6.2100E-01    4.2160E-01
    6.2200E-01    4.2072E-01
    6.2300E-01    4.1985E-01
    6.2400E-01    4.1899E-01
    6.2500E-01    4.1813E-01
    6.2600E-01    4.1727E-01
    6.2700E-01    4.1641E-01
    6.2800E-01    4.1556E-01
    6.2900E-01    4.1471E-01
    6.3000E-01    4.1386E-01
    6.3100E-01    4.1302E-01
    6.3200E-01    4.1218E-01
    6.3300E-01    4.1135E-01
    6.3400E-01    4.1051E-01
    6.3500E-01    4.0969E-01
    6.3600E-01    4.0886E-01
    6.3700E-01    4.0804E-01
    6.3800E-01    4.0722E-01
    6.3900E-01    4.0640E-01
    6.4000E-01    4.0559E-01
    6.4100E-01    4.0478E-01
    6.4200E-01    4.0398E-01
    6.4300E-01    4.0318E-01
    6.4400E-01    4.0238E-01
    6.4500E-01    4.0158E-01
    6.4600E-01    4.0079E-01
    6.4700E-01    4.0000E-01
    6.4800E-01    3.9921E-01
    6.4900E-01    3.9843E-01
    6.5000E-01    3.9765E-01
    6.5100E-01    3.9687E-01
    6.5200E-01    3.9609E-01
    6.5300E-01    3.9532E-01
    6.5400E-01    3.9455E-01
    6.5500E-01    3.9379E-01
    6.5600E-01    3.9302E-01
    6.5700E-01    3.9226E-01
    6.5800E-01    3.9151E-01
    6.5900E-01    3.9075E-01
    6.6000E-01    3.9000E-01
    6.6100E-01    3.8925E-01
    6.6200E-01    3.8851E-01
    6.6300E-01    3.8777E-01
    6.6400E-01    3.8703E-01
    6.6500E-01    3.8629E-01
    6.6600E-01    3.8556E-01
    6.6700E-01    3.8483E-01
    6.6800E-01    3.8410E-01
    6.6900E-01    3.8337E-01
    6.7000E-01    3.8265E-01
    6.7100E-01    3.8193E-01
    6.7200E-01    3.8121E-01
    6.7300E-01    3.8050E-01
    6.7400E-01    3.7978E-01
    6.7500E-01    3.7907E-01
    6.7600E-01    3.7837E-01
    6.7700E-01    3.7766E-01
    6.7800E-01    3.7696E-01
    6.7900E-01    3.7626E-01
    6.8000E-01    3.7557E-01
    6.8100E-01    3.7487E-01
    6.8200E-01    3.7418E-01
    6.8300E-01    3.7349E-01
    6.8400E-01    3.7281E-01
    6.8500E-01    3.7212E-01
    6.8600E-01    3.7144E-01
    6.8700E-01    3.7076E-01
    6.8800E-01    3.7009E-01
    6.8900E-01    3.6941E-01
    6.9000E-01    3.6874E-01
    6.9100E-01    3.6807E-01
    6.9200E-01    3.6740E-01
    6.9300E-01    3.6674E-01
    6.9400E-01    3.6608E-01
    6.9500E-01    3.6542E-01
    6.9600E-01    3.6476E-01
    6.9700E-01    3.6411E-01
    6.9800E-01    3.6346E-01
    6.9900E-01    3.6281E-01
    7.0000E-01    3.6216E-01
    7.0100E-01    3.6151E-01
    7.0200E-01    3.6087E-01
    7.0300E-01    3.6023E-01
    7.0400E-01    3.5959E-01
    7.0500E-01    3.5896E-01
    7.0600E-01    3.5832E-01
    7.0700E-01    3.5769E-01
    7.0800E-01    3.5706E-01
    7.0900E-01    3.5643E-01
    7.1000E-01    3.5581E-01
    7.1100E-01    3.5519E-01
    7.1200E-01    3.5457E-01
    7.1300E-01    3.5395E-01
    7.1400E-01    3.5333E-01
    7.1500E-01    3.5272E-01
    7.1600E-01    3.5210E-01
    7.1700E-01    3.5150E-01
    7.1800E-01    3.5089E-01
    7.1900E-01    3.5028E-01
    7.2000E-01    3.4968E-01
    7.2100E-01    3.4908E-01
    7.2200E-01    3.4848E-01
    7.2300E-01    3.4788E-01
    7.2400E-01    3.4728E-01
    7.2500E-01    3.4669E-01
    7.2600E-01    3.4610E-01
    7.2700E-01    3.4551E-01
    7.2800E-01    3.4492E-01
    7.2900E-01    3.4434E-01
    7.3000E-01    3.4376E-01
    7.3100E-01    3.4318E-01
    7.3200E-01    3.4260E-01
    7.3300E-01    3.4202E-01
    7.3400E-01    3.4144E-01
    7.3500E-01    3.4087E-01
    7.3600E-01    3.4030E-01
    7.3700E-01    3.3973E-01
    7.3800E-01    3.3916E-01
    7.3900E-01    3.3860E-01
    7.4000E-01    3.3803E-01
    7.4100E-01    3.3747E-01
    7.4200E-01    3.3691E-01
    7.4300E-01    3.3635E-01
    7.4400E-01    3.3580E-01
    7.4500E-01    3.3524E-01
    7.4600E-01    3.3469E-01
    7.4700E-01    3.3414E-01
    7.4800E-01    3.3359E-01
    7.4900E-01    3.3304E-01
    7.5000E-01    3.3250E-01
    7.5100E-01    3.3195E-01
    7.5200E-01    3.3141E-01
    7.5300E-01    3.3087E-01
    7.5400E-01    3.3033E-01
    7.5500E-01    3.2980E-01
    7.5600E-01    3.2926E-01
    7.5700E-01    3.2873E-01
    7.5800E-01    3.2820E-01
    7.5900E-01    3.2767E-01
    7.6000E-01    3.2714E-01
    7.6100E-01    3.2662E-01
    7.6200E-01    3.2609E-01
    7.6300E-01    3.2557E-01
    7.6400E-01    3.2505E-01
    7.6500E-01    3.2453E-01
    7.6600E-01    3.2401E-01
    7.6700E-01    3.2349E-01
    7.6800E-01    3.2298E-01
    7.6900E-01    3.2247E-01
    7.7000E-01    3.2196E-01
    7.7100E-01    3.2145E-01
    7.7200E-01    3.2094E-01
    7.7300E-01    3.2043E-01
    7.7400E-01    3.1993E-01
    7.7500E-01    3.1943E-01
    7.7600E-01    3.1892E-01
    7.7700E-01    3.1842E-01
    7.7800E-01    3.1793E-01
    7.7900E-01    3.1743E-01
    7.8000E-01    3.1693E-01
    7.8100E-01    3.1644E-01
    7.8200E-01    3.1595E-01
    7.8300E-01    3.1546E-01
    7.8400E-01    3.1497E-01
    7.8500E-01    3.1448E-01
    7.8600E-01    3.1400E-01
    7.8700E-01    3.1351E-01
    7.8800E-01    3.1303E-01
    7.8900E-01    3.1255E-01
    7.9000E-01    3.1207E-01
    7.9100E-01    3.1159E-01
    7.9200E-01    3.1111E-01
    7.9300E-01    3.1064E-01
    7.9400E-01    3.1016E-01
    7.9500E-01    3.0969E-01
    7.9600E-01    3.0922E-01
    7.9700E-01    3.0875E-01
    7.9800E-01    3.0828E-01
    7.9900E-01    3.0782E-01
    8.0000E-01    3.0735E-01
    8.0100E-01    3.0689E-01
    8.0200E-01    3.0642E-01
    8.0300E-01    3.0596E-01
    8.0400E-01    3.0550E-01
    8.0500E-01    3.0504E-01
    8.0600E-01    3.0459E-01
    8.0700E-01    3.0413E-01
    8.0800E-01    3.0368E-01
    8.0900E-01    3.0323E-01
    8.1000E-01    3.0277E-01
    8.1100E-01    3.0232E-01
    8.1200E-01    3.0188E-01
    8.1300E-01    3.0143E-01
    8.1400E-01    3.0098E-01
    8.1500E-01    3.0054E-01
    8.1600E-01    3.0009E-01
    8.1700E-01    2.9965E-01
    8.1800E-01    2.9921E-01
    8.1900E-01    2.9877E-01
    8.2000E-01    2.9833E-01
    8.2100E-01    2.9790E-01
    8.2200E-01    2.9746E-01
    8.2300E-01    2.9703E-01
    8.2400E-01    2.9659E-01
    8.2500E-01    2.9616E-01
    8.2600E-01    2.9573E-01
    8.2700E-01    2.9530E-01
    8.2800E-01    2.9488E-01
    8.2900E-01    2.9445E-01
    8.3000E-01    2.9402E-01
    8.3100E-01    2.9360E-01
    8.3200E-01    2.9318E-01
    8.3300E-01    2.9275E-01
    8.3400E-01    2.9233E-01
    8.3500E-01    2.9191E-01
    8.3600E-01    2.9150E-01
    8.3700E-01    2.9108E-01
    8.3800E-01    2.9066E-01
    8.3900E-01    2.9025E-01
    8.4000E-01    2.8984E-01
    8.4100E-01    2.8942E-01
    8.4200E-01    2.8901E-01
    8.4300E-01    2.8860E-01
    8.4400E-01    2.8820E-01
    8.4500E-01    2.8779E-01
    8.4600E-01    2.8738E-01
    8.4700E-01    2.8698E-01
    8.4800E-01    2.8657E-01
    8.4900E-01    2.8617E-01
    8.5000E-01    2.8577E-01
    8.5100E-01    2.8537E-01
    8.5200E-01    2.8497E-01
    8.5300E-01    2.8457E-01
    8.5400E-01    2.8417E-01
    8.5500E-01    2.8378E-01
    8.5600E-01    2.8338E-01
    8.5700E-01    2.8299E-01
    8.5800E-01    2.8260E-01
    8.5900E-01    2.8221E-01
    8.6000E-01    2.8182E-01
    8.6100E-01    2.8143E-01
    8.6200E-01    2.8104E-01
    8.6300E-01    2.8065E-01
    8.6400E-01    2.8027E-01
    8.6500E-01    2.7988E-01
    8.6600E-01    2.7950E-01
    8.6700E-01    2.7911E-01
    8.6800E-01    2.7873E-01
    8.6900E-01    2.7835E-01
    8.7000E-01    2.7797E-01
    8.7100E-01    2.7759E-01
    8.7200E-01    2.7722E-01
    8.7300E-01    2.7684E-01
    8.7400E-01    2.7646E-01
    8.7500E-01    2.7609E-01
    8.7600E-01    2.7572E-01
    8.7700E-01    2.7534E-01
    8.7800E-01    2.7497E-01
    8.7900E-01    2.7460E-01
    8.8000E-01    2.7423E-01
    8.8100E-01    2.7386E-01
    8.8200E-01    2.7350E-01
    8.8300E-01    2.7313E-01
    8.8400E-01    2.7276E-01
    8.8500E-01    2.7240E-01
    8.8600E-01    2.7204E-01
    8.8700E-01    2.7167E-01
    8.8800E-01    2.7131E-01
    8.8900E-01    2.7095E-01
    8.9000E-01    2.7059E-01
    8.9100E-01    2.7024E-01
    8.9200E-01    2.6988E-01
    8.9300E-01    2.6952E-01
    8.9400E-01    2.6917E-01
    8.9500E-01    2.6881E-01
    8.9600E-01    2.6846E-01
    8.9700E-01    2.6810E-01
    8.9800E-01    2.6775E-01
    8.9900E-01    2.6740E-01
    9.0000E-01    2.6705E-01
    9.0100E-01    2.6670E-01
    9.0200E-01    2.6635E-01
    9.0300E-01    2.6601E-01
    9.0400E-01    2.6566E-01
    9.0500E-01    2.6532E-01
    9.0600E-01    2.6497E-01
    9.0700E-01    2.6463E-01
    9.0800E-01    2.6428E-01
    9.0900E-01    2.6394E-01
    9.1000E-01    2.6360E-01
    9.1100E-01    2.6326E-01
    9.1200E-01    2.6292E-01
    9.1300E-01    2.6259E-01
    9.1400E-01    2.6225E-01
    9.1500E-01    2.6191E-01
    9.1600E-01    2.6158E-01
    9.1700E-01    2.6124E-01
    9.1800E-01    2.6091E-01
    9.1900E-01    2.6057E-01
    9.2000E-01    2.6024E-01
    9.2100E-01    2.5991E-01
    9.2200E-01    2.5958E-01
    9.2300E-01    2.5925E-01
    9.2400E-01    2.5892E-01
    9.2500E-01    2.5859E-01
    9.2600E-01    2.5827E-01
    9.2700E-01    2.5794E-01
    9.2800E-01    2.5762E-01
    9.2900E-01    2.5729E-01
    9.3000E-01    2.5697E-01
    9.3100E-01    2.5665E-01
    9.3200E-01    2.5632E-01
    9.3300E-01    2.5600E-01
    9.3400E-01    2.5568E-01
    9.3500E-01    2.5536E-01
    9.3600E-01    2.5504E-01
    9.3700E-01    2.5473E-01
    9.3800E-01    2.5441E-01
    9.3900E-01    2.5409E-01
    9.4000E-01    2.5378E-01
    9.4100E-01    2.5346E-01
    9.4200E-01    2.5315E-01
    9.4300E-01    2.5284E-01
    9.4400E-01    2.5252E-01
    9.4500E-01    2.5221E-01
    9.4600E-01    2.5190E-01
    9.4700E-01    2.5159E-01
    9.4800E-01    2.5128E-01
    9.4900E-01    2.5097E-01
    9.5000E-01    2.5067E-01
    9.5100E-01    2.5036E-01
    9.5200E-01    2.5005E-01
    9.5300E-01    2.4975E-01
    9.5400E-01    2.4944E-01
    9.5500E-01    2.4914E-01
    9.5600E-01    2.4884E-01
    9.5700E-01    2.4853E-01
    9.5800E-01    2.4823E-01
    9.5900E-01    2.4793E-01
    9.6000E-01    2.4763E-01
    9.6100E-01    2.4733E-01
    9.6200E-01    2.4703E-01
    9.6300E-01    2.4673E-01
    9.6400E-01    2.4644E-01
    9.6500E-01    2.4614E-01
    9.6600E-01    2.4584E-01
    9.6700E-01    2.4555E-01
    9.6800E-01    2.4526E-01
    9.6900E-01    2.4496E-01
    9.7000E-01    2.4467E-01
    9.7100E-01    2.4438E-01
    9.7200E-01    2.4409E-01
    9.7300E-01    2.4379E-01
    9.7400E-01    2.4350E-01
    9.7500E-01    2.4322E-01
    9.7600E-01    2.4293E-01
    9.7700E-01    2.4264E-01
    9.7800E-01    2.4235E-01
    9.7900E-01    2.4206E-01
    9.8000E-01    2.4178E-01
    9.8100E-01    2.4149E-01
    9.8200E-01    2.4121E-01
    9.8300E-01    2.4093E-01
    9.8400E-01    2.4064E-01
    9.8500E-01    2.4036E-01
    9.8600E-01    2.4008E-01
    9.8700E-01    2.3980E-01
    9.8800E-01    2.3952E-01
    9.8900E-01    2.3924E-01
    9.9000E-01    2.3896E-01
    9.9100E-01    2.3868E-01
    9.9200E-01    2.3840E-01
    9.9300E-01    2.3812E-01
    9.9400E-01    2.3785E-01
    9.9500E-01    2.3757E-01
    9.9600E-01    2.3730E-01
    9.9700E-01    2.3702E-01
    9.9800E-01    2.3675E-01
    9.9900E-01    2.3647E-01
    1.0000E+00    2.3620E-01
